[2024-09-04T18:19:10+08:00][sql] CONNECT:[ UseTime:0.000790s ] mysql:host=127.0.0.1;port=3306;dbname=ymyz_cn;charset=utf8
[2024-09-04T18:19:10+08:00][sql] SHOW FULL COLUMNS FROM `my_config` [ RunTime:0.003111s ]
[2024-09-04T18:19:10+08:00][sql] SELECT * FROM `my_config` WHERE  `type` = 'system' LIMIT 1 [ RunTime:0.000581s ]
[2024-09-04T18:19:10+08:00][sql] SELECT * FROM `my_config` WHERE  `type` = 'system' LIMIT 1 [ RunTime:0.000406s ]
[2024-09-04T18:19:10+08:00][sql] SELECT * FROM `my_config` WHERE  `type` = 'system' LIMIT 1 [ RunTime:0.000245s ]
[2024-09-04T18:19:10+08:00][sql] SELECT * FROM `my_config` WHERE  `type` = 'system' LIMIT 1 [ RunTime:0.000251s ]
[2024-09-04T18:19:10+08:00][sql] SELECT * FROM `my_config` WHERE  `type` = 'system' LIMIT 1 [ RunTime:0.000247s ]
[2024-09-04T18:19:10+08:00][sql] SELECT * FROM `my_config` WHERE  `type` = 'system' LIMIT 1 [ RunTime:0.000218s ]
[2024-09-04T18:19:36+08:00][sql] CONNECT:[ UseTime:0.001128s ] mysql:host=127.0.0.1;port=3306;dbname=ymyz_cn;charset=utf8
[2024-09-04T18:19:36+08:00][sql] SHOW FULL COLUMNS FROM `my_admin` [ RunTime:0.001382s ]
[2024-09-04T18:19:36+08:00][sql] SELECT * FROM `my_admin` WHERE  `username` = 'admin' LIMIT 1 [ RunTime:0.000384s ]
[2024-09-04T18:19:36+08:00][sql] UPDATE `my_admin`  SET `login_ip` = '127.0.0.1' , `login_time` = 1725445176 , `login_num` = 66 , `update_time` = 1725445176  WHERE  `id` = 1 [ RunTime:0.000401s ]
[2024-09-04T18:19:38+08:00][sql] CONNECT:[ UseTime:0.001122s ] mysql:host=127.0.0.1;port=3306;dbname=ymyz_cn;charset=utf8
[2024-09-04T18:19:38+08:00][sql] SHOW FULL COLUMNS FROM `my_auth_rule` [ RunTime:0.001182s ]
[2024-09-04T18:19:38+08:00][sql] SELECT * FROM `my_auth_rule` WHERE  `isnav` = 1  AND `status` = 1 ORDER BY `weight`,`id` [ RunTime:0.000372s ]
[2024-09-04T18:19:38+08:00][error] [8]Trying to access array offset on value of type null
[2024-09-04T18:19:47+08:00][sql] CONNECT:[ UseTime:0.025143s ] mysql:host=127.0.0.1;port=3306;dbname=ymyz_cn;charset=utf8
[2024-09-04T18:19:47+08:00][sql] SHOW FULL COLUMNS FROM `my_auth_rule` [ RunTime:0.001542s ]
[2024-09-04T18:19:47+08:00][sql] SELECT * FROM `my_auth_rule` WHERE  `isnav` = 1  AND `status` = 1 ORDER BY `weight`,`id` [ RunTime:0.000440s ]
[2024-09-04T18:19:47+08:00][error] [8]Trying to access array offset on value of type null
[2024-09-04T18:20:21+08:00][sql] CONNECT:[ UseTime:0.014897s ] mysql:host=127.0.0.1;port=3306;dbname=ymyz_cn;charset=utf8
[2024-09-04T18:20:21+08:00][sql] SHOW FULL COLUMNS FROM `my_auth_rule` [ RunTime:0.001224s ]
[2024-09-04T18:20:21+08:00][sql] SELECT * FROM `my_auth_rule` WHERE  `isnav` = 1  AND `status` = 1 ORDER BY `weight`,`id` [ RunTime:0.000386s ]
[2024-09-04T18:20:21+08:00][error] [8]Trying to access array offset on value of type null
[2024-09-04T18:22:14+08:00][sql] CONNECT:[ UseTime:0.000796s ] mysql:host=127.0.0.1;port=3306;dbname=ymyz_cn;charset=utf8
[2024-09-04T18:22:14+08:00][sql] SHOW FULL COLUMNS FROM `my_auth_rule` [ RunTime:0.001216s ]
[2024-09-04T18:22:14+08:00][sql] SELECT * FROM `my_auth_rule` WHERE  `isnav` = 1  AND `status` = 1 ORDER BY `weight`,`id` [ RunTime:0.000377s ]
[2024-09-04T18:22:14+08:00][error] [8]Trying to access array offset on value of type null[D:\phpstudy_pro\WWW\ymyz.cn\app\admin\controller\Index.php:36]
[2024-09-04T18:24:55+08:00][sql] CONNECT:[ UseTime:0.000927s ] mysql:host=127.0.0.1;port=3306;dbname=ymyz_cn;charset=utf8
[2024-09-04T18:24:55+08:00][sql] SHOW FULL COLUMNS FROM `my_auth_rule` [ RunTime:0.001381s ]
[2024-09-04T18:24:55+08:00][sql] SELECT * FROM `my_auth_rule` WHERE  `isnav` = 1  AND `status` = 1 ORDER BY `weight`,`id` [ RunTime:0.000464s ]
[2024-09-04T18:24:55+08:00][error] [8]Trying to access array offset on value of type null[D:\phpstudy_pro\WWW\ymyz.cn\app\admin\controller\Index.php:37]
[2024-09-04T18:28:37+08:00][sql] CONNECT:[ UseTime:0.001158s ] mysql:host=127.0.0.1;port=3306;dbname=ymyz_cn;charset=utf8
[2024-09-04T18:28:37+08:00][sql] SHOW FULL COLUMNS FROM `my_auth_rule` [ RunTime:0.001614s ]
[2024-09-04T18:28:37+08:00][sql] SELECT * FROM `my_auth_rule` WHERE  `isnav` = 1  AND `status` = 1 ORDER BY `weight`,`id` [ RunTime:0.000436s ]
[2024-09-04T18:28:37+08:00][sql] SHOW FULL COLUMNS FROM `my_config` [ RunTime:0.001338s ]
[2024-09-04T18:28:37+08:00][sql] SELECT * FROM `my_config` WHERE  `type` = 'system' LIMIT 1 [ RunTime:0.000376s ]
[2024-09-04T18:28:37+08:00][sql] SELECT * FROM `my_config` WHERE  `type` = 'system' LIMIT 1 [ RunTime:0.000254s ]
[2024-09-04T18:28:37+08:00][sql] SELECT * FROM `my_config` WHERE  `type` = 'system' LIMIT 1 [ RunTime:0.000268s ]
[2024-09-04T18:28:37+08:00][sql] SELECT * FROM `my_config` WHERE  `type` = 'system' LIMIT 1 [ RunTime:0.000253s ]
[2024-09-04T18:28:37+08:00][sql] SELECT * FROM `my_config` WHERE  `type` = 'system' LIMIT 1 [ RunTime:0.000253s ]
[2024-09-04T18:28:37+08:00][sql] SELECT * FROM `my_config` WHERE  `type` = 'system' LIMIT 1 [ RunTime:0.000309s ]
[2024-09-04T18:28:37+08:00][error] [2]count(): Parameter must be an array or an object that implements Countable[D:\phpstudy_pro\WWW\ymyz.cn\runtime\admin\temp\1722f31d9618a51b2030c56c2c81443c.php:112]
[2024-09-04T18:29:34+08:00][sql] CONNECT:[ UseTime:0.023076s ] mysql:host=127.0.0.1;port=3306;dbname=ymyz_cn;charset=utf8
[2024-09-04T18:29:34+08:00][sql] SHOW FULL COLUMNS FROM `my_auth_rule` [ RunTime:0.000563s ]
[2024-09-04T18:29:34+08:00][sql] SELECT * FROM `my_auth_rule` WHERE  `isnav` = 1  AND `status` = 1 ORDER BY `weight`,`id` [ RunTime:0.000360s ]
[2024-09-04T18:29:34+08:00][sql] SHOW FULL COLUMNS FROM `my_config` [ RunTime:0.000471s ]
[2024-09-04T18:29:34+08:00][sql] SELECT * FROM `my_config` WHERE  `type` = 'system' LIMIT 1 [ RunTime:0.000283s ]
[2024-09-04T18:29:34+08:00][sql] SELECT * FROM `my_config` WHERE  `type` = 'system' LIMIT 1 [ RunTime:0.000247s ]
[2024-09-04T18:29:34+08:00][sql] SELECT * FROM `my_config` WHERE  `type` = 'system' LIMIT 1 [ RunTime:0.000252s ]
[2024-09-04T18:29:34+08:00][sql] SELECT * FROM `my_config` WHERE  `type` = 'system' LIMIT 1 [ RunTime:0.000248s ]
[2024-09-04T18:29:34+08:00][sql] SELECT * FROM `my_config` WHERE  `type` = 'system' LIMIT 1 [ RunTime:0.000248s ]
[2024-09-04T18:29:34+08:00][sql] SELECT * FROM `my_config` WHERE  `type` = 'system' LIMIT 1 [ RunTime:0.000268s ]
[2024-09-04T18:29:34+08:00][sql] CONNECT:[ UseTime:0.022209s ] mysql:host=127.0.0.1;port=3306;dbname=ymyz_cn;charset=utf8
[2024-09-04T18:29:34+08:00][sql] SHOW FULL COLUMNS FROM `my_camilo` [ RunTime:0.001293s ]
[2024-09-04T18:29:34+08:00][sql] SELECT COUNT(`id`) AS think_count FROM `my_camilo` WHERE  `activate` = 0  AND `status` = 1 LIMIT 1 [ RunTime:0.000400s ]
[2024-09-04T18:29:34+08:00][sql] SHOW FULL COLUMNS FROM `my_software` [ RunTime:0.001399s ]
[2024-09-04T18:29:34+08:00][sql] SELECT COUNT(`id`) AS think_count FROM `my_software` WHERE  `status` = 1 LIMIT 1 [ RunTime:0.000330s ]
[2024-09-04T18:29:34+08:00][sql] SHOW FULL COLUMNS FROM `my_camilouser` [ RunTime:0.001607s ]
[2024-09-04T18:29:34+08:00][sql] SELECT COUNT(`id`) AS think_count FROM `my_camilouser` WHERE  `status` = 1 LIMIT 1 [ RunTime:0.000297s ]
[2024-09-04T18:29:34+08:00][sql] SHOW FULL COLUMNS FROM `my_user` [ RunTime:0.001330s ]
[2024-09-04T18:29:34+08:00][sql] SELECT COUNT(`id`) AS think_count FROM `my_user` WHERE  `status` = 1 LIMIT 1 [ RunTime:0.000289s ]
[2024-09-04T18:29:34+08:00][sql] SELECT COUNT(`id`) AS think_count FROM `my_camilouser` WHERE  1  LIMIT 1 [ RunTime:0.000253s ]
[2024-09-04T18:29:34+08:00][sql] SHOW FULL COLUMNS FROM `my_config` [ RunTime:0.001637s ]
[2024-09-04T18:29:34+08:00][sql] SELECT * FROM `my_config` WHERE  `type` = 'system' LIMIT 1 [ RunTime:0.000342s ]
[2024-09-04T18:29:34+08:00][sql] SELECT * FROM `my_config` WHERE  `type` = 'system' LIMIT 1 [ RunTime:0.000254s ]
[2024-09-04T18:29:34+08:00][sql] SELECT * FROM `my_config` WHERE  `type` = 'system' LIMIT 1 [ RunTime:0.000252s ]
[2024-09-04T18:29:34+08:00][sql] SELECT * FROM `my_config` WHERE  `type` = 'system' LIMIT 1 [ RunTime:0.000300s ]
[2024-09-04T18:29:57+08:00][sql] CONNECT:[ UseTime:0.021084s ] mysql:host=127.0.0.1;port=3306;dbname=ymyz_cn;charset=utf8
[2024-09-04T18:29:57+08:00][sql] SHOW FULL COLUMNS FROM `my_config` [ RunTime:0.001436s ]
[2024-09-04T18:29:57+08:00][sql] SELECT * FROM `my_config` WHERE  `type` = 'system' LIMIT 1 [ RunTime:0.000383s ]
[2024-09-04T18:29:57+08:00][sql] SELECT * FROM `my_config` WHERE  `type` = 'system' LIMIT 1 [ RunTime:0.000322s ]
[2024-09-04T18:29:57+08:00][sql] SELECT * FROM `my_config` WHERE  `type` = 'system' LIMIT 1 [ RunTime:0.000313s ]
[2024-09-04T18:29:57+08:00][sql] SELECT * FROM `my_config` WHERE  `type` = 'system' LIMIT 1 [ RunTime:0.000308s ]
[2024-09-04T18:29:57+08:00][sql] CONNECT:[ UseTime:0.018782s ] mysql:host=127.0.0.1;port=3306;dbname=ymyz_cn;charset=utf8
[2024-09-04T18:29:57+08:00][sql] SHOW FULL COLUMNS FROM `my_classify` [ RunTime:0.001199s ]
[2024-09-04T18:29:57+08:00][sql] SELECT COUNT(*) AS think_count FROM `my_classify` LIMIT 1 [ RunTime:0.000198s ]
[2024-09-04T18:32:48+08:00][sql] CONNECT:[ UseTime:0.019475s ] mysql:host=127.0.0.1;port=3306;dbname=ymyz_cn;charset=utf8
[2024-09-04T18:32:48+08:00][sql] SHOW FULL COLUMNS FROM `my_auth_group` [ RunTime:0.001204s ]
[2024-09-04T18:32:48+08:00][sql] SELECT `id`,`title` FROM `my_auth_group` ORDER BY `id` [ RunTime:0.000187s ]
[2024-09-04T18:32:48+08:00][sql] SHOW FULL COLUMNS FROM `my_config` [ RunTime:0.001458s ]
[2024-09-04T18:32:48+08:00][sql] SELECT * FROM `my_config` WHERE  `type` = 'system' LIMIT 1 [ RunTime:0.000312s ]
[2024-09-04T18:32:48+08:00][sql] SELECT * FROM `my_config` WHERE  `type` = 'system' LIMIT 1 [ RunTime:0.000255s ]
[2024-09-04T18:32:48+08:00][sql] SELECT * FROM `my_config` WHERE  `type` = 'system' LIMIT 1 [ RunTime:0.000254s ]
[2024-09-04T18:32:48+08:00][sql] SELECT * FROM `my_config` WHERE  `type` = 'system' LIMIT 1 [ RunTime:0.000252s ]
[2024-09-04T18:32:48+08:00][sql] CONNECT:[ UseTime:0.017545s ] mysql:host=127.0.0.1;port=3306;dbname=ymyz_cn;charset=utf8
[2024-09-04T18:32:48+08:00][sql] SHOW FULL COLUMNS FROM `my_admin` [ RunTime:0.001313s ]
[2024-09-04T18:32:48+08:00][sql] SELECT COUNT(*) AS think_count FROM `my_admin` LIMIT 1 [ RunTime:0.000243s ]
[2024-09-04T18:32:48+08:00][sql] SELECT * FROM `my_admin` ORDER BY `id` DESC LIMIT 0,15 [ RunTime:0.000246s ]
[2024-09-04T18:32:48+08:00][sql] SHOW FULL COLUMNS FROM `my_auth_group_access` [ RunTime:0.001269s ]
[2024-09-04T18:32:48+08:00][sql] SELECT * FROM `my_auth_group_access` WHERE  `uid` IN (18,2,1) ORDER BY `group_id` [ RunTime:0.011147s ]
[2024-09-04T18:32:48+08:00][sql] SHOW FULL COLUMNS FROM `my_auth_group` [ RunTime:0.001170s ]
[2024-09-04T18:32:48+08:00][sql] SELECT * FROM `my_auth_group` WHERE  `id` IN (0,3) [ RunTime:0.000277s ]
[2024-09-04T18:33:02+08:00][sql] CONNECT:[ UseTime:0.020727s ] mysql:host=127.0.0.1;port=3306;dbname=ymyz_cn;charset=utf8
[2024-09-04T18:33:02+08:00][sql] SHOW FULL COLUMNS FROM `my_config` [ RunTime:0.001684s ]
[2024-09-04T18:33:02+08:00][sql] SELECT * FROM `my_config` WHERE  `type` = 'system' LIMIT 1 [ RunTime:0.000454s ]
[2024-09-04T18:33:02+08:00][sql] SELECT * FROM `my_config` WHERE  `type` = 'system' LIMIT 1 [ RunTime:0.000331s ]
[2024-09-04T18:33:02+08:00][sql] SELECT * FROM `my_config` WHERE  `type` = 'system' LIMIT 1 [ RunTime:0.000305s ]
[2024-09-04T18:33:02+08:00][sql] SELECT * FROM `my_config` WHERE  `type` = 'system' LIMIT 1 [ RunTime:0.000414s ]
[2024-09-04T18:33:02+08:00][sql] SELECT * FROM `my_config` WHERE  `type` = 'system' LIMIT 1 [ RunTime:0.000309s ]
[2024-09-04T18:33:02+08:00][sql] SELECT * FROM `my_config` WHERE  `type` = 'system' LIMIT 1 [ RunTime:0.000300s ]
[2024-09-04T18:33:12+08:00][sql] CONNECT:[ UseTime:0.021412s ] mysql:host=127.0.0.1;port=3306;dbname=ymyz_cn;charset=utf8
[2024-09-04T18:33:12+08:00][sql] SHOW FULL COLUMNS FROM `my_config` [ RunTime:0.001248s ]
[2024-09-04T18:33:12+08:00][sql] SELECT * FROM `my_config` WHERE  `type` = 'system' LIMIT 1 [ RunTime:0.000292s ]
[2024-09-04T18:33:12+08:00][sql] SELECT * FROM `my_config` WHERE  `type` = 'system' LIMIT 1 [ RunTime:0.000249s ]
[2024-09-04T18:33:12+08:00][sql] SELECT * FROM `my_config` WHERE  `type` = 'system' LIMIT 1 [ RunTime:0.000251s ]
[2024-09-04T18:33:12+08:00][sql] SELECT * FROM `my_config` WHERE  `type` = 'system' LIMIT 1 [ RunTime:0.000275s ]
[2024-09-04T18:33:12+08:00][sql] CONNECT:[ UseTime:0.023507s ] mysql:host=127.0.0.1;port=3306;dbname=ymyz_cn;charset=utf8
[2024-09-04T18:33:12+08:00][sql] SHOW FULL COLUMNS FROM `my_auth_group` [ RunTime:0.001539s ]
[2024-09-04T18:33:12+08:00][sql] SELECT COUNT(*) AS think_count FROM `my_auth_group` LIMIT 1 [ RunTime:0.000320s ]
[2024-09-04T18:33:12+08:00][sql] SELECT * FROM `my_auth_group` ORDER BY `id` LIMIT 0,15 [ RunTime:0.000238s ]
[2024-09-04T18:33:16+08:00][sql] CONNECT:[ UseTime:0.023781s ] mysql:host=127.0.0.1;port=3306;dbname=ymyz_cn;charset=utf8
[2024-09-04T18:33:16+08:00][sql] SHOW FULL COLUMNS FROM `my_auth_rule` [ RunTime:0.002198s ]
[2024-09-04T18:33:16+08:00][sql] SELECT * FROM `my_auth_rule` ORDER BY `weight`,`id` [ RunTime:0.013333s ]
[2024-09-04T18:33:16+08:00][sql] SHOW FULL COLUMNS FROM `my_config` [ RunTime:0.001250s ]
[2024-09-04T18:33:16+08:00][sql] SELECT * FROM `my_config` WHERE  `type` = 'system' LIMIT 1 [ RunTime:0.000277s ]
[2024-09-04T18:33:16+08:00][sql] SELECT * FROM `my_config` WHERE  `type` = 'system' LIMIT 1 [ RunTime:0.000260s ]
[2024-09-04T18:33:16+08:00][sql] SELECT * FROM `my_config` WHERE  `type` = 'system' LIMIT 1 [ RunTime:0.000234s ]
[2024-09-04T18:33:16+08:00][sql] SELECT * FROM `my_config` WHERE  `type` = 'system' LIMIT 1 [ RunTime:0.000195s ]
[2024-09-04T18:33:16+08:00][sql] SELECT * FROM `my_auth_rule` WHERE  `isnav` = 1  AND `status` = 1 ORDER BY `weight`,`id` [ RunTime:0.000316s ]
[2024-09-04T18:33:16+08:00][sql] CONNECT:[ UseTime:0.011138s ] mysql:host=127.0.0.1;port=3306;dbname=ymyz_cn;charset=utf8
[2024-09-04T18:33:16+08:00][sql] SHOW FULL COLUMNS FROM `my_auth_rule` [ RunTime:0.000625s ]
[2024-09-04T18:33:16+08:00][sql] SELECT * FROM `my_auth_rule` ORDER BY `weight`,`id` [ RunTime:0.000469s ]
[2024-09-04T18:33:38+08:00][sql] CONNECT:[ UseTime:0.017510s ] mysql:host=127.0.0.1;port=3306;dbname=ymyz_cn;charset=utf8
[2024-09-04T18:33:38+08:00][sql] SHOW FULL COLUMNS FROM `my_auth_group` [ RunTime:0.001430s ]
[2024-09-04T18:33:38+08:00][sql] SELECT * FROM `my_auth_group` WHERE  `id` = 2 LIMIT 1 [ RunTime:0.011566s ]
[2024-09-04T18:33:42+08:00][sql] CONNECT:[ UseTime:0.000848s ] mysql:host=127.0.0.1;port=3306;dbname=ymyz_cn;charset=utf8
[2024-09-04T18:33:42+08:00][sql] SHOW FULL COLUMNS FROM `my_auth_rule` [ RunTime:0.000893s ]
[2024-09-04T18:33:42+08:00][sql] SELECT `id`,`pid`,`title` FROM `my_auth_rule` ORDER BY `weight`,`id` [ RunTime:0.000392s ]
[2024-09-04T18:33:42+08:00][sql] SHOW FULL COLUMNS FROM `my_auth_group` [ RunTime:0.001611s ]
[2024-09-04T18:33:42+08:00][sql] SELECT * FROM `my_auth_group` WHERE  `id` = 2 LIMIT 1 [ RunTime:0.000361s ]
[2024-09-04T18:33:42+08:00][sql] SHOW FULL COLUMNS FROM `my_config` [ RunTime:0.001615s ]
[2024-09-04T18:33:42+08:00][sql] SELECT * FROM `my_config` WHERE  `type` = 'system' LIMIT 1 [ RunTime:0.000338s ]
[2024-09-04T18:33:42+08:00][sql] SELECT * FROM `my_config` WHERE  `type` = 'system' LIMIT 1 [ RunTime:0.000268s ]
[2024-09-04T18:33:42+08:00][sql] SELECT * FROM `my_config` WHERE  `type` = 'system' LIMIT 1 [ RunTime:0.000287s ]
[2024-09-04T18:33:42+08:00][sql] SELECT * FROM `my_config` WHERE  `type` = 'system' LIMIT 1 [ RunTime:0.000339s ]
[2024-09-04T18:34:10+08:00][sql] CONNECT:[ UseTime:0.016186s ] mysql:host=127.0.0.1;port=3306;dbname=ymyz_cn;charset=utf8
[2024-09-04T18:34:10+08:00][sql] SHOW FULL COLUMNS FROM `my_admin` [ RunTime:0.001338s ]
[2024-09-04T18:34:10+08:00][sql] SELECT * FROM `my_admin` WHERE  `username` = 'demo' LIMIT 1 [ RunTime:0.000327s ]
[2024-09-04T18:34:10+08:00][sql] UPDATE `my_admin`  SET `login_ip` = '127.0.0.1' , `login_time` = 1725446050 , `login_num` = 802 , `update_time` = 1725446050  WHERE  `id` = 2 [ RunTime:0.000289s ]
[2024-09-04T18:34:11+08:00][sql] CONNECT:[ UseTime:0.000951s ] mysql:host=127.0.0.1;port=3306;dbname=ymyz_cn;charset=utf8
[2024-09-04T18:34:11+08:00][sql] SHOW FULL COLUMNS FROM `my_auth_group_access` [ RunTime:0.001123s ]
[2024-09-04T18:34:11+08:00][sql] SELECT `group_id` FROM `my_auth_group_access` WHERE  `uid` = 2 [ RunTime:0.000356s ]
[2024-09-04T18:34:11+08:00][sql] SHOW FULL COLUMNS FROM `my_auth_group` [ RunTime:0.000945s ]
[2024-09-04T18:34:11+08:00][sql] SELECT `rules` FROM `my_auth_group` WHERE  `id` = 3 [ RunTime:0.000282s ]
[2024-09-04T18:34:11+08:00][sql] SHOW FULL COLUMNS FROM `my_auth_rule` [ RunTime:0.000775s ]
[2024-09-04T18:34:11+08:00][sql] SELECT * FROM `my_auth_rule` WHERE  `id` IN (1,3,11,4,13,5,17,2,6,21,7,24,26,8,30,31,32,33,36,37,38,41,42,43,46,47,48,49,52,53,54,57,58,59)  AND `isnav` = 1  AND `status` = 1 ORDER BY `weight`,`id` [ RunTime:0.006889s ]
[2024-09-04T18:34:11+08:00][sql] SHOW FULL COLUMNS FROM `my_config` [ RunTime:0.001348s ]
[2024-09-04T18:34:11+08:00][sql] SELECT * FROM `my_config` WHERE  `type` = 'system' LIMIT 1 [ RunTime:0.000298s ]
[2024-09-04T18:34:11+08:00][sql] SELECT * FROM `my_config` WHERE  `type` = 'system' LIMIT 1 [ RunTime:0.000234s ]
[2024-09-04T18:34:11+08:00][sql] SELECT * FROM `my_config` WHERE  `type` = 'system' LIMIT 1 [ RunTime:0.000233s ]
[2024-09-04T18:34:11+08:00][sql] SELECT * FROM `my_config` WHERE  `type` = 'system' LIMIT 1 [ RunTime:0.000416s ]
[2024-09-04T18:34:11+08:00][sql] SELECT * FROM `my_config` WHERE  `type` = 'system' LIMIT 1 [ RunTime:0.000364s ]
[2024-09-04T18:34:11+08:00][sql] SELECT * FROM `my_config` WHERE  `type` = 'system' LIMIT 1 [ RunTime:0.000336s ]
[2024-09-04T18:34:12+08:00][sql] CONNECT:[ UseTime:0.022782s ] mysql:host=127.0.0.1;port=3306;dbname=ymyz_cn;charset=utf8
[2024-09-04T18:34:12+08:00][sql] SHOW FULL COLUMNS FROM `my_camilo` [ RunTime:0.001208s ]
[2024-09-04T18:34:12+08:00][sql] SELECT COUNT(`id`) AS think_count FROM `my_camilo` WHERE  `activate` = 0  AND `status` = 1 LIMIT 1 [ RunTime:0.000232s ]
[2024-09-04T18:34:12+08:00][sql] SHOW FULL COLUMNS FROM `my_software` [ RunTime:0.001058s ]
[2024-09-04T18:34:12+08:00][sql] SELECT COUNT(`id`) AS think_count FROM `my_software` WHERE  `status` = 1 LIMIT 1 [ RunTime:0.000185s ]
[2024-09-04T18:34:12+08:00][sql] SHOW FULL COLUMNS FROM `my_camilouser` [ RunTime:0.001012s ]
[2024-09-04T18:34:12+08:00][sql] SELECT COUNT(`id`) AS think_count FROM `my_camilouser` WHERE  `status` = 1 LIMIT 1 [ RunTime:0.000224s ]
[2024-09-04T18:34:12+08:00][sql] SHOW FULL COLUMNS FROM `my_user` [ RunTime:0.001848s ]
[2024-09-04T18:34:12+08:00][sql] SELECT COUNT(`id`) AS think_count FROM `my_user` WHERE  `status` = 1 LIMIT 1 [ RunTime:0.000368s ]
[2024-09-04T18:34:12+08:00][sql] SELECT COUNT(`id`) AS think_count FROM `my_camilouser` WHERE  1  LIMIT 1 [ RunTime:0.000322s ]
[2024-09-04T18:34:12+08:00][sql] SHOW FULL COLUMNS FROM `my_config` [ RunTime:0.000701s ]
[2024-09-04T18:34:12+08:00][sql] SELECT * FROM `my_config` WHERE  `type` = 'system' LIMIT 1 [ RunTime:0.000354s ]
[2024-09-04T18:34:12+08:00][sql] SELECT * FROM `my_config` WHERE  `type` = 'system' LIMIT 1 [ RunTime:0.000477s ]
[2024-09-04T18:34:12+08:00][sql] SELECT * FROM `my_config` WHERE  `type` = 'system' LIMIT 1 [ RunTime:0.000301s ]
[2024-09-04T18:34:12+08:00][sql] SELECT * FROM `my_config` WHERE  `type` = 'system' LIMIT 1 [ RunTime:0.000394s ]
[2024-09-04T18:34:33+08:00][sql] CONNECT:[ UseTime:0.001166s ] mysql:host=127.0.0.1;port=3306;dbname=ymyz_cn;charset=utf8
[2024-09-04T18:34:33+08:00][sql] SHOW FULL COLUMNS FROM `my_admin` [ RunTime:0.001091s ]
[2024-09-04T18:34:33+08:00][sql] SELECT * FROM `my_admin` WHERE  `id` = 2 LIMIT 1 [ RunTime:0.000331s ]
[2024-09-04T18:34:33+08:00][sql] SELECT * FROM `my_admin` WHERE  `id` = 2 ORDER BY `id` DESC LIMIT 1 [ RunTime:0.000231s ]
[2024-09-04T18:34:33+08:00][sql] SHOW FULL COLUMNS FROM `my_auth_group_access` [ RunTime:0.000504s ]
[2024-09-04T18:34:33+08:00][sql] SELECT * FROM `my_auth_group_access` WHERE  `uid` = 2 ORDER BY `group_id` [ RunTime:0.018841s ]
[2024-09-04T18:34:33+08:00][sql] SHOW FULL COLUMNS FROM `my_auth_group` [ RunTime:0.000593s ]
[2024-09-04T18:34:33+08:00][sql] SELECT * FROM `my_auth_group` WHERE  `id` = 3 [ RunTime:0.000317s ]
[2024-09-04T18:34:44+08:00][sql] CONNECT:[ UseTime:0.019683s ] mysql:host=127.0.0.1;port=3306;dbname=ymyz_cn;charset=utf8
[2024-09-04T18:34:44+08:00][sql] SHOW FULL COLUMNS FROM `my_admin` [ RunTime:0.001301s ]
[2024-09-04T18:34:44+08:00][sql] UPDATE `my_admin`  SET `id` = 2 , `username` = 'demo' , `nickname` = '体验账号' , `update_time` = 1725446084  WHERE  `id` = 2 [ RunTime:0.000298s ]
[2024-09-04T18:34:44+08:00][sql] SHOW FULL COLUMNS FROM `my_auth_group_access` [ RunTime:0.001328s ]
[2024-09-04T18:34:44+08:00][sql] DELETE FROM `my_auth_group_access` WHERE  `uid` = 2 [ RunTime:0.047960s ]
[2024-09-04T18:34:44+08:00][sql] INSERT INTO `my_auth_group_access` (`uid` , `group_id`) VALUES ( 2,2 ) [ RunTime:0.023464s ]
[2024-09-04T18:34:45+08:00][sql] CONNECT:[ UseTime:0.020761s ] mysql:host=127.0.0.1;port=3306;dbname=ymyz_cn;charset=utf8
[2024-09-04T18:34:45+08:00][sql] SHOW FULL COLUMNS FROM `my_admin` [ RunTime:0.001889s ]
[2024-09-04T18:34:45+08:00][sql] SELECT COUNT(*) AS think_count FROM `my_admin` LIMIT 1 [ RunTime:0.000289s ]
[2024-09-04T18:34:45+08:00][sql] SELECT * FROM `my_admin` ORDER BY `id` DESC LIMIT 0,15 [ RunTime:0.000230s ]
[2024-09-04T18:34:45+08:00][sql] SHOW FULL COLUMNS FROM `my_auth_group_access` [ RunTime:0.001143s ]
[2024-09-04T18:34:45+08:00][sql] SELECT * FROM `my_auth_group_access` WHERE  `uid` IN (18,2,1) ORDER BY `group_id` [ RunTime:0.000268s ]
[2024-09-04T18:34:45+08:00][sql] SHOW FULL COLUMNS FROM `my_auth_group` [ RunTime:0.001032s ]
[2024-09-04T18:34:45+08:00][sql] SELECT * FROM `my_auth_group` WHERE  `id` IN (0,2,3) [ RunTime:0.000270s ]
[2024-09-04T18:34:47+08:00][sql] CONNECT:[ UseTime:0.000751s ] mysql:host=127.0.0.1;port=3306;dbname=ymyz_cn;charset=utf8
[2024-09-04T18:34:47+08:00][sql] SHOW FULL COLUMNS FROM `my_auth_group_access` [ RunTime:0.001112s ]
[2024-09-04T18:34:47+08:00][sql] SELECT `group_id` FROM `my_auth_group_access` WHERE  `uid` = 2 [ RunTime:0.000311s ]
[2024-09-04T18:34:47+08:00][sql] SHOW FULL COLUMNS FROM `my_auth_group` [ RunTime:0.001028s ]
[2024-09-04T18:34:47+08:00][sql] SELECT `rules` FROM `my_auth_group` WHERE  `id` = 2 [ RunTime:0.000233s ]
[2024-09-04T18:34:47+08:00][sql] SHOW FULL COLUMNS FROM `my_auth_rule` [ RunTime:0.001051s ]
[2024-09-04T18:34:47+08:00][sql] SELECT * FROM `my_auth_rule` WHERE  `id` IN (1,3,11,4,13,5,17,2,6,21,7,26,8,30,31,32,33,36,37,41,42,43,46,47,48,49,52,53,54,57,58,59)  AND `isnav` = 1  AND `status` = 1 ORDER BY `weight`,`id` [ RunTime:0.000434s ]
[2024-09-04T18:34:47+08:00][sql] SHOW FULL COLUMNS FROM `my_config` [ RunTime:0.001592s ]
[2024-09-04T18:34:47+08:00][sql] SELECT * FROM `my_config` WHERE  `type` = 'system' LIMIT 1 [ RunTime:0.000494s ]
[2024-09-04T18:34:47+08:00][sql] SELECT * FROM `my_config` WHERE  `type` = 'system' LIMIT 1 [ RunTime:0.000673s ]
[2024-09-04T18:34:47+08:00][sql] SELECT * FROM `my_config` WHERE  `type` = 'system' LIMIT 1 [ RunTime:0.000355s ]
[2024-09-04T18:34:47+08:00][sql] SELECT * FROM `my_config` WHERE  `type` = 'system' LIMIT 1 [ RunTime:0.000486s ]
[2024-09-04T18:34:47+08:00][sql] SELECT * FROM `my_config` WHERE  `type` = 'system' LIMIT 1 [ RunTime:0.000274s ]
[2024-09-04T18:34:47+08:00][sql] SELECT * FROM `my_config` WHERE  `type` = 'system' LIMIT 1 [ RunTime:0.000277s ]
[2024-09-04T18:34:47+08:00][sql] CONNECT:[ UseTime:0.015581s ] mysql:host=127.0.0.1;port=3306;dbname=ymyz_cn;charset=utf8
[2024-09-04T18:34:47+08:00][sql] SHOW FULL COLUMNS FROM `my_camilo` [ RunTime:0.001307s ]
[2024-09-04T18:34:47+08:00][sql] SELECT COUNT(`id`) AS think_count FROM `my_camilo` WHERE  `activate` = 0  AND `status` = 1 LIMIT 1 [ RunTime:0.000271s ]
[2024-09-04T18:34:47+08:00][sql] SHOW FULL COLUMNS FROM `my_software` [ RunTime:0.001019s ]
[2024-09-04T18:34:47+08:00][sql] SELECT COUNT(`id`) AS think_count FROM `my_software` WHERE  `status` = 1 LIMIT 1 [ RunTime:0.000210s ]
[2024-09-04T18:34:47+08:00][sql] SHOW FULL COLUMNS FROM `my_camilouser` [ RunTime:0.000994s ]
[2024-09-04T18:34:47+08:00][sql] SELECT COUNT(`id`) AS think_count FROM `my_camilouser` WHERE  `status` = 1 LIMIT 1 [ RunTime:0.000296s ]
[2024-09-04T18:34:47+08:00][sql] SHOW FULL COLUMNS FROM `my_user` [ RunTime:0.001026s ]
[2024-09-04T18:34:47+08:00][sql] SELECT COUNT(`id`) AS think_count FROM `my_user` WHERE  `status` = 1 LIMIT 1 [ RunTime:0.000232s ]
[2024-09-04T18:34:47+08:00][sql] SELECT COUNT(`id`) AS think_count FROM `my_camilouser` WHERE  1  LIMIT 1 [ RunTime:0.000191s ]
[2024-09-04T18:34:47+08:00][sql] SHOW FULL COLUMNS FROM `my_config` [ RunTime:0.000643s ]
[2024-09-04T18:34:47+08:00][sql] SELECT * FROM `my_config` WHERE  `type` = 'system' LIMIT 1 [ RunTime:0.000316s ]
[2024-09-04T18:34:47+08:00][sql] SELECT * FROM `my_config` WHERE  `type` = 'system' LIMIT 1 [ RunTime:0.000268s ]
[2024-09-04T18:34:47+08:00][sql] SELECT * FROM `my_config` WHERE  `type` = 'system' LIMIT 1 [ RunTime:0.000258s ]
[2024-09-04T18:34:47+08:00][sql] SELECT * FROM `my_config` WHERE  `type` = 'system' LIMIT 1 [ RunTime:0.000255s ]
[2024-09-04T18:34:51+08:00][sql] CONNECT:[ UseTime:0.010323s ] mysql:host=127.0.0.1;port=3306;dbname=ymyz_cn;charset=utf8
[2024-09-04T18:34:51+08:00][sql] SHOW FULL COLUMNS FROM `my_auth_group_access` [ RunTime:0.000553s ]
[2024-09-04T18:34:51+08:00][sql] SELECT `group_id` FROM `my_auth_group_access` WHERE  `uid` = 2 [ RunTime:0.000270s ]
[2024-09-04T18:34:51+08:00][sql] SHOW FULL COLUMNS FROM `my_auth_group` [ RunTime:0.000395s ]
[2024-09-04T18:34:51+08:00][sql] SELECT `rules` FROM `my_auth_group` WHERE  `id` = 2 [ RunTime:0.000182s ]
[2024-09-04T18:34:51+08:00][sql] SHOW FULL COLUMNS FROM `my_auth_rule` [ RunTime:0.001074s ]
[2024-09-04T18:34:51+08:00][sql] SELECT * FROM `my_auth_rule` WHERE  `id` IN (1,3,11,4,13,5,17,2,6,21,7,26,8,30,31,32,33,36,37,41,42,43,46,47,48,49,52,53,54,57,58,59)  AND `isnav` = 1  AND `status` = 1 ORDER BY `weight`,`id` [ RunTime:0.000420s ]
[2024-09-04T18:34:51+08:00][sql] SHOW FULL COLUMNS FROM `my_config` [ RunTime:0.001297s ]
[2024-09-04T18:34:51+08:00][sql] SELECT * FROM `my_config` WHERE  `type` = 'system' LIMIT 1 [ RunTime:0.000326s ]
[2024-09-04T18:34:51+08:00][sql] SELECT * FROM `my_config` WHERE  `type` = 'system' LIMIT 1 [ RunTime:0.000253s ]
[2024-09-04T18:34:51+08:00][sql] SELECT * FROM `my_config` WHERE  `type` = 'system' LIMIT 1 [ RunTime:0.000252s ]
[2024-09-04T18:34:51+08:00][sql] SELECT * FROM `my_config` WHERE  `type` = 'system' LIMIT 1 [ RunTime:0.000276s ]
[2024-09-04T18:34:51+08:00][sql] SELECT * FROM `my_config` WHERE  `type` = 'system' LIMIT 1 [ RunTime:0.000238s ]
[2024-09-04T18:34:51+08:00][sql] SELECT * FROM `my_config` WHERE  `type` = 'system' LIMIT 1 [ RunTime:0.000233s ]
[2024-09-04T18:34:51+08:00][sql] CONNECT:[ UseTime:0.014872s ] mysql:host=127.0.0.1;port=3306;dbname=ymyz_cn;charset=utf8
[2024-09-04T18:34:51+08:00][sql] SHOW FULL COLUMNS FROM `my_camilo` [ RunTime:0.001369s ]
[2024-09-04T18:34:51+08:00][sql] SELECT COUNT(`id`) AS think_count FROM `my_camilo` WHERE  `activate` = 0  AND `status` = 1 LIMIT 1 [ RunTime:0.000424s ]
[2024-09-04T18:34:51+08:00][sql] SHOW FULL COLUMNS FROM `my_software` [ RunTime:0.001020s ]
[2024-09-04T18:34:51+08:00][sql] SELECT COUNT(`id`) AS think_count FROM `my_software` WHERE  `status` = 1 LIMIT 1 [ RunTime:0.000262s ]
[2024-09-04T18:34:51+08:00][sql] SHOW FULL COLUMNS FROM `my_camilouser` [ RunTime:0.000981s ]
[2024-09-04T18:34:51+08:00][sql] SELECT COUNT(`id`) AS think_count FROM `my_camilouser` WHERE  `status` = 1 LIMIT 1 [ RunTime:0.000233s ]
[2024-09-04T18:34:51+08:00][sql] SHOW FULL COLUMNS FROM `my_user` [ RunTime:0.000986s ]
[2024-09-04T18:34:51+08:00][sql] SELECT COUNT(`id`) AS think_count FROM `my_user` WHERE  `status` = 1 LIMIT 1 [ RunTime:0.000230s ]
[2024-09-04T18:34:51+08:00][sql] SELECT COUNT(`id`) AS think_count FROM `my_camilouser` WHERE  1  LIMIT 1 [ RunTime:0.000178s ]
[2024-09-04T18:34:51+08:00][sql] SHOW FULL COLUMNS FROM `my_config` [ RunTime:0.000725s ]
[2024-09-04T18:34:51+08:00][sql] SELECT * FROM `my_config` WHERE  `type` = 'system' LIMIT 1 [ RunTime:0.000459s ]
[2024-09-04T18:34:51+08:00][sql] SELECT * FROM `my_config` WHERE  `type` = 'system' LIMIT 1 [ RunTime:0.000412s ]
[2024-09-04T18:34:51+08:00][sql] SELECT * FROM `my_config` WHERE  `type` = 'system' LIMIT 1 [ RunTime:0.000225s ]
[2024-09-04T18:34:51+08:00][sql] SELECT * FROM `my_config` WHERE  `type` = 'system' LIMIT 1 [ RunTime:0.000228s ]
[2024-09-04T18:35:35+08:00][sql] CONNECT:[ UseTime:0.021742s ] mysql:host=127.0.0.1;port=3306;dbname=ymyz_cn;charset=utf8
[2024-09-04T18:35:35+08:00][sql] SHOW FULL COLUMNS FROM `my_auth_group` [ RunTime:0.001132s ]
[2024-09-04T18:35:35+08:00][sql] UPDATE `my_auth_group`  SET `id` = 2 , `rules` = '31,32,33,36,37,41,42,43,46,47,48,49,52,53,54,57,58,59'  WHERE  `id` = 2 [ RunTime:0.047321s ]
[2024-09-04T18:35:36+08:00][sql] CONNECT:[ UseTime:0.000797s ] mysql:host=127.0.0.1;port=3306;dbname=ymyz_cn;charset=utf8
[2024-09-04T18:35:36+08:00][sql] SHOW FULL COLUMNS FROM `my_auth_rule` [ RunTime:0.001380s ]
[2024-09-04T18:35:36+08:00][sql] SELECT `id`,`pid`,`title` FROM `my_auth_rule` ORDER BY `weight`,`id` [ RunTime:0.000408s ]
[2024-09-04T18:35:36+08:00][sql] SHOW FULL COLUMNS FROM `my_auth_group` [ RunTime:0.000516s ]
[2024-09-04T18:35:36+08:00][sql] SELECT * FROM `my_auth_group` WHERE  `id` = 2 LIMIT 1 [ RunTime:0.000252s ]
[2024-09-04T18:35:36+08:00][sql] SHOW FULL COLUMNS FROM `my_config` [ RunTime:0.000649s ]
[2024-09-04T18:35:36+08:00][sql] SELECT * FROM `my_config` WHERE  `type` = 'system' LIMIT 1 [ RunTime:0.000288s ]
[2024-09-04T18:35:36+08:00][sql] SELECT * FROM `my_config` WHERE  `type` = 'system' LIMIT 1 [ RunTime:0.000252s ]
[2024-09-04T18:35:36+08:00][sql] SELECT * FROM `my_config` WHERE  `type` = 'system' LIMIT 1 [ RunTime:0.000271s ]
[2024-09-04T18:35:36+08:00][sql] SELECT * FROM `my_config` WHERE  `type` = 'system' LIMIT 1 [ RunTime:0.000269s ]
[2024-09-04T18:35:38+08:00][sql] CONNECT:[ UseTime:0.000816s ] mysql:host=127.0.0.1;port=3306;dbname=ymyz_cn;charset=utf8
[2024-09-04T18:35:38+08:00][sql] SHOW FULL COLUMNS FROM `my_auth_group_access` [ RunTime:0.001106s ]
[2024-09-04T18:35:38+08:00][sql] SELECT `group_id` FROM `my_auth_group_access` WHERE  `uid` = 2 [ RunTime:0.000287s ]
[2024-09-04T18:35:38+08:00][sql] SHOW FULL COLUMNS FROM `my_auth_group` [ RunTime:0.001017s ]
[2024-09-04T18:35:38+08:00][sql] SELECT `rules` FROM `my_auth_group` WHERE  `id` = 2 [ RunTime:0.000234s ]
[2024-09-04T18:35:38+08:00][sql] SHOW FULL COLUMNS FROM `my_auth_rule` [ RunTime:0.000514s ]
[2024-09-04T18:35:38+08:00][sql] SELECT * FROM `my_auth_rule` WHERE  `id` IN (31,32,33,36,37,41,42,43,46,47,48,49,52,53,54,57,58,59)  AND `isnav` = 1  AND `status` = 1 ORDER BY `weight`,`id` [ RunTime:0.000426s ]
[2024-09-04T18:35:38+08:00][sql] SHOW FULL COLUMNS FROM `my_config` [ RunTime:0.000646s ]
[2024-09-04T18:35:38+08:00][sql] SELECT * FROM `my_config` WHERE  `type` = 'system' LIMIT 1 [ RunTime:0.000290s ]
[2024-09-04T18:35:38+08:00][sql] SELECT * FROM `my_config` WHERE  `type` = 'system' LIMIT 1 [ RunTime:0.000252s ]
[2024-09-04T18:35:38+08:00][sql] SELECT * FROM `my_config` WHERE  `type` = 'system' LIMIT 1 [ RunTime:0.000274s ]
[2024-09-04T18:35:38+08:00][sql] SELECT * FROM `my_config` WHERE  `type` = 'system' LIMIT 1 [ RunTime:0.000230s ]
[2024-09-04T18:35:38+08:00][sql] SELECT * FROM `my_config` WHERE  `type` = 'system' LIMIT 1 [ RunTime:0.000340s ]
[2024-09-04T18:35:38+08:00][sql] SELECT * FROM `my_config` WHERE  `type` = 'system' LIMIT 1 [ RunTime:0.000337s ]
[2024-09-04T18:35:39+08:00][sql] CONNECT:[ UseTime:0.012160s ] mysql:host=127.0.0.1;port=3306;dbname=ymyz_cn;charset=utf8
[2024-09-04T18:35:39+08:00][sql] SHOW FULL COLUMNS FROM `my_camilo` [ RunTime:0.001767s ]
[2024-09-04T18:35:39+08:00][sql] SELECT COUNT(`id`) AS think_count FROM `my_camilo` WHERE  `activate` = 0  AND `status` = 1 LIMIT 1 [ RunTime:0.000425s ]
[2024-09-04T18:35:39+08:00][sql] SHOW FULL COLUMNS FROM `my_software` [ RunTime:0.001381s ]
[2024-09-04T18:35:39+08:00][sql] SELECT COUNT(`id`) AS think_count FROM `my_software` WHERE  `status` = 1 LIMIT 1 [ RunTime:0.000332s ]
[2024-09-04T18:35:39+08:00][sql] SHOW FULL COLUMNS FROM `my_camilouser` [ RunTime:0.001086s ]
[2024-09-04T18:35:39+08:00][sql] SELECT COUNT(`id`) AS think_count FROM `my_camilouser` WHERE  `status` = 1 LIMIT 1 [ RunTime:0.000286s ]
[2024-09-04T18:35:39+08:00][sql] SHOW FULL COLUMNS FROM `my_user` [ RunTime:0.001024s ]
[2024-09-04T18:35:39+08:00][sql] SELECT COUNT(`id`) AS think_count FROM `my_user` WHERE  `status` = 1 LIMIT 1 [ RunTime:0.000232s ]
[2024-09-04T18:35:39+08:00][sql] SELECT COUNT(`id`) AS think_count FROM `my_camilouser` WHERE  1  LIMIT 1 [ RunTime:0.000226s ]
[2024-09-04T18:35:39+08:00][sql] SHOW FULL COLUMNS FROM `my_config` [ RunTime:0.001206s ]
[2024-09-04T18:35:39+08:00][sql] SELECT * FROM `my_config` WHERE  `type` = 'system' LIMIT 1 [ RunTime:0.000484s ]
[2024-09-04T18:35:39+08:00][sql] SELECT * FROM `my_config` WHERE  `type` = 'system' LIMIT 1 [ RunTime:0.000408s ]
[2024-09-04T18:35:39+08:00][sql] SELECT * FROM `my_config` WHERE  `type` = 'system' LIMIT 1 [ RunTime:0.000362s ]
[2024-09-04T18:35:39+08:00][sql] SELECT * FROM `my_config` WHERE  `type` = 'system' LIMIT 1 [ RunTime:0.000328s ]
[2024-09-04T18:35:43+08:00][sql] CONNECT:[ UseTime:0.025186s ] mysql:host=127.0.0.1;port=3306;dbname=ymyz_cn;charset=utf8
[2024-09-04T18:35:43+08:00][sql] SHOW FULL COLUMNS FROM `my_auth_group_access` [ RunTime:0.001356s ]
[2024-09-04T18:35:43+08:00][sql] SELECT `uid`,`group_id`,`title`,`rules` FROM `my_auth_group_access` `a` INNER JOIN `my_auth_group` `g` ON `a`.`group_id`=`g`.`id` WHERE  ( a.uid='2' and g.status='1' ) [ RunTime:0.016733s ]
[2024-09-04T18:35:43+08:00][sql] SHOW FULL COLUMNS FROM `my_auth_rule` [ RunTime:0.000616s ]
[2024-09-04T18:35:43+08:00][sql] SELECT `condition`,`name` FROM `my_auth_rule` WHERE  `id` IN (31,32,33,36,37,41,42,43,46,47,48,49,52,53,54,57,58,59)  AND `type` = 1  AND `status` = 1 [ RunTime:0.000391s ]
[2024-09-04T18:35:43+08:00][sql] SHOW FULL COLUMNS FROM `my_config` [ RunTime:0.001982s ]
[2024-09-04T18:35:43+08:00][sql] SELECT * FROM `my_config` WHERE  `type` = 'system' LIMIT 1 [ RunTime:0.000485s ]
[2024-09-04T18:35:43+08:00][sql] SELECT * FROM `my_config` WHERE  `type` = 'system' LIMIT 1 [ RunTime:0.000269s ]
[2024-09-04T18:35:43+08:00][sql] SELECT * FROM `my_config` WHERE  `type` = 'system' LIMIT 1 [ RunTime:0.000226s ]
[2024-09-04T18:35:43+08:00][sql] SELECT * FROM `my_config` WHERE  `type` = 'system' LIMIT 1 [ RunTime:0.000244s ]
[2024-09-04T18:35:43+08:00][sql] CONNECT:[ UseTime:0.001101s ] mysql:host=127.0.0.1;port=3306;dbname=ymyz_cn;charset=utf8
[2024-09-04T18:35:43+08:00][sql] SHOW FULL COLUMNS FROM `my_auth_group_access` [ RunTime:0.001473s ]
[2024-09-04T18:35:43+08:00][sql] SELECT `uid`,`group_id`,`title`,`rules` FROM `my_auth_group_access` `a` INNER JOIN `my_auth_group` `g` ON `a`.`group_id`=`g`.`id` WHERE  ( a.uid='2' and g.status='1' ) [ RunTime:0.000512s ]
[2024-09-04T18:35:43+08:00][sql] SHOW FULL COLUMNS FROM `my_auth_rule` [ RunTime:0.000817s ]
[2024-09-04T18:35:43+08:00][sql] SELECT `condition`,`name` FROM `my_auth_rule` WHERE  `id` IN (31,32,33,36,37,41,42,43,46,47,48,49,52,53,54,57,58,59)  AND `type` = 1  AND `status` = 1 [ RunTime:0.000499s ]
[2024-09-04T18:35:43+08:00][sql] SHOW FULL COLUMNS FROM `my_classify` [ RunTime:0.001794s ]
[2024-09-04T18:35:43+08:00][sql] SELECT COUNT(*) AS think_count FROM `my_classify` LIMIT 1 [ RunTime:0.000227s ]
[2024-09-04T18:35:49+08:00][sql] CONNECT:[ UseTime:0.022760s ] mysql:host=127.0.0.1;port=3306;dbname=ymyz_cn;charset=utf8
[2024-09-04T18:35:49+08:00][sql] SHOW FULL COLUMNS FROM `my_auth_group_access` [ RunTime:0.001247s ]
[2024-09-04T18:35:49+08:00][sql] SELECT `uid`,`group_id`,`title`,`rules` FROM `my_auth_group_access` `a` INNER JOIN `my_auth_group` `g` ON `a`.`group_id`=`g`.`id` WHERE  ( a.uid='2' and g.status='1' ) [ RunTime:0.000855s ]
[2024-09-04T18:35:49+08:00][sql] SHOW FULL COLUMNS FROM `my_auth_rule` [ RunTime:0.000442s ]
[2024-09-04T18:35:49+08:00][sql] SELECT `condition`,`name` FROM `my_auth_rule` WHERE  `id` IN (31,32,33,36,37,41,42,43,46,47,48,49,52,53,54,57,58,59)  AND `type` = 1  AND `status` = 1 [ RunTime:0.000308s ]
[2024-09-04T18:35:49+08:00][sql] SHOW FULL COLUMNS FROM `my_config` [ RunTime:0.001599s ]
[2024-09-04T18:35:49+08:00][sql] SELECT * FROM `my_config` WHERE  `type` = 'system' LIMIT 1 [ RunTime:0.000270s ]
[2024-09-04T18:35:49+08:00][sql] SELECT * FROM `my_config` WHERE  `type` = 'system' LIMIT 1 [ RunTime:0.000261s ]
[2024-09-04T18:35:49+08:00][sql] SELECT * FROM `my_config` WHERE  `type` = 'system' LIMIT 1 [ RunTime:0.000258s ]
[2024-09-04T18:35:49+08:00][sql] SELECT * FROM `my_config` WHERE  `type` = 'system' LIMIT 1 [ RunTime:0.000211s ]
[2024-09-04T18:35:50+08:00][sql] CONNECT:[ UseTime:0.023199s ] mysql:host=127.0.0.1;port=3306;dbname=ymyz_cn;charset=utf8
[2024-09-04T18:35:50+08:00][sql] SHOW FULL COLUMNS FROM `my_auth_group_access` [ RunTime:0.000551s ]
[2024-09-04T18:35:50+08:00][sql] SELECT `uid`,`group_id`,`title`,`rules` FROM `my_auth_group_access` `a` INNER JOIN `my_auth_group` `g` ON `a`.`group_id`=`g`.`id` WHERE  ( a.uid='2' and g.status='1' ) [ RunTime:0.000283s ]
[2024-09-04T18:35:50+08:00][sql] SHOW FULL COLUMNS FROM `my_auth_rule` [ RunTime:0.000520s ]
[2024-09-04T18:35:50+08:00][sql] SELECT `condition`,`name` FROM `my_auth_rule` WHERE  `id` IN (31,32,33,36,37,41,42,43,46,47,48,49,52,53,54,57,58,59)  AND `type` = 1  AND `status` = 1 [ RunTime:0.000300s ]
[2024-09-04T18:35:50+08:00][sql] SHOW FULL COLUMNS FROM `my_card` [ RunTime:0.001086s ]
[2024-09-04T18:35:50+08:00][sql] SELECT COUNT(*) AS think_count FROM `my_card` LIMIT 1 [ RunTime:0.000182s ]
[2024-09-04T18:35:51+08:00][sql] CONNECT:[ UseTime:0.000830s ] mysql:host=127.0.0.1;port=3306;dbname=ymyz_cn;charset=utf8
[2024-09-04T18:35:51+08:00][sql] SHOW FULL COLUMNS FROM `my_auth_group_access` [ RunTime:0.001173s ]
[2024-09-04T18:35:51+08:00][sql] SELECT `uid`,`group_id`,`title`,`rules` FROM `my_auth_group_access` `a` INNER JOIN `my_auth_group` `g` ON `a`.`group_id`=`g`.`id` WHERE  ( a.uid='2' and g.status='1' ) [ RunTime:0.000916s ]
[2024-09-04T18:35:51+08:00][sql] SHOW FULL COLUMNS FROM `my_auth_rule` [ RunTime:0.000574s ]
[2024-09-04T18:35:51+08:00][sql] SELECT `condition`,`name` FROM `my_auth_rule` WHERE  `id` IN (31,32,33,36,37,41,42,43,46,47,48,49,52,53,54,57,58,59)  AND `type` = 1  AND `status` = 1 [ RunTime:0.000409s ]
[2024-09-04T18:35:51+08:00][sql] SHOW FULL COLUMNS FROM `my_config` [ RunTime:0.000662s ]
[2024-09-04T18:35:51+08:00][sql] SELECT * FROM `my_config` WHERE  `type` = 'system' LIMIT 1 [ RunTime:0.000418s ]
[2024-09-04T18:35:51+08:00][sql] SELECT * FROM `my_config` WHERE  `type` = 'system' LIMIT 1 [ RunTime:0.000281s ]
[2024-09-04T18:35:51+08:00][sql] SELECT * FROM `my_config` WHERE  `type` = 'system' LIMIT 1 [ RunTime:0.000254s ]
[2024-09-04T18:35:51+08:00][sql] SELECT * FROM `my_config` WHERE  `type` = 'system' LIMIT 1 [ RunTime:0.000254s ]
[2024-09-04T18:35:51+08:00][sql] CONNECT:[ UseTime:0.000838s ] mysql:host=127.0.0.1;port=3306;dbname=ymyz_cn;charset=utf8
[2024-09-04T18:35:51+08:00][sql] SHOW FULL COLUMNS FROM `my_auth_group_access` [ RunTime:0.000547s ]
[2024-09-04T18:35:51+08:00][sql] SELECT `uid`,`group_id`,`title`,`rules` FROM `my_auth_group_access` `a` INNER JOIN `my_auth_group` `g` ON `a`.`group_id`=`g`.`id` WHERE  ( a.uid='2' and g.status='1' ) [ RunTime:0.000309s ]
[2024-09-04T18:35:51+08:00][sql] SHOW FULL COLUMNS FROM `my_auth_rule` [ RunTime:0.000548s ]
[2024-09-04T18:35:51+08:00][sql] SELECT `condition`,`name` FROM `my_auth_rule` WHERE  `id` IN (31,32,33,36,37,41,42,43,46,47,48,49,52,53,54,57,58,59)  AND `type` = 1  AND `status` = 1 [ RunTime:0.000555s ]
[2024-09-04T18:35:51+08:00][sql] SHOW FULL COLUMNS FROM `my_camilo` [ RunTime:0.000947s ]
[2024-09-04T18:35:51+08:00][sql] SELECT COUNT(*) AS think_count FROM `my_camilo` LIMIT 1 [ RunTime:0.000291s ]
[2024-09-04T18:35:53+08:00][sql] CONNECT:[ UseTime:0.019742s ] mysql:host=127.0.0.1;port=3306;dbname=ymyz_cn;charset=utf8
[2024-09-04T18:35:53+08:00][sql] SHOW FULL COLUMNS FROM `my_auth_group_access` [ RunTime:0.000782s ]
[2024-09-04T18:35:53+08:00][sql] SELECT `uid`,`group_id`,`title`,`rules` FROM `my_auth_group_access` `a` INNER JOIN `my_auth_group` `g` ON `a`.`group_id`=`g`.`id` WHERE  ( a.uid='2' and g.status='1' ) [ RunTime:0.000952s ]
[2024-09-04T18:35:53+08:00][sql] SHOW FULL COLUMNS FROM `my_auth_rule` [ RunTime:0.001104s ]
[2024-09-04T18:35:53+08:00][sql] SELECT `condition`,`name` FROM `my_auth_rule` WHERE  `id` IN (31,32,33,36,37,41,42,43,46,47,48,49,52,53,54,57,58,59)  AND `type` = 1  AND `status` = 1 [ RunTime:0.000302s ]
[2024-09-04T18:35:53+08:00][sql] SHOW FULL COLUMNS FROM `my_config` [ RunTime:0.000702s ]
[2024-09-04T18:35:53+08:00][sql] SELECT * FROM `my_config` WHERE  `type` = 'system' LIMIT 1 [ RunTime:0.000293s ]
[2024-09-04T18:35:53+08:00][sql] SELECT * FROM `my_config` WHERE  `type` = 'system' LIMIT 1 [ RunTime:0.000254s ]
[2024-09-04T18:35:53+08:00][sql] SELECT * FROM `my_config` WHERE  `type` = 'system' LIMIT 1 [ RunTime:0.000237s ]
[2024-09-04T18:35:53+08:00][sql] SELECT * FROM `my_config` WHERE  `type` = 'system' LIMIT 1 [ RunTime:0.000250s ]
[2024-09-04T18:35:53+08:00][sql] CONNECT:[ UseTime:0.000759s ] mysql:host=127.0.0.1;port=3306;dbname=ymyz_cn;charset=utf8
[2024-09-04T18:35:53+08:00][sql] SHOW FULL COLUMNS FROM `my_auth_group_access` [ RunTime:0.000515s ]
[2024-09-04T18:35:53+08:00][sql] SELECT `uid`,`group_id`,`title`,`rules` FROM `my_auth_group_access` `a` INNER JOIN `my_auth_group` `g` ON `a`.`group_id`=`g`.`id` WHERE  ( a.uid='2' and g.status='1' ) [ RunTime:0.000273s ]
[2024-09-04T18:35:53+08:00][sql] SHOW FULL COLUMNS FROM `my_auth_rule` [ RunTime:0.001029s ]
[2024-09-04T18:35:53+08:00][sql] SELECT `condition`,`name` FROM `my_auth_rule` WHERE  `id` IN (31,32,33,36,37,41,42,43,46,47,48,49,52,53,54,57,58,59)  AND `type` = 1  AND `status` = 1 [ RunTime:0.000288s ]
[2024-09-04T18:35:53+08:00][sql] SHOW FULL COLUMNS FROM `my_user` [ RunTime:0.001006s ]
[2024-09-04T18:35:53+08:00][sql] SELECT COUNT(*) AS think_count FROM `my_user` LIMIT 1 [ RunTime:0.000164s ]
[2024-09-04T18:35:56+08:00][sql] CONNECT:[ UseTime:0.017952s ] mysql:host=127.0.0.1;port=3306;dbname=ymyz_cn;charset=utf8
[2024-09-04T18:35:56+08:00][sql] SHOW FULL COLUMNS FROM `my_auth_group_access` [ RunTime:0.000679s ]
[2024-09-04T18:35:56+08:00][sql] SELECT `uid`,`group_id`,`title`,`rules` FROM `my_auth_group_access` `a` INNER JOIN `my_auth_group` `g` ON `a`.`group_id`=`g`.`id` WHERE  ( a.uid='2' and g.status='1' ) [ RunTime:0.000433s ]
[2024-09-04T18:35:56+08:00][sql] SHOW FULL COLUMNS FROM `my_auth_rule` [ RunTime:0.000582s ]
[2024-09-04T18:35:56+08:00][sql] SELECT `condition`,`name` FROM `my_auth_rule` WHERE  `id` IN (31,32,33,36,37,41,42,43,46,47,48,49,52,53,54,57,58,59)  AND `type` = 1  AND `status` = 1 [ RunTime:0.000412s ]
[2024-09-04T18:35:56+08:00][sql] SHOW FULL COLUMNS FROM `my_config` [ RunTime:0.000747s ]
[2024-09-04T18:35:56+08:00][sql] SELECT * FROM `my_config` WHERE  `type` = 'system' LIMIT 1 [ RunTime:0.000383s ]
[2024-09-04T18:35:56+08:00][sql] SELECT * FROM `my_config` WHERE  `type` = 'system' LIMIT 1 [ RunTime:0.000329s ]
[2024-09-04T18:35:56+08:00][sql] SELECT * FROM `my_config` WHERE  `type` = 'system' LIMIT 1 [ RunTime:0.000343s ]
[2024-09-04T18:35:56+08:00][sql] SELECT * FROM `my_config` WHERE  `type` = 'system' LIMIT 1 [ RunTime:0.000283s ]
[2024-09-04T18:35:56+08:00][sql] CONNECT:[ UseTime:0.000710s ] mysql:host=127.0.0.1;port=3306;dbname=ymyz_cn;charset=utf8
[2024-09-04T18:35:56+08:00][sql] SHOW FULL COLUMNS FROM `my_auth_group_access` [ RunTime:0.001122s ]
[2024-09-04T18:35:56+08:00][sql] SELECT `uid`,`group_id`,`title`,`rules` FROM `my_auth_group_access` `a` INNER JOIN `my_auth_group` `g` ON `a`.`group_id`=`g`.`id` WHERE  ( a.uid='2' and g.status='1' ) [ RunTime:0.000272s ]
[2024-09-04T18:35:56+08:00][sql] SHOW FULL COLUMNS FROM `my_auth_rule` [ RunTime:0.001798s ]
[2024-09-04T18:35:56+08:00][sql] SELECT `condition`,`name` FROM `my_auth_rule` WHERE  `id` IN (31,32,33,36,37,41,42,43,46,47,48,49,52,53,54,57,58,59)  AND `type` = 1  AND `status` = 1 [ RunTime:0.000512s ]
[2024-09-04T18:35:56+08:00][sql] SHOW FULL COLUMNS FROM `my_camilouser` [ RunTime:0.000560s ]
[2024-09-04T18:35:56+08:00][sql] SELECT COUNT(*) AS think_count FROM `my_camilouser` LIMIT 1 [ RunTime:0.000166s ]
[2024-09-04T18:49:49+08:00][sql] CONNECT:[ UseTime:0.001102s ] mysql:host=127.0.0.1;port=3306;dbname=ymyz_cn;charset=utf8
[2024-09-04T18:49:49+08:00][sql] SHOW FULL COLUMNS FROM `my_auth_group_access` [ RunTime:0.001257s ]
[2024-09-04T18:49:49+08:00][sql] SELECT `uid`,`group_id`,`title`,`rules` FROM `my_auth_group_access` `a` INNER JOIN `my_auth_group` `g` ON `a`.`group_id`=`g`.`id` WHERE  ( a.uid='2' and g.status='1' ) [ RunTime:0.000349s ]
[2024-09-04T18:49:49+08:00][sql] SHOW FULL COLUMNS FROM `my_auth_rule` [ RunTime:0.001124s ]
[2024-09-04T18:49:49+08:00][sql] SELECT `condition`,`name` FROM `my_auth_rule` WHERE  `id` IN (31,32,33,36,37,41,42,43,46,47,48,49,52,53,54,57,58,59)  AND `type` = 1  AND `status` = 1 [ RunTime:0.000335s ]
[2024-09-04T18:49:49+08:00][sql] SHOW FULL COLUMNS FROM `my_config` [ RunTime:0.000612s ]
[2024-09-04T18:49:49+08:00][sql] SELECT * FROM `my_config` WHERE  `type` = 'system' LIMIT 1 [ RunTime:0.000297s ]
[2024-09-04T18:49:49+08:00][sql] SELECT * FROM `my_config` WHERE  `type` = 'system' LIMIT 1 [ RunTime:0.000238s ]
[2024-09-04T18:49:49+08:00][sql] SELECT * FROM `my_config` WHERE  `type` = 'system' LIMIT 1 [ RunTime:0.000233s ]
[2024-09-04T18:49:49+08:00][sql] SELECT * FROM `my_config` WHERE  `type` = 'system' LIMIT 1 [ RunTime:0.000230s ]
[2024-09-04T18:49:50+08:00][sql] CONNECT:[ UseTime:0.025474s ] mysql:host=127.0.0.1;port=3306;dbname=ymyz_cn;charset=utf8
[2024-09-04T18:49:50+08:00][sql] SHOW FULL COLUMNS FROM `my_auth_group_access` [ RunTime:0.001975s ]
[2024-09-04T18:49:50+08:00][sql] SELECT `uid`,`group_id`,`title`,`rules` FROM `my_auth_group_access` `a` INNER JOIN `my_auth_group` `g` ON `a`.`group_id`=`g`.`id` WHERE  ( a.uid='2' and g.status='1' ) [ RunTime:0.000385s ]
[2024-09-04T18:49:50+08:00][sql] SHOW FULL COLUMNS FROM `my_auth_rule` [ RunTime:0.000518s ]
[2024-09-04T18:49:50+08:00][sql] SELECT `condition`,`name` FROM `my_auth_rule` WHERE  `id` IN (31,32,33,36,37,41,42,43,46,47,48,49,52,53,54,57,58,59)  AND `type` = 1  AND `status` = 1 [ RunTime:0.000320s ]
[2024-09-04T18:49:50+08:00][sql] SHOW FULL COLUMNS FROM `my_software` [ RunTime:0.001139s ]
[2024-09-04T18:49:50+08:00][sql] SELECT COUNT(*) AS think_count FROM `my_software` LIMIT 1 [ RunTime:0.000208s ]
[2024-09-04T18:57:19+08:00][sql] CONNECT:[ UseTime:0.022700s ] mysql:host=127.0.0.1;port=3306;dbname=ymyz_cn;charset=utf8
[2024-09-04T18:57:19+08:00][sql] SHOW FULL COLUMNS FROM `my_auth_rule` [ RunTime:0.000950s ]
[2024-09-04T18:57:19+08:00][sql] SELECT * FROM `my_auth_rule` WHERE  `isnav` = 1  AND `status` = 1 ORDER BY `weight`,`id` [ RunTime:0.000412s ]
[2024-09-04T18:57:19+08:00][sql] SHOW FULL COLUMNS FROM `my_config` [ RunTime:0.000497s ]
[2024-09-04T18:57:19+08:00][sql] SELECT * FROM `my_config` WHERE  `type` = 'system' LIMIT 1 [ RunTime:0.000286s ]
[2024-09-04T18:57:19+08:00][sql] SELECT * FROM `my_config` WHERE  `type` = 'system' LIMIT 1 [ RunTime:0.000266s ]
[2024-09-04T18:57:19+08:00][sql] SELECT * FROM `my_config` WHERE  `type` = 'system' LIMIT 1 [ RunTime:0.000249s ]
[2024-09-04T18:57:19+08:00][sql] SELECT * FROM `my_config` WHERE  `type` = 'system' LIMIT 1 [ RunTime:0.000247s ]
[2024-09-04T18:57:19+08:00][sql] SELECT * FROM `my_config` WHERE  `type` = 'system' LIMIT 1 [ RunTime:0.000332s ]
[2024-09-04T18:57:19+08:00][sql] SELECT * FROM `my_config` WHERE  `type` = 'system' LIMIT 1 [ RunTime:0.000248s ]
[2024-09-04T18:57:19+08:00][sql] CONNECT:[ UseTime:0.000885s ] mysql:host=127.0.0.1;port=3306;dbname=ymyz_cn;charset=utf8
[2024-09-04T18:57:19+08:00][sql] SHOW FULL COLUMNS FROM `my_camilo` [ RunTime:0.000580s ]
[2024-09-04T18:57:19+08:00][sql] SELECT COUNT(`id`) AS think_count FROM `my_camilo` WHERE  `activate` = 0  AND `status` = 1 LIMIT 1 [ RunTime:0.000266s ]
[2024-09-04T18:57:19+08:00][sql] SHOW FULL COLUMNS FROM `my_software` [ RunTime:0.000488s ]
[2024-09-04T18:57:19+08:00][sql] SELECT COUNT(`id`) AS think_count FROM `my_software` WHERE  `status` = 1 LIMIT 1 [ RunTime:0.000249s ]
[2024-09-04T18:57:19+08:00][sql] SHOW FULL COLUMNS FROM `my_camilouser` [ RunTime:0.000555s ]
[2024-09-04T18:57:19+08:00][sql] SELECT COUNT(`id`) AS think_count FROM `my_camilouser` WHERE  `status` = 1 LIMIT 1 [ RunTime:0.000343s ]
[2024-09-04T18:57:19+08:00][sql] SHOW FULL COLUMNS FROM `my_user` [ RunTime:0.000476s ]
[2024-09-04T18:57:19+08:00][sql] SELECT COUNT(`id`) AS think_count FROM `my_user` WHERE  `status` = 1 LIMIT 1 [ RunTime:0.000243s ]
[2024-09-04T18:57:19+08:00][sql] SELECT COUNT(`id`) AS think_count FROM `my_camilouser` WHERE  1  LIMIT 1 [ RunTime:0.000181s ]
[2024-09-04T18:57:19+08:00][sql] SHOW FULL COLUMNS FROM `my_config` [ RunTime:0.000634s ]
[2024-09-04T18:57:19+08:00][sql] SELECT * FROM `my_config` WHERE  `type` = 'system' LIMIT 1 [ RunTime:0.000231s ]
[2024-09-04T18:57:19+08:00][sql] SELECT * FROM `my_config` WHERE  `type` = 'system' LIMIT 1 [ RunTime:0.000175s ]
[2024-09-04T18:57:19+08:00][sql] SELECT * FROM `my_config` WHERE  `type` = 'system' LIMIT 1 [ RunTime:0.000180s ]
[2024-09-04T18:57:19+08:00][sql] SELECT * FROM `my_config` WHERE  `type` = 'system' LIMIT 1 [ RunTime:0.000170s ]
[2024-09-04T18:57:25+08:00][sql] CONNECT:[ UseTime:0.001269s ] mysql:host=127.0.0.1;port=3306;dbname=ymyz_cn;charset=utf8
[2024-09-04T18:57:25+08:00][sql] SHOW FULL COLUMNS FROM `my_config` [ RunTime:0.000607s ]
[2024-09-04T18:57:25+08:00][sql] SELECT * FROM `my_config` WHERE  `type` = 'system' LIMIT 1 [ RunTime:0.000316s ]
[2024-09-04T18:57:25+08:00][sql] SELECT * FROM `my_config` WHERE  `type` = 'system' LIMIT 1 [ RunTime:0.000270s ]
[2024-09-04T18:57:25+08:00][sql] SELECT * FROM `my_config` WHERE  `type` = 'system' LIMIT 1 [ RunTime:0.000285s ]
[2024-09-04T18:57:25+08:00][sql] SELECT * FROM `my_config` WHERE  `type` = 'system' LIMIT 1 [ RunTime:0.000303s ]
[2024-09-04T18:57:25+08:00][sql] CONNECT:[ UseTime:0.020576s ] mysql:host=127.0.0.1;port=3306;dbname=ymyz_cn;charset=utf8
[2024-09-04T18:57:25+08:00][sql] SHOW FULL COLUMNS FROM `my_classify` [ RunTime:0.000634s ]
[2024-09-04T18:57:25+08:00][sql] SELECT COUNT(*) AS think_count FROM `my_classify` LIMIT 1 [ RunTime:0.000181s ]
[2024-09-04T18:57:31+08:00][sql] CONNECT:[ UseTime:0.001109s ] mysql:host=127.0.0.1;port=3306;dbname=ymyz_cn;charset=utf8
[2024-09-04T18:57:31+08:00][sql] SHOW FULL COLUMNS FROM `my_config` [ RunTime:0.000576s ]
[2024-09-04T18:57:31+08:00][sql] SELECT * FROM `my_config` WHERE  `type` = 'system' LIMIT 1 [ RunTime:0.000244s ]
[2024-09-04T18:57:31+08:00][sql] SELECT * FROM `my_config` WHERE  `type` = 'system' LIMIT 1 [ RunTime:0.000190s ]
[2024-09-04T18:57:31+08:00][sql] SELECT * FROM `my_config` WHERE  `type` = 'system' LIMIT 1 [ RunTime:0.000176s ]
[2024-09-04T18:57:31+08:00][sql] SELECT * FROM `my_config` WHERE  `type` = 'system' LIMIT 1 [ RunTime:0.000194s ]
[2024-09-04T18:57:31+08:00][sql] CONNECT:[ UseTime:0.000814s ] mysql:host=127.0.0.1;port=3306;dbname=ymyz_cn;charset=utf8
[2024-09-04T18:57:31+08:00][sql] SHOW FULL COLUMNS FROM `my_software` [ RunTime:0.001278s ]
[2024-09-04T18:57:31+08:00][sql] SELECT COUNT(*) AS think_count FROM `my_software` LIMIT 1 [ RunTime:0.000231s ]
[2024-09-04T18:57:32+08:00][sql] CONNECT:[ UseTime:0.021331s ] mysql:host=127.0.0.1;port=3306;dbname=ymyz_cn;charset=utf8
[2024-09-04T18:57:32+08:00][sql] SHOW FULL COLUMNS FROM `my_classify` [ RunTime:0.001181s ]
[2024-09-04T18:57:32+08:00][sql] SELECT * FROM `my_classify` [ RunTime:0.000221s ]
[2024-09-04T18:57:42+08:00][sql] CONNECT:[ UseTime:0.020307s ] mysql:host=127.0.0.1;port=3306;dbname=ymyz_cn;charset=utf8
[2024-09-04T18:57:42+08:00][sql] SHOW FULL COLUMNS FROM `my_auth_group` [ RunTime:0.000897s ]
[2024-09-04T18:57:42+08:00][sql] SELECT `id` FROM `my_auth_group` WHERE  `title` = '脚本'  AND `id` <> 0 LIMIT 1 [ RunTime:0.000355s ]
[2024-09-04T18:57:42+08:00][sql] SHOW FULL COLUMNS FROM `my_classify` [ RunTime:0.000489s ]
[2024-09-04T18:57:42+08:00][sql] INSERT INTO `my_classify` SET `id` = 0 , `title` = '脚本' , `create_time` = 1725447462 , `update_time` = 1725447462 [ RunTime:0.000239s ]
[2024-09-04T18:57:44+08:00][sql] CONNECT:[ UseTime:0.000826s ] mysql:host=127.0.0.1;port=3306;dbname=ymyz_cn;charset=utf8
[2024-09-04T18:57:44+08:00][sql] SHOW FULL COLUMNS FROM `my_classify` [ RunTime:0.014559s ]
[2024-09-04T18:57:44+08:00][sql] SELECT COUNT(*) AS think_count FROM `my_classify` LIMIT 1 [ RunTime:0.000189s ]
[2024-09-04T18:57:44+08:00][sql] SELECT * FROM `my_classify` LIMIT 0,15 [ RunTime:0.000150s ]
[2024-09-04T18:57:46+08:00][sql] CONNECT:[ UseTime:0.000744s ] mysql:host=127.0.0.1;port=3306;dbname=ymyz_cn;charset=utf8
[2024-09-04T18:57:46+08:00][sql] SHOW FULL COLUMNS FROM `my_classify` [ RunTime:0.001099s ]
[2024-09-04T18:57:46+08:00][sql] SELECT * FROM `my_classify` [ RunTime:0.000169s ]
[2024-09-04T18:58:26+08:00][sql] CONNECT:[ UseTime:0.025393s ] mysql:host=127.0.0.1;port=3306;dbname=ymyz_cn;charset=utf8
[2024-09-04T18:58:26+08:00][sql] SHOW FULL COLUMNS FROM `my_software` [ RunTime:0.001396s ]
[2024-09-04T18:58:26+08:00][sql] INSERT INTO `my_software` SET `id` = 0 , `pid` = 1 , `title` = '电影机器人' , `versions` = '1' , `notice` = '公告' , `loginway` = 1 , `updatestat` = 1 , `loRangeurl` = '' , `secretKey` = '5b1zSDQj8c7x4NLZ0X6THCdyRfW93G2YoEAvUrgmVBnPqhlMOkIt' , `catalogue` = '0YndeVWoLh' , `create_time` = 1725447506 , `update_time` = 1725447506 [ RunTime:0.000215s ]
[2024-09-04T18:58:28+08:00][sql] CONNECT:[ UseTime:0.001256s ] mysql:host=127.0.0.1;port=3306;dbname=ymyz_cn;charset=utf8
[2024-09-04T18:58:28+08:00][sql] SHOW FULL COLUMNS FROM `my_software` [ RunTime:0.000666s ]
[2024-09-04T18:58:28+08:00][sql] SELECT COUNT(*) AS think_count FROM `my_software` LIMIT 1 [ RunTime:0.000247s ]
[2024-09-04T18:58:28+08:00][sql] SELECT * FROM `my_software` LIMIT 0,15 [ RunTime:0.000241s ]
[2024-09-04T18:58:28+08:00][sql] SHOW FULL COLUMNS FROM `my_classify` [ RunTime:0.001135s ]
[2024-09-04T18:58:28+08:00][sql] SELECT * FROM `my_classify` WHERE  `id` = 1 [ RunTime:0.000254s ]
[2024-09-04T18:58:43+08:00][sql] CONNECT:[ UseTime:0.000913s ] mysql:host=127.0.0.1;port=3306;dbname=ymyz_cn;charset=utf8
[2024-09-04T18:58:43+08:00][sql] SHOW FULL COLUMNS FROM `my_config` [ RunTime:0.000806s ]
[2024-09-04T18:58:43+08:00][sql] SELECT * FROM `my_config` WHERE  `type` = 'system' LIMIT 1 [ RunTime:0.000478s ]
[2024-09-04T18:58:43+08:00][sql] SELECT * FROM `my_config` WHERE  `type` = 'system' LIMIT 1 [ RunTime:0.000316s ]
[2024-09-04T18:58:43+08:00][sql] SELECT * FROM `my_config` WHERE  `type` = 'system' LIMIT 1 [ RunTime:0.000234s ]
[2024-09-04T18:58:43+08:00][sql] SELECT * FROM `my_config` WHERE  `type` = 'system' LIMIT 1 [ RunTime:0.000243s ]
[2024-09-04T18:58:43+08:00][sql] CONNECT:[ UseTime:0.000999s ] mysql:host=127.0.0.1;port=3306;dbname=ymyz_cn;charset=utf8
[2024-09-04T18:58:43+08:00][sql] SHOW FULL COLUMNS FROM `my_card` [ RunTime:0.001240s ]
[2024-09-04T18:58:43+08:00][sql] SELECT COUNT(*) AS think_count FROM `my_card` LIMIT 1 [ RunTime:0.000294s ]
[2024-09-04T18:58:44+08:00][sql] CONNECT:[ UseTime:0.025063s ] mysql:host=127.0.0.1;port=3306;dbname=ymyz_cn;charset=utf8
[2024-09-04T18:58:44+08:00][sql] SHOW FULL COLUMNS FROM `my_software` [ RunTime:0.001672s ]
[2024-09-04T18:58:44+08:00][sql] SELECT * FROM `my_software` [ RunTime:0.000314s ]
[2024-09-04T18:59:06+08:00][sql] CONNECT:[ UseTime:0.012686s ] mysql:host=127.0.0.1;port=3306;dbname=ymyz_cn;charset=utf8
[2024-09-04T18:59:06+08:00][sql] SHOW FULL COLUMNS FROM `my_card` [ RunTime:0.001227s ]
[2024-09-04T18:59:06+08:00][sql] INSERT INTO `my_card` SET `id` = 0 , `pid` = 1 , `cardtype` = 1 , `price` = '1' , `comment` = '' , `create_time` = 1725447546 , `update_time` = 1725447546 [ RunTime:0.000277s ]
[2024-09-04T18:59:08+08:00][sql] CONNECT:[ UseTime:0.000902s ] mysql:host=127.0.0.1;port=3306;dbname=ymyz_cn;charset=utf8
[2024-09-04T18:59:08+08:00][sql] SHOW FULL COLUMNS FROM `my_card` [ RunTime:0.001143s ]
[2024-09-04T18:59:08+08:00][sql] SELECT COUNT(*) AS think_count FROM `my_card` LIMIT 1 [ RunTime:0.000242s ]
[2024-09-04T18:59:08+08:00][sql] SELECT * FROM `my_card` LIMIT 0,15 [ RunTime:0.000237s ]
[2024-09-04T18:59:08+08:00][sql] SHOW FULL COLUMNS FROM `my_software` [ RunTime:0.001446s ]
[2024-09-04T18:59:08+08:00][sql] SELECT * FROM `my_software` WHERE  `id` = 1 LIMIT 1 [ RunTime:0.000268s ]
[2024-09-04T18:59:09+08:00][sql] CONNECT:[ UseTime:0.000978s ] mysql:host=127.0.0.1;port=3306;dbname=ymyz_cn;charset=utf8
[2024-09-04T18:59:09+08:00][sql] SHOW FULL COLUMNS FROM `my_software` [ RunTime:0.000557s ]
[2024-09-04T18:59:09+08:00][sql] SELECT * FROM `my_software` [ RunTime:0.000195s ]
[2024-09-04T18:59:16+08:00][sql] CONNECT:[ UseTime:0.001198s ] mysql:host=127.0.0.1;port=3306;dbname=ymyz_cn;charset=utf8
[2024-09-04T18:59:16+08:00][sql] SHOW FULL COLUMNS FROM `my_card` [ RunTime:0.001555s ]
[2024-09-04T18:59:16+08:00][sql] INSERT INTO `my_card` SET `id` = 0 , `pid` = 1 , `cardtype` = 2 , `price` = '2' , `comment` = '' , `create_time` = 1725447556 , `update_time` = 1725447556 [ RunTime:0.000398s ]
[2024-09-04T18:59:18+08:00][sql] CONNECT:[ UseTime:0.022945s ] mysql:host=127.0.0.1;port=3306;dbname=ymyz_cn;charset=utf8
[2024-09-04T18:59:18+08:00][sql] SHOW FULL COLUMNS FROM `my_card` [ RunTime:0.001274s ]
[2024-09-04T18:59:18+08:00][sql] SELECT COUNT(*) AS think_count FROM `my_card` LIMIT 1 [ RunTime:0.000249s ]
[2024-09-04T18:59:18+08:00][sql] SELECT * FROM `my_card` LIMIT 0,15 [ RunTime:0.000296s ]
[2024-09-04T18:59:18+08:00][sql] SHOW FULL COLUMNS FROM `my_software` [ RunTime:0.001195s ]
[2024-09-04T18:59:18+08:00][sql] SELECT * FROM `my_software` WHERE  `id` = 1 LIMIT 1 [ RunTime:0.000262s ]
[2024-09-04T18:59:18+08:00][sql] SELECT * FROM `my_software` WHERE  `id` = 1 LIMIT 1 [ RunTime:0.000226s ]
[2024-09-04T18:59:19+08:00][sql] CONNECT:[ UseTime:0.001028s ] mysql:host=127.0.0.1;port=3306;dbname=ymyz_cn;charset=utf8
[2024-09-04T18:59:19+08:00][sql] SHOW FULL COLUMNS FROM `my_software` [ RunTime:0.001404s ]
[2024-09-04T18:59:19+08:00][sql] SELECT * FROM `my_software` [ RunTime:0.000264s ]
[2024-09-04T18:59:23+08:00][sql] CONNECT:[ UseTime:0.023378s ] mysql:host=127.0.0.1;port=3306;dbname=ymyz_cn;charset=utf8
[2024-09-04T18:59:23+08:00][sql] SHOW FULL COLUMNS FROM `my_card` [ RunTime:0.000698s ]
[2024-09-04T18:59:23+08:00][sql] INSERT INTO `my_card` SET `id` = 0 , `pid` = 1 , `cardtype` = 3 , `price` = '3' , `comment` = '' , `create_time` = 1725447563 , `update_time` = 1725447563 [ RunTime:0.000353s ]
[2024-09-04T18:59:24+08:00][sql] CONNECT:[ UseTime:0.020271s ] mysql:host=127.0.0.1;port=3306;dbname=ymyz_cn;charset=utf8
[2024-09-04T18:59:24+08:00][sql] SHOW FULL COLUMNS FROM `my_card` [ RunTime:0.001246s ]
[2024-09-04T18:59:24+08:00][sql] SELECT COUNT(*) AS think_count FROM `my_card` LIMIT 1 [ RunTime:0.000291s ]
[2024-09-04T18:59:24+08:00][sql] SELECT * FROM `my_card` LIMIT 0,15 [ RunTime:0.000297s ]
[2024-09-04T18:59:24+08:00][sql] SHOW FULL COLUMNS FROM `my_software` [ RunTime:0.000525s ]
[2024-09-04T18:59:24+08:00][sql] SELECT * FROM `my_software` WHERE  `id` = 1 LIMIT 1 [ RunTime:0.000269s ]
[2024-09-04T18:59:24+08:00][sql] SELECT * FROM `my_software` WHERE  `id` = 1 LIMIT 1 [ RunTime:0.000233s ]
[2024-09-04T18:59:24+08:00][sql] SELECT * FROM `my_software` WHERE  `id` = 1 LIMIT 1 [ RunTime:0.000363s ]
[2024-09-04T18:59:27+08:00][sql] CONNECT:[ UseTime:0.000813s ] mysql:host=127.0.0.1;port=3306;dbname=ymyz_cn;charset=utf8
[2024-09-04T18:59:27+08:00][sql] SHOW FULL COLUMNS FROM `my_software` [ RunTime:0.000561s ]
[2024-09-04T18:59:27+08:00][sql] SELECT * FROM `my_software` [ RunTime:0.000195s ]
[2024-09-04T18:59:31+08:00][sql] CONNECT:[ UseTime:0.001047s ] mysql:host=127.0.0.1;port=3306;dbname=ymyz_cn;charset=utf8
[2024-09-04T18:59:31+08:00][sql] SHOW FULL COLUMNS FROM `my_card` [ RunTime:0.001309s ]
[2024-09-04T18:59:31+08:00][sql] INSERT INTO `my_card` SET `id` = 0 , `pid` = 1 , `cardtype` = 4 , `price` = '3' , `comment` = '' , `create_time` = 1725447571 , `update_time` = 1725447571 [ RunTime:0.000260s ]
[2024-09-04T18:59:32+08:00][sql] CONNECT:[ UseTime:0.010448s ] mysql:host=127.0.0.1;port=3306;dbname=ymyz_cn;charset=utf8
[2024-09-04T18:59:32+08:00][sql] SHOW FULL COLUMNS FROM `my_card` [ RunTime:0.001185s ]
[2024-09-04T18:59:32+08:00][sql] SELECT COUNT(*) AS think_count FROM `my_card` LIMIT 1 [ RunTime:0.000251s ]
[2024-09-04T18:59:32+08:00][sql] SELECT * FROM `my_card` LIMIT 0,15 [ RunTime:0.000240s ]
[2024-09-04T18:59:32+08:00][sql] SHOW FULL COLUMNS FROM `my_software` [ RunTime:0.001043s ]
[2024-09-04T18:59:32+08:00][sql] SELECT * FROM `my_software` WHERE  `id` = 1 LIMIT 1 [ RunTime:0.000253s ]
[2024-09-04T18:59:32+08:00][sql] SELECT * FROM `my_software` WHERE  `id` = 1 LIMIT 1 [ RunTime:0.000219s ]
[2024-09-04T18:59:32+08:00][sql] SELECT * FROM `my_software` WHERE  `id` = 1 LIMIT 1 [ RunTime:0.000218s ]
[2024-09-04T18:59:32+08:00][sql] SELECT * FROM `my_software` WHERE  `id` = 1 LIMIT 1 [ RunTime:0.000250s ]
[2024-09-04T18:59:34+08:00][sql] CONNECT:[ UseTime:0.000813s ] mysql:host=127.0.0.1;port=3306;dbname=ymyz_cn;charset=utf8
[2024-09-04T18:59:34+08:00][sql] SHOW FULL COLUMNS FROM `my_software` [ RunTime:0.000603s ]
[2024-09-04T18:59:34+08:00][sql] SELECT * FROM `my_software` [ RunTime:0.000236s ]
[2024-09-04T18:59:38+08:00][sql] CONNECT:[ UseTime:0.000996s ] mysql:host=127.0.0.1;port=3306;dbname=ymyz_cn;charset=utf8
[2024-09-04T18:59:38+08:00][sql] SHOW FULL COLUMNS FROM `my_card` [ RunTime:0.001214s ]
[2024-09-04T18:59:38+08:00][sql] INSERT INTO `my_card` SET `id` = 0 , `pid` = 1 , `cardtype` = 5 , `price` = '4' , `comment` = '' , `create_time` = 1725447578 , `update_time` = 1725447578 [ RunTime:0.000293s ]
[2024-09-04T18:59:39+08:00][sql] CONNECT:[ UseTime:0.027069s ] mysql:host=127.0.0.1;port=3306;dbname=ymyz_cn;charset=utf8
[2024-09-04T18:59:39+08:00][sql] SHOW FULL COLUMNS FROM `my_card` [ RunTime:0.001467s ]
[2024-09-04T18:59:39+08:00][sql] SELECT COUNT(*) AS think_count FROM `my_card` LIMIT 1 [ RunTime:0.000320s ]
[2024-09-04T18:59:39+08:00][sql] SELECT * FROM `my_card` LIMIT 0,15 [ RunTime:0.000331s ]
[2024-09-04T18:59:39+08:00][sql] SHOW FULL COLUMNS FROM `my_software` [ RunTime:0.001386s ]
[2024-09-04T18:59:39+08:00][sql] SELECT * FROM `my_software` WHERE  `id` = 1 LIMIT 1 [ RunTime:0.000291s ]
[2024-09-04T18:59:39+08:00][sql] SELECT * FROM `my_software` WHERE  `id` = 1 LIMIT 1 [ RunTime:0.000250s ]
[2024-09-04T18:59:39+08:00][sql] SELECT * FROM `my_software` WHERE  `id` = 1 LIMIT 1 [ RunTime:0.000295s ]
[2024-09-04T18:59:39+08:00][sql] SELECT * FROM `my_software` WHERE  `id` = 1 LIMIT 1 [ RunTime:0.000250s ]
[2024-09-04T18:59:39+08:00][sql] SELECT * FROM `my_software` WHERE  `id` = 1 LIMIT 1 [ RunTime:0.000393s ]
[2024-09-04T18:59:45+08:00][sql] CONNECT:[ UseTime:0.012063s ] mysql:host=127.0.0.1;port=3306;dbname=ymyz_cn;charset=utf8
[2024-09-04T18:59:45+08:00][sql] SHOW FULL COLUMNS FROM `my_config` [ RunTime:0.000551s ]
[2024-09-04T18:59:45+08:00][sql] SELECT * FROM `my_config` WHERE  `type` = 'system' LIMIT 1 [ RunTime:0.000260s ]
[2024-09-04T18:59:45+08:00][sql] SELECT * FROM `my_config` WHERE  `type` = 'system' LIMIT 1 [ RunTime:0.000198s ]
[2024-09-04T18:59:45+08:00][sql] SELECT * FROM `my_config` WHERE  `type` = 'system' LIMIT 1 [ RunTime:0.000195s ]
[2024-09-04T18:59:45+08:00][sql] SELECT * FROM `my_config` WHERE  `type` = 'system' LIMIT 1 [ RunTime:0.000189s ]
[2024-09-04T18:59:45+08:00][sql] CONNECT:[ UseTime:0.018000s ] mysql:host=127.0.0.1;port=3306;dbname=ymyz_cn;charset=utf8
[2024-09-04T18:59:45+08:00][sql] SHOW FULL COLUMNS FROM `my_camilo` [ RunTime:0.001251s ]
[2024-09-04T18:59:45+08:00][sql] SELECT COUNT(*) AS think_count FROM `my_camilo` LIMIT 1 [ RunTime:0.000298s ]
[2024-09-04T18:59:46+08:00][sql] CONNECT:[ UseTime:0.000805s ] mysql:host=127.0.0.1;port=3306;dbname=ymyz_cn;charset=utf8
[2024-09-04T18:59:46+08:00][sql] SHOW FULL COLUMNS FROM `my_software` [ RunTime:0.000584s ]
[2024-09-04T18:59:46+08:00][sql] SELECT * FROM `my_software` [ RunTime:0.000235s ]
[2024-09-04T18:59:48+08:00][sql] CONNECT:[ UseTime:0.019044s ] mysql:host=127.0.0.1;port=3306;dbname=ymyz_cn;charset=utf8
[2024-09-04T18:59:48+08:00][sql] SHOW FULL COLUMNS FROM `my_card` [ RunTime:0.000554s ]
[2024-09-04T18:59:48+08:00][sql] SELECT * FROM `my_card` WHERE  `pid` = 1 [ RunTime:0.000333s ]
[2024-09-04T19:00:29+08:00][sql] CONNECT:[ UseTime:0.022499s ] mysql:host=127.0.0.1;port=3306;dbname=ymyz_cn;charset=utf8
[2024-09-04T19:00:29+08:00][sql] SHOW FULL COLUMNS FROM `my_camilo` [ RunTime:0.000631s ]
[2024-09-04T19:00:29+08:00][sql] INSERT INTO `my_camilo` SET `pid` = 1 , `card_id` = 1 , `dop` = 'S_' , `duration` = '1' , `camilo` = 'S_' , `create_time` = 1725447629 , `update_time` = 1725447629 [ RunTime:0.000228s ]
[2024-09-04T19:00:29+08:00][sql] INSERT INTO `my_camilo` SET `pid` = 1 , `card_id` = 1 , `dop` = 'S_' , `duration` = '1' , `camilo` = 'S_' , `create_time` = 1725447629 , `update_time` = 1725447629 [ RunTime:0.000288s ]
[2024-09-04T19:00:29+08:00][sql] INSERT INTO `my_camilo` SET `pid` = 1 , `card_id` = 1 , `dop` = 'S_' , `duration` = '1' , `camilo` = 'S_' , `create_time` = 1725447629 , `update_time` = 1725447629 [ RunTime:0.000410s ]
[2024-09-04T19:00:29+08:00][sql] INSERT INTO `my_camilo` SET `pid` = 1 , `card_id` = 1 , `dop` = 'S_' , `duration` = '1' , `camilo` = 'S_' , `create_time` = 1725447629 , `update_time` = 1725447629 [ RunTime:0.000254s ]
[2024-09-04T19:00:29+08:00][sql] INSERT INTO `my_camilo` SET `pid` = 1 , `card_id` = 1 , `dop` = 'S_' , `duration` = '1' , `camilo` = 'S_' , `create_time` = 1725447629 , `update_time` = 1725447629 [ RunTime:0.000335s ]
[2024-09-04T19:00:31+08:00][sql] CONNECT:[ UseTime:0.022243s ] mysql:host=127.0.0.1;port=3306;dbname=ymyz_cn;charset=utf8
[2024-09-04T19:00:31+08:00][sql] SHOW FULL COLUMNS FROM `my_camilo` [ RunTime:0.001206s ]
[2024-09-04T19:00:31+08:00][sql] SELECT COUNT(*) AS think_count FROM `my_camilo` LIMIT 1 [ RunTime:0.000202s ]
[2024-09-04T19:00:31+08:00][sql] SELECT * FROM `my_camilo` ORDER BY `id` DESC LIMIT 0,10 [ RunTime:0.000174s ]
[2024-09-04T19:00:31+08:00][sql] SHOW FULL COLUMNS FROM `my_software` [ RunTime:0.001025s ]
[2024-09-04T19:00:31+08:00][sql] SELECT * FROM `my_software` WHERE  `id` = 1 LIMIT 1 [ RunTime:0.000311s ]
[2024-09-04T19:00:31+08:00][sql] SHOW FULL COLUMNS FROM `my_card` [ RunTime:0.000425s ]
[2024-09-04T19:00:31+08:00][sql] SELECT * FROM `my_card` WHERE  `id` = 1  AND `pid` = 1 LIMIT 1 [ RunTime:0.000249s ]
[2024-09-04T19:00:31+08:00][sql] SELECT * FROM `my_software` WHERE  `id` = 1 LIMIT 1 [ RunTime:0.000304s ]
[2024-09-04T19:00:31+08:00][sql] SELECT * FROM `my_card` WHERE  `id` = 1  AND `pid` = 1 LIMIT 1 [ RunTime:0.000395s ]
[2024-09-04T19:00:31+08:00][sql] SELECT * FROM `my_software` WHERE  `id` = 1 LIMIT 1 [ RunTime:0.000338s ]
[2024-09-04T19:00:31+08:00][sql] SELECT * FROM `my_card` WHERE  `id` = 1  AND `pid` = 1 LIMIT 1 [ RunTime:0.000333s ]
[2024-09-04T19:00:31+08:00][sql] SELECT * FROM `my_software` WHERE  `id` = 1 LIMIT 1 [ RunTime:0.000326s ]
[2024-09-04T19:00:31+08:00][sql] SELECT * FROM `my_card` WHERE  `id` = 1  AND `pid` = 1 LIMIT 1 [ RunTime:0.000385s ]
[2024-09-04T19:00:31+08:00][sql] SELECT * FROM `my_software` WHERE  `id` = 1 LIMIT 1 [ RunTime:0.000299s ]
[2024-09-04T19:00:31+08:00][sql] SELECT * FROM `my_card` WHERE  `id` = 1  AND `pid` = 1 LIMIT 1 [ RunTime:0.000227s ]
[2024-09-04T19:00:43+08:00][sql] CONNECT:[ UseTime:0.000860s ] mysql:host=127.0.0.1;port=3306;dbname=ymyz_cn;charset=utf8
[2024-09-04T19:00:43+08:00][sql] SHOW FULL COLUMNS FROM `my_camilo` [ RunTime:0.001199s ]
[2024-09-04T19:00:43+08:00][sql] SELECT * FROM `my_camilo` WHERE  `id` IN (5,4,3,2,1) [ RunTime:0.000530s ]
[2024-09-04T19:00:43+08:00][sql] DELETE FROM `my_camilo` WHERE  `id` = 1 [ RunTime:0.000264s ]
[2024-09-04T19:00:43+08:00][sql] DELETE FROM `my_camilo` WHERE  `id` = 2 [ RunTime:0.000332s ]
[2024-09-04T19:00:43+08:00][sql] DELETE FROM `my_camilo` WHERE  `id` = 3 [ RunTime:0.000302s ]
[2024-09-04T19:00:43+08:00][sql] DELETE FROM `my_camilo` WHERE  `id` = 4 [ RunTime:0.000262s ]
[2024-09-04T19:00:43+08:00][sql] DELETE FROM `my_camilo` WHERE  `id` = 5 [ RunTime:0.000298s ]
[2024-09-04T19:00:45+08:00][sql] CONNECT:[ UseTime:0.018108s ] mysql:host=127.0.0.1;port=3306;dbname=ymyz_cn;charset=utf8
[2024-09-04T19:00:45+08:00][sql] SHOW FULL COLUMNS FROM `my_camilo` [ RunTime:0.001429s ]
[2024-09-04T19:00:45+08:00][sql] SELECT COUNT(*) AS think_count FROM `my_camilo` LIMIT 1 [ RunTime:0.000232s ]
[2024-09-04T19:00:46+08:00][sql] CONNECT:[ UseTime:0.001061s ] mysql:host=127.0.0.1;port=3306;dbname=ymyz_cn;charset=utf8
[2024-09-04T19:00:46+08:00][sql] SHOW FULL COLUMNS FROM `my_software` [ RunTime:0.000613s ]
[2024-09-04T19:00:46+08:00][sql] SELECT * FROM `my_software` [ RunTime:0.000272s ]
[2024-09-04T19:01:02+08:00][sql] CONNECT:[ UseTime:0.000782s ] mysql:host=127.0.0.1;port=3306;dbname=ymyz_cn;charset=utf8
[2024-09-04T19:01:02+08:00][sql] SHOW FULL COLUMNS FROM `my_card` [ RunTime:0.000573s ]
[2024-09-04T19:01:02+08:00][sql] SELECT * FROM `my_card` WHERE  `pid` = 1 [ RunTime:0.000279s ]
[2024-09-04T19:01:03+08:00][sql] CONNECT:[ UseTime:0.000869s ] mysql:host=127.0.0.1;port=3306;dbname=ymyz_cn;charset=utf8
[2024-09-04T19:01:03+08:00][sql] SHOW FULL COLUMNS FROM `my_camilo` [ RunTime:0.000569s ]
[2024-09-04T19:01:03+08:00][sql] INSERT INTO `my_camilo` SET `pid` = 1 , `card_id` = 1 , `dop` = 'S_' , `duration` = '1' , `camilo` = 'S_mubeFHUZs68oGXWJ' , `create_time` = 1725447663 , `update_time` = 1725447663 [ RunTime:0.000202s ]
[2024-09-04T19:01:03+08:00][sql] INSERT INTO `my_camilo` SET `pid` = 1 , `card_id` = 1 , `dop` = 'S_' , `duration` = '1' , `camilo` = 'S_xfIq91NgSD5pWd7C' , `create_time` = 1725447663 , `update_time` = 1725447663 [ RunTime:0.000336s ]
[2024-09-04T19:01:03+08:00][sql] INSERT INTO `my_camilo` SET `pid` = 1 , `card_id` = 1 , `dop` = 'S_' , `duration` = '1' , `camilo` = 'S_zM6Bfad18mlArvYw' , `create_time` = 1725447663 , `update_time` = 1725447663 [ RunTime:0.000282s ]
[2024-09-04T19:01:03+08:00][sql] INSERT INTO `my_camilo` SET `pid` = 1 , `card_id` = 1 , `dop` = 'S_' , `duration` = '1' , `camilo` = 'S_qhotU3fYZG5VpjCb' , `create_time` = 1725447663 , `update_time` = 1725447663 [ RunTime:0.000410s ]
[2024-09-04T19:01:03+08:00][sql] INSERT INTO `my_camilo` SET `pid` = 1 , `card_id` = 1 , `dop` = 'S_' , `duration` = '1' , `camilo` = 'S_STVjk1n7hzsQfReU' , `create_time` = 1725447663 , `update_time` = 1725447663 [ RunTime:0.000502s ]
[2024-09-04T19:01:04+08:00][sql] CONNECT:[ UseTime:0.000947s ] mysql:host=127.0.0.1;port=3306;dbname=ymyz_cn;charset=utf8
[2024-09-04T19:01:04+08:00][sql] SHOW FULL COLUMNS FROM `my_camilo` [ RunTime:0.000687s ]
[2024-09-04T19:01:04+08:00][sql] SELECT COUNT(*) AS think_count FROM `my_camilo` LIMIT 1 [ RunTime:0.000286s ]
[2024-09-04T19:01:04+08:00][sql] SELECT * FROM `my_camilo` ORDER BY `id` DESC LIMIT 0,10 [ RunTime:0.000293s ]
[2024-09-04T19:01:04+08:00][sql] SHOW FULL COLUMNS FROM `my_software` [ RunTime:0.000541s ]
[2024-09-04T19:01:04+08:00][sql] SELECT * FROM `my_software` WHERE  `id` = 1 LIMIT 1 [ RunTime:0.000293s ]
[2024-09-04T19:01:04+08:00][sql] SHOW FULL COLUMNS FROM `my_card` [ RunTime:0.000459s ]
[2024-09-04T19:01:04+08:00][sql] SELECT * FROM `my_card` WHERE  `id` = 1  AND `pid` = 1 LIMIT 1 [ RunTime:0.000239s ]
[2024-09-04T19:01:04+08:00][sql] SELECT * FROM `my_software` WHERE  `id` = 1 LIMIT 1 [ RunTime:0.000223s ]
[2024-09-04T19:01:04+08:00][sql] SELECT * FROM `my_card` WHERE  `id` = 1  AND `pid` = 1 LIMIT 1 [ RunTime:0.000217s ]
[2024-09-04T19:01:04+08:00][sql] SELECT * FROM `my_software` WHERE  `id` = 1 LIMIT 1 [ RunTime:0.000200s ]
[2024-09-04T19:01:04+08:00][sql] SELECT * FROM `my_card` WHERE  `id` = 1  AND `pid` = 1 LIMIT 1 [ RunTime:0.000181s ]
[2024-09-04T19:01:04+08:00][sql] SELECT * FROM `my_software` WHERE  `id` = 1 LIMIT 1 [ RunTime:0.000305s ]
[2024-09-04T19:01:04+08:00][sql] SELECT * FROM `my_card` WHERE  `id` = 1  AND `pid` = 1 LIMIT 1 [ RunTime:0.000259s ]
[2024-09-04T19:01:04+08:00][sql] SELECT * FROM `my_software` WHERE  `id` = 1 LIMIT 1 [ RunTime:0.000263s ]
[2024-09-04T19:01:04+08:00][sql] SELECT * FROM `my_card` WHERE  `id` = 1  AND `pid` = 1 LIMIT 1 [ RunTime:0.000257s ]
[2024-09-04T19:01:42+08:00][sql] CONNECT:[ UseTime:0.000837s ] mysql:host=127.0.0.1;port=3306;dbname=ymyz_cn;charset=utf8
[2024-09-04T19:01:42+08:00][sql] SHOW FULL COLUMNS FROM `my_camilo` [ RunTime:0.001278s ]
[2024-09-04T19:01:42+08:00][sql] SELECT COUNT(*) AS think_count FROM `my_camilo` LIMIT 1 [ RunTime:0.000249s ]
[2024-09-04T19:01:42+08:00][sql] SELECT * FROM `my_camilo` ORDER BY `id` DESC LIMIT 0,10 [ RunTime:0.000297s ]
[2024-09-04T19:01:42+08:00][sql] SHOW FULL COLUMNS FROM `my_software` [ RunTime:0.000536s ]
[2024-09-04T19:01:42+08:00][sql] SELECT * FROM `my_software` WHERE  `id` = 1 LIMIT 1 [ RunTime:0.000273s ]
[2024-09-04T19:01:42+08:00][sql] SHOW FULL COLUMNS FROM `my_card` [ RunTime:0.000492s ]
[2024-09-04T19:01:42+08:00][sql] SELECT * FROM `my_card` WHERE  `id` = 1  AND `pid` = 1 LIMIT 1 [ RunTime:0.000248s ]
[2024-09-04T19:01:42+08:00][sql] SELECT * FROM `my_software` WHERE  `id` = 1 LIMIT 1 [ RunTime:0.000241s ]
[2024-09-04T19:01:42+08:00][sql] SELECT * FROM `my_card` WHERE  `id` = 1  AND `pid` = 1 LIMIT 1 [ RunTime:0.000231s ]
[2024-09-04T19:01:42+08:00][sql] SELECT * FROM `my_software` WHERE  `id` = 1 LIMIT 1 [ RunTime:0.000226s ]
[2024-09-04T19:01:42+08:00][sql] SELECT * FROM `my_card` WHERE  `id` = 1  AND `pid` = 1 LIMIT 1 [ RunTime:0.000193s ]
[2024-09-04T19:01:42+08:00][sql] SELECT * FROM `my_software` WHERE  `id` = 1 LIMIT 1 [ RunTime:0.000203s ]
[2024-09-04T19:01:42+08:00][sql] SELECT * FROM `my_card` WHERE  `id` = 1  AND `pid` = 1 LIMIT 1 [ RunTime:0.000188s ]
[2024-09-04T19:01:42+08:00][sql] SELECT * FROM `my_software` WHERE  `id` = 1 LIMIT 1 [ RunTime:0.000195s ]
[2024-09-04T19:01:42+08:00][sql] SELECT * FROM `my_card` WHERE  `id` = 1  AND `pid` = 1 LIMIT 1 [ RunTime:0.000176s ]
[2024-09-04T19:01:46+08:00][sql] CONNECT:[ UseTime:0.000893s ] mysql:host=127.0.0.1;port=3306;dbname=ymyz_cn;charset=utf8
[2024-09-04T19:01:46+08:00][sql] SHOW FULL COLUMNS FROM `my_config` [ RunTime:0.000744s ]
[2024-09-04T19:01:46+08:00][sql] SELECT * FROM `my_config` WHERE  `type` = 'system' LIMIT 1 [ RunTime:0.000391s ]
[2024-09-04T19:01:46+08:00][sql] SELECT * FROM `my_config` WHERE  `type` = 'system' LIMIT 1 [ RunTime:0.000378s ]
[2024-09-04T19:01:46+08:00][sql] SELECT * FROM `my_config` WHERE  `type` = 'system' LIMIT 1 [ RunTime:0.000239s ]
[2024-09-04T19:01:46+08:00][sql] SELECT * FROM `my_config` WHERE  `type` = 'system' LIMIT 1 [ RunTime:0.000235s ]
[2024-09-04T19:01:46+08:00][sql] CONNECT:[ UseTime:0.000768s ] mysql:host=127.0.0.1;port=3306;dbname=ymyz_cn;charset=utf8
[2024-09-04T19:01:46+08:00][sql] SHOW FULL COLUMNS FROM `my_user` [ RunTime:0.000587s ]
[2024-09-04T19:01:46+08:00][sql] SELECT COUNT(*) AS think_count FROM `my_user` LIMIT 1 [ RunTime:0.000174s ]
[2024-09-04T19:01:48+08:00][sql] CONNECT:[ UseTime:0.012646s ] mysql:host=127.0.0.1;port=3306;dbname=ymyz_cn;charset=utf8
[2024-09-04T19:01:48+08:00][sql] SHOW FULL COLUMNS FROM `my_config` [ RunTime:0.000704s ]
[2024-09-04T19:01:48+08:00][sql] SELECT * FROM `my_config` WHERE  `type` = 'system' LIMIT 1 [ RunTime:0.000353s ]
[2024-09-04T19:01:48+08:00][sql] SELECT * FROM `my_config` WHERE  `type` = 'system' LIMIT 1 [ RunTime:0.000272s ]
[2024-09-04T19:01:48+08:00][sql] SELECT * FROM `my_config` WHERE  `type` = 'system' LIMIT 1 [ RunTime:0.000277s ]
[2024-09-04T19:01:48+08:00][sql] SELECT * FROM `my_config` WHERE  `type` = 'system' LIMIT 1 [ RunTime:0.000238s ]
[2024-09-04T19:01:48+08:00][sql] CONNECT:[ UseTime:0.000760s ] mysql:host=127.0.0.1;port=3306;dbname=ymyz_cn;charset=utf8
[2024-09-04T19:01:48+08:00][sql] SHOW FULL COLUMNS FROM `my_camilouser` [ RunTime:0.000547s ]
[2024-09-04T19:01:48+08:00][sql] SELECT COUNT(*) AS think_count FROM `my_camilouser` LIMIT 1 [ RunTime:0.000291s ]
[2024-09-04T19:02:21+08:00][sql] CONNECT:[ UseTime:0.017059s ] mysql:host=127.0.0.1;port=3306;dbname=ymyz_cn;charset=utf8
[2024-09-04T19:02:21+08:00][sql] SHOW FULL COLUMNS FROM `my_camilo` [ RunTime:0.000538s ]
[2024-09-04T19:02:21+08:00][sql] SELECT COUNT(*) AS think_count FROM `my_camilo` LIMIT 1 [ RunTime:0.000231s ]
[2024-09-04T19:02:21+08:00][sql] SELECT * FROM `my_camilo` ORDER BY `id` DESC LIMIT 0,10 [ RunTime:0.000201s ]
[2024-09-04T19:02:21+08:00][sql] SHOW FULL COLUMNS FROM `my_software` [ RunTime:0.000455s ]
[2024-09-04T19:02:21+08:00][sql] SELECT * FROM `my_software` WHERE  `id` = 1 LIMIT 1 [ RunTime:0.000236s ]
[2024-09-04T19:02:21+08:00][sql] SHOW FULL COLUMNS FROM `my_card` [ RunTime:0.001034s ]
[2024-09-04T19:02:21+08:00][sql] SELECT * FROM `my_card` WHERE  `id` = 1  AND `pid` = 1 LIMIT 1 [ RunTime:0.000396s ]
[2024-09-04T19:02:21+08:00][sql] SELECT * FROM `my_software` WHERE  `id` = 1 LIMIT 1 [ RunTime:0.000287s ]
[2024-09-04T19:02:21+08:00][sql] SELECT * FROM `my_card` WHERE  `id` = 1  AND `pid` = 1 LIMIT 1 [ RunTime:0.000303s ]
[2024-09-04T19:02:21+08:00][sql] SELECT * FROM `my_software` WHERE  `id` = 1 LIMIT 1 [ RunTime:0.000289s ]
[2024-09-04T19:02:21+08:00][sql] SELECT * FROM `my_card` WHERE  `id` = 1  AND `pid` = 1 LIMIT 1 [ RunTime:0.000313s ]
[2024-09-04T19:02:21+08:00][sql] SELECT * FROM `my_software` WHERE  `id` = 1 LIMIT 1 [ RunTime:0.000260s ]
[2024-09-04T19:02:21+08:00][sql] SELECT * FROM `my_card` WHERE  `id` = 1  AND `pid` = 1 LIMIT 1 [ RunTime:0.000207s ]
[2024-09-04T19:02:21+08:00][sql] SELECT * FROM `my_software` WHERE  `id` = 1 LIMIT 1 [ RunTime:0.000256s ]
[2024-09-04T19:02:21+08:00][sql] SELECT * FROM `my_card` WHERE  `id` = 1  AND `pid` = 1 LIMIT 1 [ RunTime:0.000220s ]
[2024-09-04T19:02:23+08:00][sql] CONNECT:[ UseTime:0.020595s ] mysql:host=127.0.0.1;port=3306;dbname=ymyz_cn;charset=utf8
[2024-09-04T19:02:23+08:00][sql] SHOW FULL COLUMNS FROM `my_camilo` [ RunTime:0.001156s ]
[2024-09-04T19:02:23+08:00][sql] SELECT COUNT(*) AS think_count FROM `my_camilo` LIMIT 1 [ RunTime:0.000181s ]
[2024-09-04T19:02:23+08:00][sql] SELECT * FROM `my_camilo` ORDER BY `id` DESC LIMIT 0,10 [ RunTime:0.000230s ]
[2024-09-04T19:02:23+08:00][sql] SHOW FULL COLUMNS FROM `my_software` [ RunTime:0.000785s ]
[2024-09-04T19:02:23+08:00][sql] SELECT * FROM `my_software` WHERE  `id` = 1 LIMIT 1 [ RunTime:0.000313s ]
[2024-09-04T19:02:23+08:00][sql] SHOW FULL COLUMNS FROM `my_card` [ RunTime:0.000489s ]
[2024-09-04T19:02:23+08:00][sql] SELECT * FROM `my_card` WHERE  `id` = 1  AND `pid` = 1 LIMIT 1 [ RunTime:0.000261s ]
[2024-09-04T19:02:23+08:00][sql] SELECT * FROM `my_software` WHERE  `id` = 1 LIMIT 1 [ RunTime:0.000266s ]
[2024-09-04T19:02:23+08:00][sql] SELECT * FROM `my_card` WHERE  `id` = 1  AND `pid` = 1 LIMIT 1 [ RunTime:0.000243s ]
[2024-09-04T19:02:23+08:00][sql] SELECT * FROM `my_software` WHERE  `id` = 1 LIMIT 1 [ RunTime:0.000258s ]
[2024-09-04T19:02:23+08:00][sql] SELECT * FROM `my_card` WHERE  `id` = 1  AND `pid` = 1 LIMIT 1 [ RunTime:0.000222s ]
[2024-09-04T19:02:23+08:00][sql] SELECT * FROM `my_software` WHERE  `id` = 1 LIMIT 1 [ RunTime:0.000209s ]
[2024-09-04T19:02:23+08:00][sql] SELECT * FROM `my_card` WHERE  `id` = 1  AND `pid` = 1 LIMIT 1 [ RunTime:0.000192s ]
[2024-09-04T19:02:23+08:00][sql] SELECT * FROM `my_software` WHERE  `id` = 1 LIMIT 1 [ RunTime:0.000235s ]
[2024-09-04T19:02:23+08:00][sql] SELECT * FROM `my_card` WHERE  `id` = 1  AND `pid` = 1 LIMIT 1 [ RunTime:0.000190s ]
[2024-09-04T19:05:10+08:00][sql] CONNECT:[ UseTime:0.000802s ] mysql:host=127.0.0.1;port=3306;dbname=ymyz_cn;charset=utf8
[2024-09-04T19:05:10+08:00][sql] SHOW FULL COLUMNS FROM `my_software` [ RunTime:0.000606s ]
[2024-09-04T19:05:10+08:00][sql] SELECT * FROM `my_software` [ RunTime:0.000234s ]
[2024-09-04T19:05:12+08:00][sql] CONNECT:[ UseTime:0.000753s ] mysql:host=127.0.0.1;port=3306;dbname=ymyz_cn;charset=utf8
[2024-09-04T19:05:12+08:00][sql] SHOW FULL COLUMNS FROM `my_card` [ RunTime:0.000526s ]
[2024-09-04T19:05:12+08:00][sql] SELECT * FROM `my_card` WHERE  `pid` = 1 [ RunTime:0.000213s ]
[2024-09-04T19:05:24+08:00][sql] CONNECT:[ UseTime:0.021211s ] mysql:host=127.0.0.1;port=3306;dbname=ymyz_cn;charset=utf8
[2024-09-04T19:05:24+08:00][sql] SHOW FULL COLUMNS FROM `my_camilo` [ RunTime:0.000612s ]
[2024-09-04T19:05:24+08:00][sql] INSERT INTO `my_camilo` SET `pid` = 1 , `card_id` = 2 , `dop` = 'Z_' , `duration` = '1' , `camilo` = 'Z_RTIYgS98M4WQxJLU' , `create_time` = 1725447924 , `update_time` = 1725447924 [ RunTime:0.000250s ]
[2024-09-04T19:05:24+08:00][sql] INSERT INTO `my_camilo` SET `pid` = 1 , `card_id` = 2 , `dop` = 'Z_' , `duration` = '1' , `camilo` = 'Z_8pKUgVSERGPLCm0J' , `create_time` = 1725447924 , `update_time` = 1725447924 [ RunTime:0.000307s ]
[2024-09-04T19:05:24+08:00][sql] INSERT INTO `my_camilo` SET `pid` = 1 , `card_id` = 2 , `dop` = 'Z_' , `duration` = '1' , `camilo` = 'Z_Wcn8I4VTBdLtF9DH' , `create_time` = 1725447924 , `update_time` = 1725447924 [ RunTime:0.000275s ]
[2024-09-04T19:05:24+08:00][sql] INSERT INTO `my_camilo` SET `pid` = 1 , `card_id` = 2 , `dop` = 'Z_' , `duration` = '1' , `camilo` = 'Z_BQxOXpsLbNlKV3Hu' , `create_time` = 1725447924 , `update_time` = 1725447924 [ RunTime:0.000383s ]
[2024-09-04T19:05:24+08:00][sql] INSERT INTO `my_camilo` SET `pid` = 1 , `card_id` = 2 , `dop` = 'Z_' , `duration` = '1' , `camilo` = 'Z_UQd8W3IPyYHsBoxR' , `create_time` = 1725447924 , `update_time` = 1725447924 [ RunTime:0.000262s ]
[2024-09-04T19:05:26+08:00][sql] CONNECT:[ UseTime:0.011174s ] mysql:host=127.0.0.1;port=3306;dbname=ymyz_cn;charset=utf8
[2024-09-04T19:05:26+08:00][sql] SHOW FULL COLUMNS FROM `my_camilo` [ RunTime:0.001660s ]
[2024-09-04T19:05:26+08:00][sql] SELECT COUNT(*) AS think_count FROM `my_camilo` LIMIT 1 [ RunTime:0.000319s ]
[2024-09-04T19:05:26+08:00][sql] SELECT * FROM `my_camilo` ORDER BY `id` DESC LIMIT 0,10 [ RunTime:0.000286s ]
[2024-09-04T19:05:26+08:00][sql] SHOW FULL COLUMNS FROM `my_software` [ RunTime:0.000592s ]
[2024-09-04T19:05:26+08:00][sql] SELECT * FROM `my_software` WHERE  `id` = 1 LIMIT 1 [ RunTime:0.000327s ]
[2024-09-04T19:05:26+08:00][sql] SHOW FULL COLUMNS FROM `my_card` [ RunTime:0.000459s ]
[2024-09-04T19:05:26+08:00][sql] SELECT * FROM `my_card` WHERE  `id` = 2  AND `pid` = 1 LIMIT 1 [ RunTime:0.000250s ]
[2024-09-04T19:05:26+08:00][sql] SELECT * FROM `my_software` WHERE  `id` = 1 LIMIT 1 [ RunTime:0.000250s ]
[2024-09-04T19:05:26+08:00][sql] SELECT * FROM `my_card` WHERE  `id` = 2  AND `pid` = 1 LIMIT 1 [ RunTime:0.000241s ]
[2024-09-04T19:05:26+08:00][sql] SELECT * FROM `my_software` WHERE  `id` = 1 LIMIT 1 [ RunTime:0.000293s ]
[2024-09-04T19:05:26+08:00][sql] SELECT * FROM `my_card` WHERE  `id` = 2  AND `pid` = 1 LIMIT 1 [ RunTime:0.000236s ]
[2024-09-04T19:05:26+08:00][sql] SELECT * FROM `my_software` WHERE  `id` = 1 LIMIT 1 [ RunTime:0.000202s ]
[2024-09-04T19:05:26+08:00][sql] SELECT * FROM `my_card` WHERE  `id` = 2  AND `pid` = 1 LIMIT 1 [ RunTime:0.000249s ]
[2024-09-04T19:05:26+08:00][sql] SELECT * FROM `my_software` WHERE  `id` = 1 LIMIT 1 [ RunTime:0.000251s ]
[2024-09-04T19:05:26+08:00][sql] SELECT * FROM `my_card` WHERE  `id` = 2  AND `pid` = 1 LIMIT 1 [ RunTime:0.000243s ]
[2024-09-04T19:05:26+08:00][sql] SELECT * FROM `my_software` WHERE  `id` = 1 LIMIT 1 [ RunTime:0.000248s ]
[2024-09-04T19:05:26+08:00][sql] SELECT * FROM `my_card` WHERE  `id` = 1  AND `pid` = 1 LIMIT 1 [ RunTime:0.000184s ]
[2024-09-04T19:05:26+08:00][sql] SELECT * FROM `my_software` WHERE  `id` = 1 LIMIT 1 [ RunTime:0.000164s ]
[2024-09-04T19:05:26+08:00][sql] SELECT * FROM `my_card` WHERE  `id` = 1  AND `pid` = 1 LIMIT 1 [ RunTime:0.000156s ]
[2024-09-04T19:05:26+08:00][sql] SELECT * FROM `my_software` WHERE  `id` = 1 LIMIT 1 [ RunTime:0.000210s ]
[2024-09-04T19:05:26+08:00][sql] SELECT * FROM `my_card` WHERE  `id` = 1  AND `pid` = 1 LIMIT 1 [ RunTime:0.000156s ]
[2024-09-04T19:05:26+08:00][sql] SELECT * FROM `my_software` WHERE  `id` = 1 LIMIT 1 [ RunTime:0.000160s ]
[2024-09-04T19:05:26+08:00][sql] SELECT * FROM `my_card` WHERE  `id` = 1  AND `pid` = 1 LIMIT 1 [ RunTime:0.000153s ]
[2024-09-04T19:05:26+08:00][sql] SELECT * FROM `my_software` WHERE  `id` = 1 LIMIT 1 [ RunTime:0.000207s ]
[2024-09-04T19:05:26+08:00][sql] SELECT * FROM `my_card` WHERE  `id` = 1  AND `pid` = 1 LIMIT 1 [ RunTime:0.000151s ]
[2024-09-04T19:08:51+08:00][sql] CONNECT:[ UseTime:0.012010s ] mysql:host=127.0.0.1;port=3306;dbname=ymyz_cn;charset=utf8
[2024-09-04T19:08:51+08:00][sql] SHOW FULL COLUMNS FROM `my_software` [ RunTime:0.001140s ]
[2024-09-04T19:08:51+08:00][sql] SELECT * FROM `my_software` [ RunTime:0.000344s ]
[2024-09-04T19:08:53+08:00][sql] CONNECT:[ UseTime:0.000922s ] mysql:host=127.0.0.1;port=3306;dbname=ymyz_cn;charset=utf8
[2024-09-04T19:08:53+08:00][sql] SHOW FULL COLUMNS FROM `my_card` [ RunTime:0.000556s ]
[2024-09-04T19:08:53+08:00][sql] SELECT * FROM `my_card` WHERE  `pid` = 1 [ RunTime:0.000284s ]
[2024-09-04T19:09:10+08:00][sql] CONNECT:[ UseTime:0.024218s ] mysql:host=127.0.0.1;port=3306;dbname=ymyz_cn;charset=utf8
[2024-09-04T19:09:10+08:00][sql] SHOW FULL COLUMNS FROM `my_camilo` [ RunTime:0.000556s ]
[2024-09-04T19:09:10+08:00][sql] INSERT INTO `my_camilo` SET `pid` = 1 , `card_id` = 3 , `dop` = 'Y_' , `duration` = '1' , `camilo` = 'Y_KBRviaxobtG25kqV' , `create_time` = 1725448150 , `update_time` = 1725448150 [ RunTime:0.000205s ]
[2024-09-04T19:09:10+08:00][sql] INSERT INTO `my_camilo` SET `pid` = 1 , `card_id` = 3 , `dop` = 'Y_' , `duration` = '1' , `camilo` = 'Y_ieQmxZ2rEAj4fvNg' , `create_time` = 1725448150 , `update_time` = 1725448150 [ RunTime:0.000335s ]
[2024-09-04T19:09:10+08:00][sql] INSERT INTO `my_camilo` SET `pid` = 1 , `card_id` = 3 , `dop` = 'Y_' , `duration` = '1' , `camilo` = 'Y_m12xEQMWT3ujPqi5' , `create_time` = 1725448150 , `update_time` = 1725448150 [ RunTime:0.000231s ]
[2024-09-04T19:09:10+08:00][sql] INSERT INTO `my_camilo` SET `pid` = 1 , `card_id` = 3 , `dop` = 'Y_' , `duration` = '1' , `camilo` = 'Y_lT2vXPKfZJ4DyUnC' , `create_time` = 1725448150 , `update_time` = 1725448150 [ RunTime:0.000377s ]
[2024-09-04T19:09:10+08:00][sql] INSERT INTO `my_camilo` SET `pid` = 1 , `card_id` = 3 , `dop` = 'Y_' , `duration` = '1' , `camilo` = 'Y_9N267o35lLtZAjX1' , `create_time` = 1725448150 , `update_time` = 1725448150 [ RunTime:0.000489s ]
[2024-09-04T19:09:12+08:00][sql] CONNECT:[ UseTime:0.023924s ] mysql:host=127.0.0.1;port=3306;dbname=ymyz_cn;charset=utf8
[2024-09-04T19:09:12+08:00][sql] SHOW FULL COLUMNS FROM `my_camilo` [ RunTime:0.000679s ]
[2024-09-04T19:09:12+08:00][sql] SELECT COUNT(*) AS think_count FROM `my_camilo` LIMIT 1 [ RunTime:0.000186s ]
[2024-09-04T19:09:12+08:00][sql] SELECT * FROM `my_camilo` ORDER BY `id` DESC LIMIT 0,10 [ RunTime:0.000206s ]
[2024-09-04T19:09:12+08:00][sql] SHOW FULL COLUMNS FROM `my_software` [ RunTime:0.000468s ]
[2024-09-04T19:09:12+08:00][sql] SELECT * FROM `my_software` WHERE  `id` = 1 LIMIT 1 [ RunTime:0.000204s ]
[2024-09-04T19:09:12+08:00][sql] SHOW FULL COLUMNS FROM `my_card` [ RunTime:0.000416s ]
[2024-09-04T19:09:12+08:00][sql] SELECT * FROM `my_card` WHERE  `id` = 3  AND `pid` = 1 LIMIT 1 [ RunTime:0.000282s ]
[2024-09-04T19:09:12+08:00][sql] SELECT * FROM `my_software` WHERE  `id` = 1 LIMIT 1 [ RunTime:0.000240s ]
[2024-09-04T19:09:12+08:00][sql] SELECT * FROM `my_card` WHERE  `id` = 3  AND `pid` = 1 LIMIT 1 [ RunTime:0.000239s ]
[2024-09-04T19:09:12+08:00][sql] SELECT * FROM `my_software` WHERE  `id` = 1 LIMIT 1 [ RunTime:0.000179s ]
[2024-09-04T19:09:12+08:00][sql] SELECT * FROM `my_card` WHERE  `id` = 3  AND `pid` = 1 LIMIT 1 [ RunTime:0.000167s ]
[2024-09-04T19:09:12+08:00][sql] SELECT * FROM `my_software` WHERE  `id` = 1 LIMIT 1 [ RunTime:0.000167s ]
[2024-09-04T19:09:12+08:00][sql] SELECT * FROM `my_card` WHERE  `id` = 3  AND `pid` = 1 LIMIT 1 [ RunTime:0.000158s ]
[2024-09-04T19:09:12+08:00][sql] SELECT * FROM `my_software` WHERE  `id` = 1 LIMIT 1 [ RunTime:0.000166s ]
[2024-09-04T19:09:12+08:00][sql] SELECT * FROM `my_card` WHERE  `id` = 3  AND `pid` = 1 LIMIT 1 [ RunTime:0.000156s ]
[2024-09-04T19:09:12+08:00][sql] SELECT * FROM `my_software` WHERE  `id` = 1 LIMIT 1 [ RunTime:0.000168s ]
[2024-09-04T19:09:12+08:00][sql] SELECT * FROM `my_card` WHERE  `id` = 2  AND `pid` = 1 LIMIT 1 [ RunTime:0.000179s ]
[2024-09-04T19:09:12+08:00][sql] SELECT * FROM `my_software` WHERE  `id` = 1 LIMIT 1 [ RunTime:0.000166s ]
[2024-09-04T19:09:12+08:00][sql] SELECT * FROM `my_card` WHERE  `id` = 2  AND `pid` = 1 LIMIT 1 [ RunTime:0.000155s ]
[2024-09-04T19:09:12+08:00][sql] SELECT * FROM `my_software` WHERE  `id` = 1 LIMIT 1 [ RunTime:0.000165s ]
[2024-09-04T19:09:12+08:00][sql] SELECT * FROM `my_card` WHERE  `id` = 2  AND `pid` = 1 LIMIT 1 [ RunTime:0.000159s ]
[2024-09-04T19:09:12+08:00][sql] SELECT * FROM `my_software` WHERE  `id` = 1 LIMIT 1 [ RunTime:0.000165s ]
[2024-09-04T19:09:12+08:00][sql] SELECT * FROM `my_card` WHERE  `id` = 2  AND `pid` = 1 LIMIT 1 [ RunTime:0.000157s ]
[2024-09-04T19:09:12+08:00][sql] SELECT * FROM `my_software` WHERE  `id` = 1 LIMIT 1 [ RunTime:0.000163s ]
[2024-09-04T19:09:12+08:00][sql] SELECT * FROM `my_card` WHERE  `id` = 2  AND `pid` = 1 LIMIT 1 [ RunTime:0.000156s ]
[2024-09-04T21:54:21+08:00][sql] CONNECT:[ UseTime:0.365346s ] mysql:host=127.0.0.1;port=3306;dbname=ymyz_cn;charset=utf8
[2024-09-04T21:54:21+08:00][sql] SHOW FULL COLUMNS FROM `my_auth_group_access` [ RunTime:0.129076s ]
[2024-09-04T21:54:21+08:00][sql] SELECT `uid`,`group_id`,`title`,`rules` FROM `my_auth_group_access` `a` INNER JOIN `my_auth_group` `g` ON `a`.`group_id`=`g`.`id` WHERE  ( a.uid='2' and g.status='1' ) [ RunTime:0.009203s ]
[2024-09-04T21:54:21+08:00][sql] SHOW FULL COLUMNS FROM `my_auth_rule` [ RunTime:0.001170s ]
[2024-09-04T21:54:21+08:00][sql] SELECT `condition`,`name` FROM `my_auth_rule` WHERE  `id` IN (31,32,33,36,37,41,42,43,46,47,48,49,52,53,54,57,58,59)  AND `type` = 1  AND `status` = 1 [ RunTime:0.001177s ]
[2024-09-04T21:54:21+08:00][sql] SHOW FULL COLUMNS FROM `my_software` [ RunTime:0.001169s ]
[2024-09-04T21:54:21+08:00][sql] SELECT * FROM `my_software` WHERE  `loginway` = 2 [ RunTime:0.000663s ]
