[2024-09-05T17:33:17+08:00][sql] CONNECT:[ UseTime:0.055291s ] mysql:host=127.0.0.1;port=3306;dbname=ymyz_cn;charset=utf8
[2024-09-05T17:33:17+08:00][sql] SHOW FULL COLUMNS FROM `my_config` [ RunTime:0.025067s ]
[2024-09-05T17:33:17+08:00][sql] SELECT * FROM `my_config` WHERE  `type` = 'system' LIMIT 1 [ RunTime:0.000915s ]
[2024-09-05T17:33:17+08:00][sql] SELECT * FROM `my_config` WHERE  `type` = 'system' LIMIT 1 [ RunTime:0.000270s ]
[2024-09-05T17:33:17+08:00][sql] SELECT * FROM `my_config` WHERE  `type` = 'system' LIMIT 1 [ RunTime:0.000326s ]
[2024-09-05T17:33:17+08:00][sql] SELECT * FROM `my_config` WHERE  `type` = 'system' LIMIT 1 [ RunTime:0.000281s ]
[2024-09-05T17:33:17+08:00][sql] SELECT * FROM `my_config` WHERE  `type` = 'system' LIMIT 1 [ RunTime:0.000340s ]
[2024-09-05T17:33:17+08:00][sql] SELECT * FROM `my_config` WHERE  `type` = 'system' LIMIT 1 [ RunTime:0.000300s ]
[2024-09-05T17:33:34+08:00][sql] CONNECT:[ UseTime:0.001128s ] mysql:host=127.0.0.1;port=3306;dbname=ymyz_cn;charset=utf8
[2024-09-05T17:33:34+08:00][sql] SHOW FULL COLUMNS FROM `my_admin` [ RunTime:0.104193s ]
[2024-09-05T17:33:34+08:00][sql] SELECT * FROM `my_admin` WHERE  `username` = 'admin' LIMIT 1 [ RunTime:0.000440s ]
[2024-09-05T17:33:34+08:00][sql] UPDATE `my_admin`  SET `login_ip` = '127.0.0.1' , `login_time` = 1725528814 , `login_num` = 67 , `update_time` = 1725528814  WHERE  `id` = 1 [ RunTime:0.000822s ]
[2024-09-05T17:33:36+08:00][sql] CONNECT:[ UseTime:0.022280s ] mysql:host=127.0.0.1;port=3306;dbname=ymyz_cn;charset=utf8
[2024-09-05T17:33:36+08:00][sql] SHOW FULL COLUMNS FROM `my_auth_rule` [ RunTime:0.004810s ]
[2024-09-05T17:33:36+08:00][sql] SELECT * FROM `my_auth_rule` WHERE  `isnav` = 1  AND `status` = 1 ORDER BY `weight`,`id` [ RunTime:0.000822s ]
[2024-09-05T17:33:36+08:00][sql] SHOW FULL COLUMNS FROM `my_config` [ RunTime:0.001174s ]
[2024-09-05T17:33:36+08:00][sql] SELECT * FROM `my_config` WHERE  `type` = 'system' LIMIT 1 [ RunTime:0.000281s ]
[2024-09-05T17:33:36+08:00][sql] SELECT * FROM `my_config` WHERE  `type` = 'system' LIMIT 1 [ RunTime:0.000294s ]
[2024-09-05T17:33:36+08:00][sql] SELECT * FROM `my_config` WHERE  `type` = 'system' LIMIT 1 [ RunTime:0.000255s ]
[2024-09-05T17:33:36+08:00][sql] SELECT * FROM `my_config` WHERE  `type` = 'system' LIMIT 1 [ RunTime:0.000255s ]
[2024-09-05T17:33:36+08:00][sql] SELECT * FROM `my_config` WHERE  `type` = 'system' LIMIT 1 [ RunTime:0.000280s ]
[2024-09-05T17:33:36+08:00][sql] SELECT * FROM `my_config` WHERE  `type` = 'system' LIMIT 1 [ RunTime:0.000236s ]
[2024-09-05T17:33:36+08:00][sql] CONNECT:[ UseTime:0.000790s ] mysql:host=127.0.0.1;port=3306;dbname=ymyz_cn;charset=utf8
[2024-09-05T17:33:36+08:00][sql] SHOW FULL COLUMNS FROM `my_camilo` [ RunTime:0.002832s ]
[2024-09-05T17:33:36+08:00][sql] SELECT COUNT(`id`) AS think_count FROM `my_camilo` WHERE  `activate` = 0  AND `status` = 1 LIMIT 1 [ RunTime:0.000332s ]
[2024-09-05T17:33:36+08:00][sql] SHOW FULL COLUMNS FROM `my_software` [ RunTime:0.010373s ]
[2024-09-05T17:33:36+08:00][sql] SELECT COUNT(`id`) AS think_count FROM `my_software` WHERE  `status` = 1 LIMIT 1 [ RunTime:0.000312s ]
[2024-09-05T17:33:36+08:00][sql] SHOW FULL COLUMNS FROM `my_camilouser` [ RunTime:0.009298s ]
[2024-09-05T17:33:36+08:00][sql] SELECT COUNT(`id`) AS think_count FROM `my_camilouser` WHERE  `status` = 1 LIMIT 1 [ RunTime:0.000250s ]
[2024-09-05T17:33:36+08:00][sql] SHOW FULL COLUMNS FROM `my_user` [ RunTime:0.017298s ]
[2024-09-05T17:33:36+08:00][sql] SELECT COUNT(`id`) AS think_count FROM `my_user` WHERE  `status` = 1 LIMIT 1 [ RunTime:0.000331s ]
[2024-09-05T17:33:36+08:00][sql] SELECT COUNT(`id`) AS think_count FROM `my_camilouser` WHERE  1  LIMIT 1 [ RunTime:0.000295s ]
[2024-09-05T17:33:36+08:00][sql] SHOW FULL COLUMNS FROM `my_config` [ RunTime:0.001260s ]
[2024-09-05T17:33:36+08:00][sql] SELECT * FROM `my_config` WHERE  `type` = 'system' LIMIT 1 [ RunTime:0.000286s ]
[2024-09-05T17:33:36+08:00][sql] SELECT * FROM `my_config` WHERE  `type` = 'system' LIMIT 1 [ RunTime:0.000248s ]
[2024-09-05T17:33:36+08:00][sql] SELECT * FROM `my_config` WHERE  `type` = 'system' LIMIT 1 [ RunTime:0.000249s ]
[2024-09-05T17:33:36+08:00][sql] SELECT * FROM `my_config` WHERE  `type` = 'system' LIMIT 1 [ RunTime:0.000249s ]
[2024-09-05T17:33:48+08:00][sql] CONNECT:[ UseTime:0.020449s ] mysql:host=127.0.0.1;port=3306;dbname=ymyz_cn;charset=utf8
[2024-09-05T17:33:48+08:00][sql] SHOW FULL COLUMNS FROM `my_config` [ RunTime:0.001239s ]
[2024-09-05T17:33:48+08:00][sql] SELECT * FROM `my_config` WHERE  `type` = 'system' LIMIT 1 [ RunTime:0.000382s ]
[2024-09-05T17:33:48+08:00][sql] SELECT * FROM `my_config` WHERE  `type` = 'system' LIMIT 1 [ RunTime:0.000327s ]
[2024-09-05T17:33:48+08:00][sql] SELECT * FROM `my_config` WHERE  `type` = 'system' LIMIT 1 [ RunTime:0.000253s ]
[2024-09-05T17:33:48+08:00][sql] SELECT * FROM `my_config` WHERE  `type` = 'system' LIMIT 1 [ RunTime:0.000310s ]
[2024-09-05T17:33:48+08:00][sql] CONNECT:[ UseTime:0.016918s ] mysql:host=127.0.0.1;port=3306;dbname=ymyz_cn;charset=utf8
[2024-09-05T17:33:48+08:00][sql] SHOW FULL COLUMNS FROM `my_camilouser` [ RunTime:0.001276s ]
[2024-09-05T17:33:48+08:00][sql] SELECT COUNT(*) AS think_count FROM `my_camilouser` LIMIT 1 [ RunTime:0.000258s ]
[2024-09-05T17:33:56+08:00][sql] CONNECT:[ UseTime:0.020974s ] mysql:host=127.0.0.1;port=3306;dbname=ymyz_cn;charset=utf8
[2024-09-05T17:33:56+08:00][sql] SHOW FULL COLUMNS FROM `my_config` [ RunTime:0.001300s ]
[2024-09-05T17:33:56+08:00][sql] SELECT * FROM `my_config` WHERE  `type` = 'system' LIMIT 1 [ RunTime:0.000455s ]
[2024-09-05T17:33:56+08:00][sql] SELECT * FROM `my_config` WHERE  `type` = 'system' LIMIT 1 [ RunTime:0.000580s ]
[2024-09-05T17:33:56+08:00][sql] SELECT * FROM `my_config` WHERE  `type` = 'system' LIMIT 1 [ RunTime:0.000331s ]
[2024-09-05T17:33:56+08:00][sql] SELECT * FROM `my_config` WHERE  `type` = 'system' LIMIT 1 [ RunTime:0.000245s ]
[2024-09-05T17:33:56+08:00][sql] CONNECT:[ UseTime:0.000884s ] mysql:host=127.0.0.1;port=3306;dbname=ymyz_cn;charset=utf8
[2024-09-05T17:33:56+08:00][sql] SHOW FULL COLUMNS FROM `my_user` [ RunTime:0.001259s ]
[2024-09-05T17:33:56+08:00][sql] SELECT COUNT(*) AS think_count FROM `my_user` LIMIT 1 [ RunTime:0.000295s ]
[2024-09-05T17:34:05+08:00][sql] CONNECT:[ UseTime:0.019297s ] mysql:host=127.0.0.1;port=3306;dbname=ymyz_cn;charset=utf8
[2024-09-05T17:34:05+08:00][sql] SHOW FULL COLUMNS FROM `my_software` [ RunTime:0.001204s ]
[2024-09-05T17:34:05+08:00][sql] SELECT * FROM `my_software` WHERE  `loginway` = 1 [ RunTime:0.000285s ]
[2024-09-05T17:42:47+08:00][sql] CONNECT:[ UseTime:0.020029s ] mysql:host=127.0.0.1;port=3306;dbname=ymyz_cn;charset=utf8
[2024-09-05T17:42:47+08:00][sql] SHOW FULL COLUMNS FROM `my_config` [ RunTime:0.001317s ]
[2024-09-05T17:42:47+08:00][sql] SELECT * FROM `my_config` WHERE  `type` = 'system' LIMIT 1 [ RunTime:0.000305s ]
[2024-09-05T17:42:47+08:00][sql] SELECT * FROM `my_config` WHERE  `type` = 'system' LIMIT 1 [ RunTime:0.000190s ]
[2024-09-05T17:42:47+08:00][sql] SELECT * FROM `my_config` WHERE  `type` = 'system' LIMIT 1 [ RunTime:0.000182s ]
[2024-09-05T17:42:47+08:00][sql] SELECT * FROM `my_config` WHERE  `type` = 'system' LIMIT 1 [ RunTime:0.000181s ]
[2024-09-05T17:42:47+08:00][sql] CONNECT:[ UseTime:0.000901s ] mysql:host=127.0.0.1;port=3306;dbname=ymyz_cn;charset=utf8
[2024-09-05T17:42:47+08:00][sql] SHOW FULL COLUMNS FROM `my_software` [ RunTime:0.001178s ]
[2024-09-05T17:42:47+08:00][sql] SELECT COUNT(*) AS think_count FROM `my_software` LIMIT 1 [ RunTime:0.000199s ]
[2024-09-05T17:42:47+08:00][sql] SELECT * FROM `my_software` LIMIT 0,15 [ RunTime:0.000170s ]
[2024-09-05T17:42:47+08:00][sql] SHOW FULL COLUMNS FROM `my_classify` [ RunTime:0.012101s ]
[2024-09-05T17:42:47+08:00][sql] SELECT * FROM `my_classify` WHERE  `id` = 1 [ RunTime:0.000316s ]
[2024-09-05T17:43:59+08:00][sql] CONNECT:[ UseTime:0.021488s ] mysql:host=127.0.0.1;port=3306;dbname=ymyz_cn;charset=utf8
[2024-09-05T17:43:59+08:00][sql] SHOW FULL COLUMNS FROM `my_user` [ RunTime:0.001223s ]
[2024-09-05T17:43:59+08:00][sql] SELECT COUNT(*) AS think_count FROM `my_user` LIMIT 1 [ RunTime:0.000197s ]
[2024-09-05T17:43:59+08:00][sql] SELECT * FROM `my_user` LIMIT 0,10 [ RunTime:0.000164s ]
[2024-09-05T17:43:59+08:00][sql] SHOW FULL COLUMNS FROM `my_software` [ RunTime:0.000997s ]
[2024-09-05T17:43:59+08:00][sql] SELECT * FROM `my_software` WHERE  `id` = 1 LIMIT 1 [ RunTime:0.000251s ]
[2024-09-05T17:45:09+08:00][sql] CONNECT:[ UseTime:0.022321s ] mysql:host=127.0.0.1;port=3306;dbname=ymyz_cn;charset=utf8
[2024-09-05T17:45:09+08:00][sql] SHOW FULL COLUMNS FROM `my_config` [ RunTime:0.001286s ]
[2024-09-05T17:45:09+08:00][sql] SELECT * FROM `my_config` WHERE  `type` = 'system' LIMIT 1 [ RunTime:0.000365s ]
[2024-09-05T17:45:09+08:00][sql] SELECT * FROM `my_config` WHERE  `type` = 'system' LIMIT 1 [ RunTime:0.000302s ]
[2024-09-05T17:45:09+08:00][sql] SELECT * FROM `my_config` WHERE  `type` = 'system' LIMIT 1 [ RunTime:0.000329s ]
[2024-09-05T17:45:09+08:00][sql] SELECT * FROM `my_config` WHERE  `type` = 'system' LIMIT 1 [ RunTime:0.000303s ]
[2024-09-05T17:45:09+08:00][sql] CONNECT:[ UseTime:0.001186s ] mysql:host=127.0.0.1;port=3306;dbname=ymyz_cn;charset=utf8
[2024-09-05T17:45:09+08:00][sql] SHOW FULL COLUMNS FROM `my_camilo` [ RunTime:0.001233s ]
[2024-09-05T17:45:09+08:00][sql] SELECT COUNT(*) AS think_count FROM `my_camilo` LIMIT 1 [ RunTime:0.000288s ]
[2024-09-05T17:45:09+08:00][sql] SELECT * FROM `my_camilo` ORDER BY `id` DESC LIMIT 0,10 [ RunTime:0.000382s ]
[2024-09-05T17:45:09+08:00][sql] SHOW FULL COLUMNS FROM `my_software` [ RunTime:0.001099s ]
[2024-09-05T17:45:09+08:00][sql] SELECT * FROM `my_software` WHERE  `id` = 1 LIMIT 1 [ RunTime:0.000260s ]
[2024-09-05T17:45:09+08:00][sql] SHOW FULL COLUMNS FROM `my_card` [ RunTime:0.021003s ]
[2024-09-05T17:45:09+08:00][sql] SELECT * FROM `my_card` WHERE  `id` = 3  AND `pid` = 1 LIMIT 1 [ RunTime:0.000334s ]
[2024-09-05T17:45:09+08:00][sql] SELECT * FROM `my_software` WHERE  `id` = 1 LIMIT 1 [ RunTime:0.000286s ]
[2024-09-05T17:45:09+08:00][sql] SELECT * FROM `my_card` WHERE  `id` = 3  AND `pid` = 1 LIMIT 1 [ RunTime:0.000230s ]
[2024-09-05T17:45:09+08:00][sql] SELECT * FROM `my_software` WHERE  `id` = 1 LIMIT 1 [ RunTime:0.000232s ]
[2024-09-05T17:45:09+08:00][sql] SELECT * FROM `my_card` WHERE  `id` = 3  AND `pid` = 1 LIMIT 1 [ RunTime:0.000195s ]
[2024-09-05T17:45:09+08:00][sql] SELECT * FROM `my_software` WHERE  `id` = 1 LIMIT 1 [ RunTime:0.000223s ]
[2024-09-05T17:45:09+08:00][sql] SELECT * FROM `my_card` WHERE  `id` = 3  AND `pid` = 1 LIMIT 1 [ RunTime:0.000206s ]
[2024-09-05T17:45:09+08:00][sql] SELECT * FROM `my_software` WHERE  `id` = 1 LIMIT 1 [ RunTime:0.000218s ]
[2024-09-05T17:45:09+08:00][sql] SELECT * FROM `my_card` WHERE  `id` = 3  AND `pid` = 1 LIMIT 1 [ RunTime:0.000181s ]
[2024-09-05T17:45:09+08:00][sql] SELECT * FROM `my_software` WHERE  `id` = 1 LIMIT 1 [ RunTime:0.000190s ]
[2024-09-05T17:45:09+08:00][sql] SELECT * FROM `my_card` WHERE  `id` = 2  AND `pid` = 1 LIMIT 1 [ RunTime:0.000180s ]
[2024-09-05T17:45:09+08:00][sql] SELECT * FROM `my_software` WHERE  `id` = 1 LIMIT 1 [ RunTime:0.000203s ]
[2024-09-05T17:45:09+08:00][sql] SELECT * FROM `my_card` WHERE  `id` = 2  AND `pid` = 1 LIMIT 1 [ RunTime:0.000179s ]
[2024-09-05T17:45:09+08:00][sql] SELECT * FROM `my_software` WHERE  `id` = 1 LIMIT 1 [ RunTime:0.000202s ]
[2024-09-05T17:45:09+08:00][sql] SELECT * FROM `my_card` WHERE  `id` = 2  AND `pid` = 1 LIMIT 1 [ RunTime:0.000228s ]
[2024-09-05T17:45:09+08:00][sql] SELECT * FROM `my_software` WHERE  `id` = 1 LIMIT 1 [ RunTime:0.000294s ]
[2024-09-05T17:45:09+08:00][sql] SELECT * FROM `my_card` WHERE  `id` = 2  AND `pid` = 1 LIMIT 1 [ RunTime:0.000253s ]
[2024-09-05T17:45:09+08:00][sql] SELECT * FROM `my_software` WHERE  `id` = 1 LIMIT 1 [ RunTime:0.000369s ]
[2024-09-05T17:45:09+08:00][sql] SELECT * FROM `my_card` WHERE  `id` = 2  AND `pid` = 1 LIMIT 1 [ RunTime:0.000314s ]
[2024-09-05T18:17:03+08:00][sql] CONNECT:[ UseTime:0.019808s ] mysql:host=127.0.0.1;port=3306;dbname=ymyz_cn;charset=utf8
[2024-09-05T18:17:03+08:00][sql] SHOW FULL COLUMNS FROM `my_software` [ RunTime:0.000693s ]
[2024-09-05T18:17:03+08:00][sql] SELECT * FROM `my_software` WHERE  `id` = 1 LIMIT 1 [ RunTime:0.000286s ]
[2024-09-05T18:17:04+08:00][sql] CONNECT:[ UseTime:0.001702s ] mysql:host=127.0.0.1;port=3306;dbname=ymyz_cn;charset=utf8
[2024-09-05T18:17:04+08:00][sql] SHOW FULL COLUMNS FROM `my_classify` [ RunTime:0.000634s ]
[2024-09-05T18:17:04+08:00][sql] SELECT * FROM `my_classify` [ RunTime:0.000525s ]
[2024-09-05T18:18:06+08:00][sql] CONNECT:[ UseTime:0.024370s ] mysql:host=127.0.0.1;port=3306;dbname=ymyz_cn;charset=utf8
[2024-09-05T18:18:06+08:00][sql] SHOW FULL COLUMNS FROM `my_config` [ RunTime:0.000655s ]
[2024-09-05T18:18:06+08:00][sql] SELECT * FROM `my_config` WHERE  `type` = 'system' LIMIT 1 [ RunTime:0.000347s ]
[2024-09-05T18:18:06+08:00][sql] SELECT * FROM `my_config` WHERE  `type` = 'system' LIMIT 1 [ RunTime:0.000363s ]
[2024-09-05T18:18:06+08:00][sql] SELECT * FROM `my_config` WHERE  `type` = 'system' LIMIT 1 [ RunTime:0.000330s ]
[2024-09-05T18:18:06+08:00][sql] SELECT * FROM `my_config` WHERE  `type` = 'system' LIMIT 1 [ RunTime:0.000285s ]
[2024-09-05T18:18:07+08:00][sql] CONNECT:[ UseTime:0.001558s ] mysql:host=127.0.0.1;port=3306;dbname=ymyz_cn;charset=utf8
[2024-09-05T18:18:07+08:00][sql] SHOW FULL COLUMNS FROM `my_card` [ RunTime:0.001491s ]
[2024-09-05T18:18:07+08:00][sql] SELECT COUNT(*) AS think_count FROM `my_card` LIMIT 1 [ RunTime:0.000363s ]
[2024-09-05T18:18:07+08:00][sql] SELECT * FROM `my_card` LIMIT 0,15 [ RunTime:0.000309s ]
[2024-09-05T18:18:07+08:00][sql] SHOW FULL COLUMNS FROM `my_software` [ RunTime:0.000610s ]
[2024-09-05T18:18:07+08:00][sql] SELECT * FROM `my_software` WHERE  `id` = 1 LIMIT 1 [ RunTime:0.000319s ]
[2024-09-05T18:18:07+08:00][sql] SELECT * FROM `my_software` WHERE  `id` = 1 LIMIT 1 [ RunTime:0.000309s ]
[2024-09-05T18:18:07+08:00][sql] SELECT * FROM `my_software` WHERE  `id` = 1 LIMIT 1 [ RunTime:0.000258s ]
[2024-09-05T18:18:07+08:00][sql] SELECT * FROM `my_software` WHERE  `id` = 1 LIMIT 1 [ RunTime:0.000257s ]
[2024-09-05T18:18:07+08:00][sql] SELECT * FROM `my_software` WHERE  `id` = 1 LIMIT 1 [ RunTime:0.000276s ]
[2024-09-05T18:18:10+08:00][sql] CONNECT:[ UseTime:0.014530s ] mysql:host=127.0.0.1;port=3306;dbname=ymyz_cn;charset=utf8
[2024-09-05T18:18:10+08:00][sql] SHOW FULL COLUMNS FROM `my_card` [ RunTime:0.002064s ]
[2024-09-05T18:18:10+08:00][sql] SELECT * FROM `my_card` WHERE  `id` = 1 LIMIT 1 [ RunTime:0.000378s ]
[2024-09-05T18:18:10+08:00][sql] CONNECT:[ UseTime:0.001796s ] mysql:host=127.0.0.1;port=3306;dbname=ymyz_cn;charset=utf8
[2024-09-05T18:18:10+08:00][sql] SHOW FULL COLUMNS FROM `my_software` [ RunTime:0.000684s ]
[2024-09-05T18:18:10+08:00][sql] SELECT * FROM `my_software` [ RunTime:0.000348s ]
[2024-09-05T18:18:28+08:00][sql] CONNECT:[ UseTime:0.001279s ] mysql:host=127.0.0.1;port=3306;dbname=ymyz_cn;charset=utf8
[2024-09-05T18:18:28+08:00][sql] SHOW FULL COLUMNS FROM `my_camilo` [ RunTime:0.000693s ]
[2024-09-05T18:18:28+08:00][sql] SELECT COUNT(*) AS think_count FROM `my_camilo` LIMIT 1 [ RunTime:0.000327s ]
[2024-09-05T18:18:28+08:00][sql] SELECT * FROM `my_camilo` ORDER BY `id` DESC LIMIT 10,10 [ RunTime:0.000302s ]
[2024-09-05T18:18:28+08:00][sql] SHOW FULL COLUMNS FROM `my_software` [ RunTime:0.000580s ]
[2024-09-05T18:18:28+08:00][sql] SELECT * FROM `my_software` WHERE  `id` = 1 LIMIT 1 [ RunTime:0.000327s ]
[2024-09-05T18:18:28+08:00][sql] SHOW FULL COLUMNS FROM `my_card` [ RunTime:0.000531s ]
[2024-09-05T18:18:28+08:00][sql] SELECT * FROM `my_card` WHERE  `id` = 1  AND `pid` = 1 LIMIT 1 [ RunTime:0.000315s ]
[2024-09-05T18:18:28+08:00][sql] SELECT * FROM `my_software` WHERE  `id` = 1 LIMIT 1 [ RunTime:0.000305s ]
[2024-09-05T18:18:28+08:00][sql] SELECT * FROM `my_card` WHERE  `id` = 1  AND `pid` = 1 LIMIT 1 [ RunTime:0.000325s ]
[2024-09-05T18:18:28+08:00][sql] SELECT * FROM `my_software` WHERE  `id` = 1 LIMIT 1 [ RunTime:0.000327s ]
[2024-09-05T18:18:28+08:00][sql] SELECT * FROM `my_card` WHERE  `id` = 1  AND `pid` = 1 LIMIT 1 [ RunTime:0.000279s ]
[2024-09-05T18:18:28+08:00][sql] SELECT * FROM `my_software` WHERE  `id` = 1 LIMIT 1 [ RunTime:0.000392s ]
[2024-09-05T18:18:28+08:00][sql] SELECT * FROM `my_card` WHERE  `id` = 1  AND `pid` = 1 LIMIT 1 [ RunTime:0.000317s ]
[2024-09-05T18:18:28+08:00][sql] SELECT * FROM `my_software` WHERE  `id` = 1 LIMIT 1 [ RunTime:0.000305s ]
[2024-09-05T18:18:28+08:00][sql] SELECT * FROM `my_card` WHERE  `id` = 1  AND `pid` = 1 LIMIT 1 [ RunTime:0.000192s ]
[2024-09-05T18:18:35+08:00][sql] CONNECT:[ UseTime:0.015824s ] mysql:host=127.0.0.1;port=3306;dbname=ymyz_cn;charset=utf8
[2024-09-05T18:18:35+08:00][sql] SHOW FULL COLUMNS FROM `my_camilo` [ RunTime:0.000647s ]
[2024-09-05T18:18:35+08:00][sql] SELECT COUNT(*) AS think_count FROM `my_camilo` LIMIT 1 [ RunTime:0.000253s ]
[2024-09-05T18:18:35+08:00][sql] SELECT * FROM `my_camilo` ORDER BY `id` DESC LIMIT 0,10 [ RunTime:0.000265s ]
[2024-09-05T18:18:35+08:00][sql] SHOW FULL COLUMNS FROM `my_software` [ RunTime:0.000657s ]
[2024-09-05T18:18:35+08:00][sql] SELECT * FROM `my_software` WHERE  `id` = 1 LIMIT 1 [ RunTime:0.000298s ]
[2024-09-05T18:18:35+08:00][sql] SHOW FULL COLUMNS FROM `my_card` [ RunTime:0.000467s ]
[2024-09-05T18:18:35+08:00][sql] SELECT * FROM `my_card` WHERE  `id` = 3  AND `pid` = 1 LIMIT 1 [ RunTime:0.000264s ]
[2024-09-05T18:18:35+08:00][sql] SELECT * FROM `my_software` WHERE  `id` = 1 LIMIT 1 [ RunTime:0.000277s ]
[2024-09-05T18:18:35+08:00][sql] SELECT * FROM `my_card` WHERE  `id` = 3  AND `pid` = 1 LIMIT 1 [ RunTime:0.000224s ]
[2024-09-05T18:18:35+08:00][sql] SELECT * FROM `my_software` WHERE  `id` = 1 LIMIT 1 [ RunTime:0.000219s ]
[2024-09-05T18:18:35+08:00][sql] SELECT * FROM `my_card` WHERE  `id` = 3  AND `pid` = 1 LIMIT 1 [ RunTime:0.000236s ]
[2024-09-05T18:18:35+08:00][sql] SELECT * FROM `my_software` WHERE  `id` = 1 LIMIT 1 [ RunTime:0.000195s ]
[2024-09-05T18:18:35+08:00][sql] SELECT * FROM `my_card` WHERE  `id` = 3  AND `pid` = 1 LIMIT 1 [ RunTime:0.000176s ]
[2024-09-05T18:18:35+08:00][sql] SELECT * FROM `my_software` WHERE  `id` = 1 LIMIT 1 [ RunTime:0.000185s ]
[2024-09-05T18:18:35+08:00][sql] SELECT * FROM `my_card` WHERE  `id` = 3  AND `pid` = 1 LIMIT 1 [ RunTime:0.000176s ]
[2024-09-05T18:18:35+08:00][sql] SELECT * FROM `my_software` WHERE  `id` = 1 LIMIT 1 [ RunTime:0.000166s ]
[2024-09-05T18:18:35+08:00][sql] SELECT * FROM `my_card` WHERE  `id` = 2  AND `pid` = 1 LIMIT 1 [ RunTime:0.000153s ]
[2024-09-05T18:18:35+08:00][sql] SELECT * FROM `my_software` WHERE  `id` = 1 LIMIT 1 [ RunTime:0.000164s ]
[2024-09-05T18:18:35+08:00][sql] SELECT * FROM `my_card` WHERE  `id` = 2  AND `pid` = 1 LIMIT 1 [ RunTime:0.000153s ]
[2024-09-05T18:18:35+08:00][sql] SELECT * FROM `my_software` WHERE  `id` = 1 LIMIT 1 [ RunTime:0.000161s ]
[2024-09-05T18:18:35+08:00][sql] SELECT * FROM `my_card` WHERE  `id` = 2  AND `pid` = 1 LIMIT 1 [ RunTime:0.000155s ]
[2024-09-05T18:18:35+08:00][sql] SELECT * FROM `my_software` WHERE  `id` = 1 LIMIT 1 [ RunTime:0.000162s ]
[2024-09-05T18:18:35+08:00][sql] SELECT * FROM `my_card` WHERE  `id` = 2  AND `pid` = 1 LIMIT 1 [ RunTime:0.000161s ]
[2024-09-05T18:18:35+08:00][sql] SELECT * FROM `my_software` WHERE  `id` = 1 LIMIT 1 [ RunTime:0.000160s ]
[2024-09-05T18:18:35+08:00][sql] SELECT * FROM `my_card` WHERE  `id` = 2  AND `pid` = 1 LIMIT 1 [ RunTime:0.000152s ]
[2024-09-05T18:18:49+08:00][sql] CONNECT:[ UseTime:0.011114s ] mysql:host=127.0.0.1;port=3306;dbname=ymyz_cn;charset=utf8
[2024-09-05T18:18:49+08:00][sql] SHOW FULL COLUMNS FROM `my_config` [ RunTime:0.000614s ]
[2024-09-05T18:18:49+08:00][sql] SELECT * FROM `my_config` WHERE  `type` = 'system' LIMIT 1 [ RunTime:0.000309s ]
[2024-09-05T18:18:49+08:00][sql] SELECT * FROM `my_config` WHERE  `type` = 'system' LIMIT 1 [ RunTime:0.000259s ]
[2024-09-05T18:18:49+08:00][sql] SELECT * FROM `my_config` WHERE  `type` = 'system' LIMIT 1 [ RunTime:0.000254s ]
[2024-09-05T18:18:49+08:00][sql] SELECT * FROM `my_config` WHERE  `type` = 'system' LIMIT 1 [ RunTime:0.000252s ]
[2024-09-05T18:18:49+08:00][sql] CONNECT:[ UseTime:0.001072s ] mysql:host=127.0.0.1;port=3306;dbname=ymyz_cn;charset=utf8
[2024-09-05T18:18:49+08:00][sql] SHOW FULL COLUMNS FROM `my_classify` [ RunTime:0.001202s ]
[2024-09-05T18:18:49+08:00][sql] SELECT COUNT(*) AS think_count FROM `my_classify` LIMIT 1 [ RunTime:0.000181s ]
[2024-09-05T18:18:49+08:00][sql] SELECT * FROM `my_classify` LIMIT 0,15 [ RunTime:0.000153s ]
[2024-09-05T18:18:52+08:00][sql] CONNECT:[ UseTime:0.002132s ] mysql:host=127.0.0.1;port=3306;dbname=ymyz_cn;charset=utf8
[2024-09-05T18:18:52+08:00][sql] SHOW FULL COLUMNS FROM `my_classify` [ RunTime:0.001208s ]
[2024-09-05T18:18:52+08:00][sql] SELECT * FROM `my_classify` WHERE  `id` = 1 LIMIT 1 [ RunTime:0.000276s ]
[2024-09-05T18:18:59+08:00][sql] CONNECT:[ UseTime:0.016560s ] mysql:host=127.0.0.1;port=3306;dbname=ymyz_cn;charset=utf8
[2024-09-05T18:18:59+08:00][sql] SHOW FULL COLUMNS FROM `my_software` [ RunTime:0.001527s ]
[2024-09-05T18:18:59+08:00][sql] SELECT * FROM `my_software` WHERE  `id` = 1 LIMIT 1 [ RunTime:0.000320s ]
[2024-09-05T18:18:59+08:00][sql] CONNECT:[ UseTime:0.015063s ] mysql:host=127.0.0.1;port=3306;dbname=ymyz_cn;charset=utf8
[2024-09-05T18:18:59+08:00][sql] SHOW FULL COLUMNS FROM `my_classify` [ RunTime:0.001126s ]
[2024-09-05T18:18:59+08:00][sql] SELECT * FROM `my_classify` [ RunTime:0.000174s ]
[2024-09-05T18:19:01+08:00][sql] CONNECT:[ UseTime:0.001534s ] mysql:host=127.0.0.1;port=3306;dbname=ymyz_cn;charset=utf8
[2024-09-05T18:19:01+08:00][sql] SHOW FULL COLUMNS FROM `my_software` [ RunTime:0.000677s ]
[2024-09-05T18:19:01+08:00][sql] SELECT * FROM `my_software` WHERE  `id` = 1 LIMIT 1 [ RunTime:0.000414s ]
[2024-09-05T18:20:11+08:00][sql] CONNECT:[ UseTime:0.022898s ] mysql:host=127.0.0.1;port=3306;dbname=ymyz_cn;charset=utf8
[2024-09-05T18:20:11+08:00][sql] SHOW FULL COLUMNS FROM `my_software` [ RunTime:0.000769s ]
[2024-09-05T18:20:11+08:00][sql] UPDATE `my_software`  SET `id` = 1 , `thebuckle` = '24' , `time_mod` = 1 , `ryptedPass` = '' , `moremachine` = 1 , `setNumber` = '1' , `update_time` = 1725531611  WHERE  `id` = 1 [ RunTime:0.000392s ]
[2024-09-05T18:20:13+08:00][sql] CONNECT:[ UseTime:0.001527s ] mysql:host=127.0.0.1;port=3306;dbname=ymyz_cn;charset=utf8
[2024-09-05T18:20:13+08:00][sql] SHOW FULL COLUMNS FROM `my_software` [ RunTime:0.000823s ]
[2024-09-05T18:20:13+08:00][sql] SELECT COUNT(*) AS think_count FROM `my_software` LIMIT 1 [ RunTime:0.000281s ]
[2024-09-05T18:20:13+08:00][sql] SELECT * FROM `my_software` LIMIT 0,15 [ RunTime:0.000293s ]
[2024-09-05T18:20:13+08:00][sql] SHOW FULL COLUMNS FROM `my_classify` [ RunTime:0.001146s ]
[2024-09-05T18:20:13+08:00][sql] SELECT * FROM `my_classify` WHERE  `id` = 1 [ RunTime:0.000260s ]
[2024-09-05T18:25:47+08:00][sql] CONNECT:[ UseTime:0.001571s ] mysql:host=127.0.0.1;port=3306;dbname=ymyz_cn;charset=utf8
[2024-09-05T18:25:47+08:00][sql] SHOW FULL COLUMNS FROM `my_software` [ RunTime:0.000613s ]
[2024-09-05T18:25:47+08:00][sql] SELECT * FROM `my_software` WHERE  `id` = 1 LIMIT 1 [ RunTime:0.000280s ]
[2024-09-05T18:26:16+08:00][sql] CONNECT:[ UseTime:0.002382s ] mysql:host=127.0.0.1;port=3306;dbname=ymyz_cn;charset=utf8
[2024-09-05T18:26:16+08:00][sql] SHOW FULL COLUMNS FROM `my_software` [ RunTime:0.000681s ]
[2024-09-05T18:26:16+08:00][sql] UPDATE `my_software`  SET `id` = 1 , `thebuckle` = '24' , `time_mod` = 1 , `ryptedPass` = 'wxyW5J4TNPKeg8BSQtFAmcCDRGEk9VMYObo2a0d6LvrU3Z1nsHpq' , `moremachine` = 1 , `setNumber` = '1' , `update_time` = 1725531976  WHERE  `id` = 1 [ RunTime:0.000437s ]
[2024-09-05T18:26:17+08:00][sql] CONNECT:[ UseTime:0.001226s ] mysql:host=127.0.0.1;port=3306;dbname=ymyz_cn;charset=utf8
[2024-09-05T18:26:17+08:00][sql] SHOW FULL COLUMNS FROM `my_software` [ RunTime:0.000564s ]
[2024-09-05T18:26:17+08:00][sql] SELECT COUNT(*) AS think_count FROM `my_software` LIMIT 1 [ RunTime:0.000207s ]
[2024-09-05T18:26:17+08:00][sql] SELECT * FROM `my_software` LIMIT 0,15 [ RunTime:0.000201s ]
[2024-09-05T18:26:17+08:00][sql] SHOW FULL COLUMNS FROM `my_classify` [ RunTime:0.000993s ]
[2024-09-05T18:26:17+08:00][sql] SELECT * FROM `my_classify` WHERE  `id` = 1 [ RunTime:0.000232s ]
[2024-09-05T18:26:21+08:00][sql] CONNECT:[ UseTime:0.001222s ] mysql:host=127.0.0.1;port=3306;dbname=ymyz_cn;charset=utf8
[2024-09-05T18:26:21+08:00][sql] SHOW FULL COLUMNS FROM `my_software` [ RunTime:0.000578s ]
[2024-09-05T18:26:21+08:00][sql] SELECT * FROM `my_software` WHERE  `id` = 1 LIMIT 1 [ RunTime:0.000311s ]
[2024-09-05T18:33:11+08:00][sql] CONNECT:[ UseTime:0.021580s ] mysql:host=127.0.0.1;port=3306;dbname=ymyz_cn;charset=utf8
[2024-09-05T18:33:11+08:00][sql] SHOW FULL COLUMNS FROM `my_software` [ RunTime:0.000615s ]
[2024-09-05T18:33:11+08:00][sql] SELECT * FROM `my_software` WHERE  `id` = 1 LIMIT 1 [ RunTime:0.000261s ]
[2024-09-05T19:52:50+08:00][sql] CONNECT:[ UseTime:0.023864s ] mysql:host=127.0.0.1;port=3306;dbname=ymyz_cn;charset=utf8
[2024-09-05T19:52:50+08:00][sql] SHOW FULL COLUMNS FROM `my_software` [ RunTime:0.000851s ]
[2024-09-05T19:52:50+08:00][sql] SELECT * FROM `my_software` WHERE  `id` = 1 LIMIT 1 [ RunTime:0.000456s ]
