[2024-09-06T10:12:52+08:00][sql] CONNECT:[ UseTime:0.022250s ] mysql:host=127.0.0.1;port=3306;dbname=ymyz_cn;charset=utf8
[2024-09-06T10:12:52+08:00][sql] SHOW FULL COLUMNS FROM `my_config` [ RunTime:0.020856s ]
[2024-09-06T10:12:52+08:00][sql] SELECT * FROM `my_config` WHERE  `type` = 'system' LIMIT 1 [ RunTime:0.000828s ]
[2024-09-06T10:12:52+08:00][sql] SELECT * FROM `my_config` WHERE  `type` = 'system' LIMIT 1 [ RunTime:0.000263s ]
[2024-09-06T10:12:52+08:00][sql] SELECT * FROM `my_config` WHERE  `type` = 'system' LIMIT 1 [ RunTime:0.000325s ]
[2024-09-06T10:12:52+08:00][sql] SELECT * FROM `my_config` WHERE  `type` = 'system' LIMIT 1 [ RunTime:0.000291s ]
[2024-09-06T10:12:52+08:00][sql] SELECT * FROM `my_config` WHERE  `type` = 'system' LIMIT 1 [ RunTime:0.000315s ]
[2024-09-06T10:12:52+08:00][sql] SELECT * FROM `my_config` WHERE  `type` = 'system' LIMIT 1 [ RunTime:0.000310s ]
[2024-09-06T10:39:28+08:00][sql] CONNECT:[ UseTime:0.001781s ] mysql:host=127.0.0.1;port=3306;dbname=ymyz_cn;charset=utf8
[2024-09-06T10:39:28+08:00][sql] SHOW FULL COLUMNS FROM `my_admin` [ RunTime:0.014254s ]
[2024-09-06T10:39:28+08:00][sql] SELECT * FROM `my_admin` WHERE  `username` = 'yangzai' LIMIT 1 [ RunTime:0.000555s ]
[2024-09-06T10:39:39+08:00][sql] CONNECT:[ UseTime:0.000925s ] mysql:host=127.0.0.1;port=3306;dbname=ymyz_cn;charset=utf8
[2024-09-06T10:39:39+08:00][sql] SHOW FULL COLUMNS FROM `my_admin` [ RunTime:0.001314s ]
[2024-09-06T10:39:39+08:00][sql] SELECT * FROM `my_admin` WHERE  `username` = 'admin' LIMIT 1 [ RunTime:0.000297s ]
[2024-09-06T10:39:39+08:00][sql] UPDATE `my_admin`  SET `login_ip` = '127.0.0.1' , `login_time` = 1725590379 , `login_num` = 68 , `update_time` = 1725590379  WHERE  `id` = 1 [ RunTime:0.000585s ]
[2024-09-06T10:39:41+08:00][sql] CONNECT:[ UseTime:0.010459s ] mysql:host=127.0.0.1;port=3306;dbname=ymyz_cn;charset=utf8
[2024-09-06T10:39:41+08:00][sql] SHOW FULL COLUMNS FROM `my_auth_rule` [ RunTime:0.058428s ]
[2024-09-06T10:39:41+08:00][sql] SELECT * FROM `my_auth_rule` WHERE  `isnav` = 1  AND `status` = 1 ORDER BY `weight`,`id` [ RunTime:0.000884s ]
[2024-09-06T10:39:41+08:00][sql] SHOW FULL COLUMNS FROM `my_config` [ RunTime:0.001259s ]
[2024-09-06T10:39:41+08:00][sql] SELECT * FROM `my_config` WHERE  `type` = 'system' LIMIT 1 [ RunTime:0.000407s ]
[2024-09-06T10:39:41+08:00][sql] SELECT * FROM `my_config` WHERE  `type` = 'system' LIMIT 1 [ RunTime:0.000241s ]
[2024-09-06T10:39:41+08:00][sql] SELECT * FROM `my_config` WHERE  `type` = 'system' LIMIT 1 [ RunTime:0.000274s ]
[2024-09-06T10:39:41+08:00][sql] SELECT * FROM `my_config` WHERE  `type` = 'system' LIMIT 1 [ RunTime:0.000231s ]
[2024-09-06T10:39:41+08:00][sql] SELECT * FROM `my_config` WHERE  `type` = 'system' LIMIT 1 [ RunTime:0.000237s ]
[2024-09-06T10:39:41+08:00][sql] SELECT * FROM `my_config` WHERE  `type` = 'system' LIMIT 1 [ RunTime:0.000229s ]
[2024-09-06T10:39:42+08:00][sql] CONNECT:[ UseTime:0.013192s ] mysql:host=127.0.0.1;port=3306;dbname=ymyz_cn;charset=utf8
[2024-09-06T10:39:42+08:00][sql] SHOW FULL COLUMNS FROM `my_camilo` [ RunTime:0.002590s ]
[2024-09-06T10:39:42+08:00][sql] SELECT COUNT(`id`) AS think_count FROM `my_camilo` WHERE  `activate` = 0  AND `status` = 1 LIMIT 1 [ RunTime:0.000707s ]
[2024-09-06T10:39:42+08:00][sql] SHOW FULL COLUMNS FROM `my_software` [ RunTime:0.018139s ]
[2024-09-06T10:39:42+08:00][sql] SELECT COUNT(`id`) AS think_count FROM `my_software` WHERE  `status` = 1 LIMIT 1 [ RunTime:0.000313s ]
[2024-09-06T10:39:42+08:00][sql] SHOW FULL COLUMNS FROM `my_camilouser` [ RunTime:0.012642s ]
[2024-09-06T10:39:42+08:00][sql] SELECT COUNT(`id`) AS think_count FROM `my_camilouser` WHERE  `status` = 1 LIMIT 1 [ RunTime:0.000324s ]
[2024-09-06T10:39:42+08:00][sql] SHOW FULL COLUMNS FROM `my_user` [ RunTime:0.003812s ]
[2024-09-06T10:39:42+08:00][sql] SELECT COUNT(`id`) AS think_count FROM `my_user` WHERE  `status` = 1 LIMIT 1 [ RunTime:0.000261s ]
[2024-09-06T10:39:42+08:00][sql] SELECT COUNT(`id`) AS think_count FROM `my_camilouser` WHERE  1  LIMIT 1 [ RunTime:0.000216s ]
[2024-09-06T10:39:42+08:00][sql] SHOW FULL COLUMNS FROM `my_config` [ RunTime:0.001321s ]
[2024-09-06T10:39:42+08:00][sql] SELECT * FROM `my_config` WHERE  `type` = 'system' LIMIT 1 [ RunTime:0.000285s ]
[2024-09-06T10:39:42+08:00][sql] SELECT * FROM `my_config` WHERE  `type` = 'system' LIMIT 1 [ RunTime:0.000300s ]
[2024-09-06T10:39:42+08:00][sql] SELECT * FROM `my_config` WHERE  `type` = 'system' LIMIT 1 [ RunTime:0.000254s ]
[2024-09-06T10:39:42+08:00][sql] SELECT * FROM `my_config` WHERE  `type` = 'system' LIMIT 1 [ RunTime:0.000256s ]
[2024-09-06T10:39:56+08:00][sql] CONNECT:[ UseTime:0.011725s ] mysql:host=127.0.0.1;port=3306;dbname=ymyz_cn;charset=utf8
[2024-09-06T10:39:56+08:00][sql] SHOW FULL COLUMNS FROM `my_config` [ RunTime:0.001287s ]
[2024-09-06T10:39:56+08:00][sql] SELECT * FROM `my_config` WHERE  `type` = 'system' LIMIT 1 [ RunTime:0.000418s ]
[2024-09-06T10:39:56+08:00][sql] SELECT * FROM `my_config` WHERE  `type` = 'system' LIMIT 1 [ RunTime:0.000303s ]
[2024-09-06T10:39:56+08:00][sql] SELECT * FROM `my_config` WHERE  `type` = 'system' LIMIT 1 [ RunTime:0.000329s ]
[2024-09-06T10:39:56+08:00][sql] SELECT * FROM `my_config` WHERE  `type` = 'system' LIMIT 1 [ RunTime:0.000415s ]
[2024-09-06T10:39:56+08:00][sql] CONNECT:[ UseTime:0.000901s ] mysql:host=127.0.0.1;port=3306;dbname=ymyz_cn;charset=utf8
[2024-09-06T10:39:56+08:00][sql] SHOW FULL COLUMNS FROM `my_user` [ RunTime:0.001219s ]
[2024-09-06T10:39:56+08:00][sql] SELECT COUNT(*) AS think_count FROM `my_user` LIMIT 1 [ RunTime:0.000324s ]
[2024-09-06T10:39:56+08:00][sql] SELECT * FROM `my_user` LIMIT 0,10 [ RunTime:0.000302s ]
[2024-09-06T10:39:56+08:00][sql] SHOW FULL COLUMNS FROM `my_software` [ RunTime:0.001311s ]
[2024-09-06T10:39:56+08:00][sql] SELECT * FROM `my_software` WHERE  `id` = 1 LIMIT 1 [ RunTime:0.000362s ]
[2024-09-06T10:39:58+08:00][sql] CONNECT:[ UseTime:0.000970s ] mysql:host=127.0.0.1;port=3306;dbname=ymyz_cn;charset=utf8
[2024-09-06T10:39:58+08:00][sql] SHOW FULL COLUMNS FROM `my_config` [ RunTime:0.001353s ]
[2024-09-06T10:39:58+08:00][sql] SELECT * FROM `my_config` WHERE  `type` = 'system' LIMIT 1 [ RunTime:0.000404s ]
[2024-09-06T10:39:58+08:00][sql] SELECT * FROM `my_config` WHERE  `type` = 'system' LIMIT 1 [ RunTime:0.000475s ]
[2024-09-06T10:39:58+08:00][sql] SELECT * FROM `my_config` WHERE  `type` = 'system' LIMIT 1 [ RunTime:0.000286s ]
[2024-09-06T10:39:58+08:00][sql] SELECT * FROM `my_config` WHERE  `type` = 'system' LIMIT 1 [ RunTime:0.000284s ]
[2024-09-06T10:39:59+08:00][sql] CONNECT:[ UseTime:0.017804s ] mysql:host=127.0.0.1;port=3306;dbname=ymyz_cn;charset=utf8
[2024-09-06T10:39:59+08:00][sql] SHOW FULL COLUMNS FROM `my_camilouser` [ RunTime:0.001842s ]
[2024-09-06T10:39:59+08:00][sql] SELECT COUNT(*) AS think_count FROM `my_camilouser` LIMIT 1 [ RunTime:0.000345s ]
