[2024-09-10T14:36:38+08:00][sql] CONNECT:[ UseTime:0.013939s ] mysql:host=127.0.0.1;port=3306;dbname=ymyz_cn;charset=utf8
[2024-09-10T14:36:38+08:00][sql] SHOW FULL COLUMNS FROM `my_config` [ RunTime:0.028347s ]
[2024-09-10T14:36:38+08:00][sql] SELECT * FROM `my_config` WHERE  `type` = 'system' LIMIT 1 [ RunTime:0.028988s ]
[2024-09-10T14:36:38+08:00][sql] SELECT * FROM `my_config` WHERE  `type` = 'system' LIMIT 1 [ RunTime:0.000327s ]
[2024-09-10T14:36:38+08:00][sql] SELECT * FROM `my_config` WHERE  `type` = 'system' LIMIT 1 [ RunTime:0.000287s ]
[2024-09-10T14:36:38+08:00][sql] SELECT * FROM `my_config` WHERE  `type` = 'system' LIMIT 1 [ RunTime:0.000254s ]
[2024-09-10T14:36:38+08:00][sql] SELECT * FROM `my_config` WHERE  `type` = 'system' LIMIT 1 [ RunTime:0.000253s ]
[2024-09-10T14:36:38+08:00][sql] SELECT * FROM `my_config` WHERE  `type` = 'system' LIMIT 1 [ RunTime:0.000224s ]
[2024-09-10T14:36:58+08:00][sql] CONNECT:[ UseTime:0.001532s ] mysql:host=127.0.0.1;port=3306;dbname=ymyz_cn;charset=utf8
[2024-09-10T14:36:58+08:00][sql] SHOW FULL COLUMNS FROM `my_admin` [ RunTime:0.001881s ]
[2024-09-10T14:36:58+08:00][sql] SELECT * FROM `my_admin` WHERE  `username` = 'admin' LIMIT 1 [ RunTime:0.000339s ]
[2024-09-10T14:36:58+08:00][sql] UPDATE `my_admin`  SET `login_ip` = '127.0.0.1' , `login_time` = 1725950218 , `login_num` = 69 , `update_time` = 1725950218  WHERE  `id` = 1 [ RunTime:0.056532s ]
[2024-09-10T14:37:00+08:00][sql] CONNECT:[ UseTime:0.001305s ] mysql:host=127.0.0.1;port=3306;dbname=ymyz_cn;charset=utf8
[2024-09-10T14:37:00+08:00][sql] SHOW FULL COLUMNS FROM `my_auth_rule` [ RunTime:0.001288s ]
[2024-09-10T14:37:00+08:00][sql] SELECT * FROM `my_auth_rule` WHERE  `isnav` = 1  AND `status` = 1 ORDER BY `weight`,`id` [ RunTime:0.042807s ]
[2024-09-10T14:37:00+08:00][sql] SHOW FULL COLUMNS FROM `my_config` [ RunTime:0.001268s ]
[2024-09-10T14:37:00+08:00][sql] SELECT * FROM `my_config` WHERE  `type` = 'system' LIMIT 1 [ RunTime:0.000372s ]
[2024-09-10T14:37:00+08:00][sql] SELECT * FROM `my_config` WHERE  `type` = 'system' LIMIT 1 [ RunTime:0.000422s ]
[2024-09-10T14:37:00+08:00][sql] SELECT * FROM `my_config` WHERE  `type` = 'system' LIMIT 1 [ RunTime:0.000265s ]
[2024-09-10T14:37:00+08:00][sql] SELECT * FROM `my_config` WHERE  `type` = 'system' LIMIT 1 [ RunTime:0.000192s ]
[2024-09-10T14:37:00+08:00][sql] SELECT * FROM `my_config` WHERE  `type` = 'system' LIMIT 1 [ RunTime:0.000188s ]
[2024-09-10T14:37:00+08:00][sql] SELECT * FROM `my_config` WHERE  `type` = 'system' LIMIT 1 [ RunTime:0.000186s ]
[2024-09-10T14:37:00+08:00][sql] CONNECT:[ UseTime:0.000769s ] mysql:host=127.0.0.1;port=3306;dbname=ymyz_cn;charset=utf8
[2024-09-10T14:37:00+08:00][sql] SHOW FULL COLUMNS FROM `my_camilo` [ RunTime:0.001119s ]
[2024-09-10T14:37:00+08:00][sql] SELECT COUNT(`id`) AS think_count FROM `my_camilo` WHERE  `activate` = 0  AND `status` = 1 LIMIT 1 [ RunTime:0.000690s ]
[2024-09-10T14:37:00+08:00][sql] SHOW FULL COLUMNS FROM `my_software` [ RunTime:0.001471s ]
[2024-09-10T14:37:00+08:00][sql] SELECT COUNT(`id`) AS think_count FROM `my_software` WHERE  `status` = 1 LIMIT 1 [ RunTime:0.000250s ]
[2024-09-10T14:37:00+08:00][sql] SHOW FULL COLUMNS FROM `my_camilouser` [ RunTime:0.000967s ]
[2024-09-10T14:37:00+08:00][sql] SELECT COUNT(`id`) AS think_count FROM `my_camilouser` WHERE  `status` = 1 LIMIT 1 [ RunTime:0.000209s ]
[2024-09-10T14:37:00+08:00][sql] SHOW FULL COLUMNS FROM `my_user` [ RunTime:0.000965s ]
[2024-09-10T14:37:00+08:00][sql] SELECT COUNT(`id`) AS think_count FROM `my_user` WHERE  `status` = 1 LIMIT 1 [ RunTime:0.000210s ]
[2024-09-10T14:37:00+08:00][sql] SELECT COUNT(`id`) AS think_count FROM `my_camilouser` WHERE  1  LIMIT 1 [ RunTime:0.000171s ]
[2024-09-10T14:37:00+08:00][sql] SHOW FULL COLUMNS FROM `my_config` [ RunTime:0.001275s ]
[2024-09-10T14:37:00+08:00][sql] SELECT * FROM `my_config` WHERE  `type` = 'system' LIMIT 1 [ RunTime:0.000289s ]
[2024-09-10T14:37:00+08:00][sql] SELECT * FROM `my_config` WHERE  `type` = 'system' LIMIT 1 [ RunTime:0.000252s ]
[2024-09-10T14:37:00+08:00][sql] SELECT * FROM `my_config` WHERE  `type` = 'system' LIMIT 1 [ RunTime:0.000279s ]
[2024-09-10T14:37:00+08:00][sql] SELECT * FROM `my_config` WHERE  `type` = 'system' LIMIT 1 [ RunTime:0.000294s ]
[2024-09-10T14:37:06+08:00][sql] CONNECT:[ UseTime:0.000831s ] mysql:host=127.0.0.1;port=3306;dbname=ymyz_cn;charset=utf8
[2024-09-10T14:37:06+08:00][sql] SHOW FULL COLUMNS FROM `my_config` [ RunTime:0.001193s ]
[2024-09-10T14:37:06+08:00][sql] SELECT * FROM `my_config` WHERE  `type` = 'system' LIMIT 1 [ RunTime:0.000388s ]
[2024-09-10T14:37:06+08:00][sql] SELECT * FROM `my_config` WHERE  `type` = 'system' LIMIT 1 [ RunTime:0.000323s ]
[2024-09-10T14:37:06+08:00][sql] SELECT * FROM `my_config` WHERE  `type` = 'system' LIMIT 1 [ RunTime:0.000342s ]
[2024-09-10T14:37:06+08:00][sql] SELECT * FROM `my_config` WHERE  `type` = 'system' LIMIT 1 [ RunTime:0.000315s ]
[2024-09-10T14:37:06+08:00][sql] CONNECT:[ UseTime:0.020431s ] mysql:host=127.0.0.1;port=3306;dbname=ymyz_cn;charset=utf8
[2024-09-10T14:37:06+08:00][sql] SHOW FULL COLUMNS FROM `my_classify` [ RunTime:0.001218s ]
[2024-09-10T14:37:06+08:00][sql] SELECT COUNT(*) AS think_count FROM `my_classify` LIMIT 1 [ RunTime:0.000253s ]
[2024-09-10T14:37:06+08:00][sql] SELECT * FROM `my_classify` LIMIT 0,15 [ RunTime:0.000228s ]
[2024-09-10T14:37:08+08:00][sql] CONNECT:[ UseTime:0.012543s ] mysql:host=127.0.0.1;port=3306;dbname=ymyz_cn;charset=utf8
[2024-09-10T14:37:08+08:00][sql] SHOW FULL COLUMNS FROM `my_config` [ RunTime:0.001134s ]
[2024-09-10T14:37:08+08:00][sql] SELECT * FROM `my_config` WHERE  `type` = 'system' LIMIT 1 [ RunTime:0.000261s ]
[2024-09-10T14:37:08+08:00][sql] SELECT * FROM `my_config` WHERE  `type` = 'system' LIMIT 1 [ RunTime:0.000211s ]
[2024-09-10T14:37:08+08:00][sql] SELECT * FROM `my_config` WHERE  `type` = 'system' LIMIT 1 [ RunTime:0.000212s ]
[2024-09-10T14:37:08+08:00][sql] SELECT * FROM `my_config` WHERE  `type` = 'system' LIMIT 1 [ RunTime:0.000233s ]
[2024-09-10T14:37:08+08:00][sql] CONNECT:[ UseTime:0.024293s ] mysql:host=127.0.0.1;port=3306;dbname=ymyz_cn;charset=utf8
[2024-09-10T14:37:08+08:00][sql] SHOW FULL COLUMNS FROM `my_software` [ RunTime:0.001350s ]
[2024-09-10T14:37:08+08:00][sql] SELECT COUNT(*) AS think_count FROM `my_software` LIMIT 1 [ RunTime:0.000252s ]
[2024-09-10T14:37:08+08:00][sql] SELECT * FROM `my_software` LIMIT 0,15 [ RunTime:0.000249s ]
[2024-09-10T14:37:08+08:00][sql] SHOW FULL COLUMNS FROM `my_classify` [ RunTime:0.001019s ]
[2024-09-10T14:37:08+08:00][sql] SELECT * FROM `my_classify` WHERE  `id` = 1 [ RunTime:0.000247s ]
[2024-09-10T14:37:21+08:00][sql] CONNECT:[ UseTime:0.000846s ] mysql:host=127.0.0.1;port=3306;dbname=ymyz_cn;charset=utf8
[2024-09-10T14:37:21+08:00][sql] SHOW FULL COLUMNS FROM `my_software` [ RunTime:0.000590s ]
[2024-09-10T14:37:21+08:00][sql] SELECT * FROM `my_software` WHERE  `id` = 1 LIMIT 1 [ RunTime:0.019769s ]
[2024-09-10T14:37:21+08:00][sql] CONNECT:[ UseTime:0.001415s ] mysql:host=127.0.0.1;port=3306;dbname=ymyz_cn;charset=utf8
[2024-09-10T14:37:21+08:00][sql] SHOW FULL COLUMNS FROM `my_classify` [ RunTime:0.001750s ]
[2024-09-10T14:37:21+08:00][sql] SELECT * FROM `my_classify` [ RunTime:0.000259s ]
[2024-09-10T14:37:27+08:00][sql] CONNECT:[ UseTime:0.024321s ] mysql:host=127.0.0.1;port=3306;dbname=ymyz_cn;charset=utf8
[2024-09-10T14:37:27+08:00][sql] SHOW FULL COLUMNS FROM `my_software` [ RunTime:0.001453s ]
[2024-09-10T14:37:27+08:00][sql] SELECT * FROM `my_software` WHERE  `id` = 1 LIMIT 1 [ RunTime:0.000384s ]
[2024-09-10T18:17:40+08:00][sql] CONNECT:[ UseTime:0.001220s ] mysql:host=127.0.0.1;port=3306;dbname=ymyz_cn;charset=utf8
[2024-09-10T18:17:40+08:00][sql] SHOW FULL COLUMNS FROM `my_config` [ RunTime:0.024231s ]
[2024-09-10T18:17:40+08:00][sql] SELECT * FROM `my_config` WHERE  `type` = 'system' LIMIT 1 [ RunTime:0.000870s ]
[2024-09-10T18:17:40+08:00][sql] SELECT * FROM `my_config` WHERE  `type` = 'system' LIMIT 1 [ RunTime:0.000321s ]
[2024-09-10T18:17:40+08:00][sql] SELECT * FROM `my_config` WHERE  `type` = 'system' LIMIT 1 [ RunTime:0.000250s ]
[2024-09-10T18:17:40+08:00][sql] SELECT * FROM `my_config` WHERE  `type` = 'system' LIMIT 1 [ RunTime:0.000242s ]
[2024-09-10T18:17:40+08:00][sql] SELECT * FROM `my_config` WHERE  `type` = 'system' LIMIT 1 [ RunTime:0.000231s ]
[2024-09-10T18:17:40+08:00][sql] SELECT * FROM `my_config` WHERE  `type` = 'system' LIMIT 1 [ RunTime:0.000438s ]
[2024-09-10T18:33:49+08:00][sql] CONNECT:[ UseTime:0.012057s ] mysql:host=127.0.0.1;port=3306;dbname=ymyz_cn;charset=utf8
[2024-09-10T18:33:49+08:00][sql] SHOW FULL COLUMNS FROM `my_admin` [ RunTime:0.017798s ]
[2024-09-10T18:33:49+08:00][sql] SELECT * FROM `my_admin` WHERE  `username` = 'admin' LIMIT 1 [ RunTime:0.000270s ]
[2024-09-10T18:33:49+08:00][sql] UPDATE `my_admin`  SET `login_ip` = '127.0.0.1' , `login_time` = 1725964429 , `login_num` = 70 , `update_time` = 1725964429  WHERE  `id` = 1 [ RunTime:0.068890s ]
[2024-09-10T18:33:51+08:00][sql] CONNECT:[ UseTime:0.000743s ] mysql:host=127.0.0.1;port=3306;dbname=ymyz_cn;charset=utf8
[2024-09-10T18:33:51+08:00][sql] SHOW FULL COLUMNS FROM `my_auth_rule` [ RunTime:0.019718s ]
[2024-09-10T18:33:51+08:00][sql] SELECT * FROM `my_auth_rule` WHERE  `isnav` = 1  AND `status` = 1 ORDER BY `weight`,`id` [ RunTime:0.025291s ]
[2024-09-10T18:33:51+08:00][sql] SHOW FULL COLUMNS FROM `my_config` [ RunTime:0.001519s ]
[2024-09-10T18:33:51+08:00][sql] SELECT * FROM `my_config` WHERE  `type` = 'system' LIMIT 1 [ RunTime:0.000608s ]
[2024-09-10T18:33:51+08:00][sql] SELECT * FROM `my_config` WHERE  `type` = 'system' LIMIT 1 [ RunTime:0.000356s ]
[2024-09-10T18:33:51+08:00][sql] SELECT * FROM `my_config` WHERE  `type` = 'system' LIMIT 1 [ RunTime:0.000249s ]
[2024-09-10T18:33:51+08:00][sql] SELECT * FROM `my_config` WHERE  `type` = 'system' LIMIT 1 [ RunTime:0.000237s ]
[2024-09-10T18:33:51+08:00][sql] SELECT * FROM `my_config` WHERE  `type` = 'system' LIMIT 1 [ RunTime:0.000211s ]
[2024-09-10T18:33:51+08:00][sql] SELECT * FROM `my_config` WHERE  `type` = 'system' LIMIT 1 [ RunTime:0.000198s ]
[2024-09-10T18:33:51+08:00][sql] CONNECT:[ UseTime:0.000879s ] mysql:host=127.0.0.1;port=3306;dbname=ymyz_cn;charset=utf8
[2024-09-10T18:33:51+08:00][sql] SHOW FULL COLUMNS FROM `my_camilo` [ RunTime:0.006833s ]
[2024-09-10T18:33:51+08:00][sql] SELECT COUNT(`id`) AS think_count FROM `my_camilo` WHERE  `activate` = 0  AND `status` = 1 LIMIT 1 [ RunTime:0.051699s ]
[2024-09-10T18:33:51+08:00][sql] SHOW FULL COLUMNS FROM `my_software` [ RunTime:0.000867s ]
[2024-09-10T18:33:51+08:00][sql] SELECT COUNT(`id`) AS think_count FROM `my_software` WHERE  `status` = 1 LIMIT 1 [ RunTime:0.000420s ]
[2024-09-10T18:33:51+08:00][sql] SHOW FULL COLUMNS FROM `my_camilouser` [ RunTime:0.016734s ]
[2024-09-10T18:33:51+08:00][sql] SELECT COUNT(`id`) AS think_count FROM `my_camilouser` WHERE  `status` = 1 LIMIT 1 [ RunTime:0.000288s ]
[2024-09-10T18:33:51+08:00][sql] SHOW FULL COLUMNS FROM `my_user` [ RunTime:0.012140s ]
[2024-09-10T18:33:51+08:00][sql] SELECT COUNT(`id`) AS think_count FROM `my_user` WHERE  `status` = 1 LIMIT 1 [ RunTime:0.000326s ]
[2024-09-10T18:33:51+08:00][sql] SELECT COUNT(`id`) AS think_count FROM `my_camilouser` WHERE  1  LIMIT 1 [ RunTime:0.001175s ]
[2024-09-10T18:33:51+08:00][sql] SHOW FULL COLUMNS FROM `my_config` [ RunTime:0.001218s ]
[2024-09-10T18:33:51+08:00][sql] SELECT * FROM `my_config` WHERE  `type` = 'system' LIMIT 1 [ RunTime:0.000318s ]
[2024-09-10T18:33:51+08:00][sql] SELECT * FROM `my_config` WHERE  `type` = 'system' LIMIT 1 [ RunTime:0.000254s ]
[2024-09-10T18:33:51+08:00][sql] SELECT * FROM `my_config` WHERE  `type` = 'system' LIMIT 1 [ RunTime:0.000254s ]
[2024-09-10T18:33:51+08:00][sql] SELECT * FROM `my_config` WHERE  `type` = 'system' LIMIT 1 [ RunTime:0.000254s ]
[2024-09-10T18:33:54+08:00][sql] CONNECT:[ UseTime:0.017169s ] mysql:host=127.0.0.1;port=3306;dbname=ymyz_cn;charset=utf8
[2024-09-10T18:33:54+08:00][sql] SHOW FULL COLUMNS FROM `my_config` [ RunTime:0.001091s ]
[2024-09-10T18:33:54+08:00][sql] SELECT * FROM `my_config` WHERE  `type` = 'system' LIMIT 1 [ RunTime:0.000235s ]
[2024-09-10T18:33:54+08:00][sql] SELECT * FROM `my_config` WHERE  `type` = 'system' LIMIT 1 [ RunTime:0.000177s ]
[2024-09-10T18:33:54+08:00][sql] SELECT * FROM `my_config` WHERE  `type` = 'system' LIMIT 1 [ RunTime:0.000172s ]
[2024-09-10T18:33:54+08:00][sql] SELECT * FROM `my_config` WHERE  `type` = 'system' LIMIT 1 [ RunTime:0.000167s ]
[2024-09-10T18:33:54+08:00][sql] CONNECT:[ UseTime:0.019952s ] mysql:host=127.0.0.1;port=3306;dbname=ymyz_cn;charset=utf8
[2024-09-10T18:33:54+08:00][sql] SHOW FULL COLUMNS FROM `my_camilouser` [ RunTime:0.001346s ]
[2024-09-10T18:33:54+08:00][sql] SELECT COUNT(*) AS think_count FROM `my_camilouser` LIMIT 1 [ RunTime:0.000284s ]
[2024-09-10T18:33:55+08:00][sql] CONNECT:[ UseTime:0.024916s ] mysql:host=127.0.0.1;port=3306;dbname=ymyz_cn;charset=utf8
[2024-09-10T18:33:55+08:00][sql] SHOW FULL COLUMNS FROM `my_config` [ RunTime:0.000609s ]
[2024-09-10T18:33:55+08:00][sql] SELECT * FROM `my_config` WHERE  `type` = 'system' LIMIT 1 [ RunTime:0.000291s ]
[2024-09-10T18:33:55+08:00][sql] SELECT * FROM `my_config` WHERE  `type` = 'system' LIMIT 1 [ RunTime:0.000249s ]
[2024-09-10T18:33:55+08:00][sql] SELECT * FROM `my_config` WHERE  `type` = 'system' LIMIT 1 [ RunTime:0.000247s ]
[2024-09-10T18:33:55+08:00][sql] SELECT * FROM `my_config` WHERE  `type` = 'system' LIMIT 1 [ RunTime:0.000265s ]
[2024-09-10T18:33:56+08:00][sql] CONNECT:[ UseTime:0.016547s ] mysql:host=127.0.0.1;port=3306;dbname=ymyz_cn;charset=utf8
[2024-09-10T18:33:56+08:00][sql] SHOW FULL COLUMNS FROM `my_user` [ RunTime:0.001262s ]
[2024-09-10T18:33:56+08:00][sql] SELECT COUNT(*) AS think_count FROM `my_user` LIMIT 1 [ RunTime:0.000281s ]
[2024-09-10T18:33:56+08:00][sql] SELECT * FROM `my_user` LIMIT 0,10 [ RunTime:0.000252s ]
[2024-09-10T18:33:56+08:00][sql] SHOW FULL COLUMNS FROM `my_software` [ RunTime:0.000553s ]
[2024-09-10T18:33:56+08:00][sql] SELECT * FROM `my_software` WHERE  `id` = 1 LIMIT 1 [ RunTime:0.000327s ]
[2024-09-10T18:33:59+08:00][sql] CONNECT:[ UseTime:0.000832s ] mysql:host=127.0.0.1;port=3306;dbname=ymyz_cn;charset=utf8
[2024-09-10T18:33:59+08:00][sql] SHOW FULL COLUMNS FROM `my_software` [ RunTime:0.001023s ]
[2024-09-10T18:33:59+08:00][sql] SELECT * FROM `my_software` WHERE  `loginway` = 2 [ RunTime:0.000361s ]
[2024-09-10T18:34:06+08:00][sql] CONNECT:[ UseTime:0.022419s ] mysql:host=127.0.0.1;port=3306;dbname=ymyz_cn;charset=utf8
[2024-09-10T18:34:06+08:00][sql] SHOW FULL COLUMNS FROM `my_config` [ RunTime:0.001116s ]
[2024-09-10T18:34:06+08:00][sql] SELECT * FROM `my_config` WHERE  `type` = 'system' LIMIT 1 [ RunTime:0.000312s ]
[2024-09-10T18:34:06+08:00][sql] SELECT * FROM `my_config` WHERE  `type` = 'system' LIMIT 1 [ RunTime:0.000274s ]
[2024-09-10T18:34:06+08:00][sql] SELECT * FROM `my_config` WHERE  `type` = 'system' LIMIT 1 [ RunTime:0.000433s ]
[2024-09-10T18:34:06+08:00][sql] SELECT * FROM `my_config` WHERE  `type` = 'system' LIMIT 1 [ RunTime:0.000276s ]
[2024-09-10T18:34:06+08:00][sql] CONNECT:[ UseTime:0.009946s ] mysql:host=127.0.0.1;port=3306;dbname=ymyz_cn;charset=utf8
[2024-09-10T18:34:06+08:00][sql] SHOW FULL COLUMNS FROM `my_software` [ RunTime:0.000683s ]
[2024-09-10T18:34:06+08:00][sql] SELECT COUNT(*) AS think_count FROM `my_software` LIMIT 1 [ RunTime:0.000237s ]
[2024-09-10T18:34:06+08:00][sql] SELECT * FROM `my_software` LIMIT 0,15 [ RunTime:0.000281s ]
[2024-09-10T18:34:06+08:00][sql] SHOW FULL COLUMNS FROM `my_classify` [ RunTime:0.016914s ]
[2024-09-10T18:34:06+08:00][sql] SELECT * FROM `my_classify` WHERE  `id` = 1 [ RunTime:0.000291s ]
[2024-09-10T18:34:08+08:00][sql] CONNECT:[ UseTime:0.024786s ] mysql:host=127.0.0.1;port=3306;dbname=ymyz_cn;charset=utf8
[2024-09-10T18:34:08+08:00][sql] SHOW FULL COLUMNS FROM `my_classify` [ RunTime:0.001279s ]
[2024-09-10T18:34:08+08:00][sql] SELECT * FROM `my_classify` [ RunTime:0.000289s ]
[2024-09-10T18:34:28+08:00][sql] CONNECT:[ UseTime:0.025081s ] mysql:host=127.0.0.1;port=3306;dbname=ymyz_cn;charset=utf8
[2024-09-10T18:34:28+08:00][sql] SHOW FULL COLUMNS FROM `my_software` [ RunTime:0.000643s ]
[2024-09-10T18:34:28+08:00][sql] INSERT INTO `my_software` SET `id` = 0 , `pid` = 1 , `title` = '卡密软件' , `versions` = '1' , `notice` = '这是公告' , `loginway` = 2 , `updatestat` = 1 , `loRangeurl` = '' , `secretKey` = 'K9HfnxhzlAy7YRI6EBWDe3Fp2PdwO1vGTgu8mXL0oJiQZrs5tMUS' , `catalogue` = 'VHE98Q3Sk2' , `create_time` = 1725964468 , `update_time` = 1725964468 [ RunTime:0.028078s ]
[2024-09-10T18:34:29+08:00][sql] CONNECT:[ UseTime:0.017724s ] mysql:host=127.0.0.1;port=3306;dbname=ymyz_cn;charset=utf8
[2024-09-10T18:34:29+08:00][sql] SHOW FULL COLUMNS FROM `my_software` [ RunTime:0.000732s ]
[2024-09-10T18:34:29+08:00][sql] SELECT COUNT(*) AS think_count FROM `my_software` LIMIT 1 [ RunTime:0.000316s ]
[2024-09-10T18:34:29+08:00][sql] SELECT * FROM `my_software` LIMIT 0,15 [ RunTime:0.000245s ]
[2024-09-10T18:34:29+08:00][sql] SHOW FULL COLUMNS FROM `my_classify` [ RunTime:0.001069s ]
[2024-09-10T18:34:29+08:00][sql] SELECT * FROM `my_classify` WHERE  `id` = 1 [ RunTime:0.000240s ]
[2024-09-10T18:34:33+08:00][sql] CONNECT:[ UseTime:0.021712s ] mysql:host=127.0.0.1;port=3306;dbname=ymyz_cn;charset=utf8
[2024-09-10T18:34:33+08:00][sql] SHOW FULL COLUMNS FROM `my_config` [ RunTime:0.001193s ]
[2024-09-10T18:34:33+08:00][sql] SELECT * FROM `my_config` WHERE  `type` = 'system' LIMIT 1 [ RunTime:0.000351s ]
[2024-09-10T18:34:33+08:00][sql] SELECT * FROM `my_config` WHERE  `type` = 'system' LIMIT 1 [ RunTime:0.000259s ]
[2024-09-10T18:34:33+08:00][sql] SELECT * FROM `my_config` WHERE  `type` = 'system' LIMIT 1 [ RunTime:0.000234s ]
[2024-09-10T18:34:33+08:00][sql] SELECT * FROM `my_config` WHERE  `type` = 'system' LIMIT 1 [ RunTime:0.000230s ]
[2024-09-10T18:34:33+08:00][sql] CONNECT:[ UseTime:0.018624s ] mysql:host=127.0.0.1;port=3306;dbname=ymyz_cn;charset=utf8
[2024-09-10T18:34:33+08:00][sql] SHOW FULL COLUMNS FROM `my_camilo` [ RunTime:0.002102s ]
[2024-09-10T18:34:33+08:00][sql] SELECT COUNT(*) AS think_count FROM `my_camilo` LIMIT 1 [ RunTime:0.000313s ]
[2024-09-10T18:34:33+08:00][sql] SELECT * FROM `my_camilo` ORDER BY `id` DESC LIMIT 0,10 [ RunTime:0.000266s ]
[2024-09-10T18:34:33+08:00][sql] SHOW FULL COLUMNS FROM `my_software` [ RunTime:0.000722s ]
[2024-09-10T18:34:33+08:00][sql] SELECT * FROM `my_software` WHERE  `id` = 1 LIMIT 1 [ RunTime:0.000329s ]
[2024-09-10T18:34:33+08:00][sql] SHOW FULL COLUMNS FROM `my_card` [ RunTime:0.015407s ]
[2024-09-10T18:34:33+08:00][sql] SELECT * FROM `my_card` WHERE  `id` = 3  AND `pid` = 1 LIMIT 1 [ RunTime:0.000402s ]
[2024-09-10T18:34:33+08:00][sql] SELECT * FROM `my_software` WHERE  `id` = 1 LIMIT 1 [ RunTime:0.000423s ]
[2024-09-10T18:34:33+08:00][sql] SELECT * FROM `my_card` WHERE  `id` = 3  AND `pid` = 1 LIMIT 1 [ RunTime:0.000385s ]
[2024-09-10T18:34:33+08:00][sql] SELECT * FROM `my_software` WHERE  `id` = 1 LIMIT 1 [ RunTime:0.000303s ]
[2024-09-10T18:34:33+08:00][sql] SELECT * FROM `my_card` WHERE  `id` = 3  AND `pid` = 1 LIMIT 1 [ RunTime:0.000178s ]
[2024-09-10T18:34:33+08:00][sql] SELECT * FROM `my_software` WHERE  `id` = 1 LIMIT 1 [ RunTime:0.000185s ]
[2024-09-10T18:34:33+08:00][sql] SELECT * FROM `my_card` WHERE  `id` = 3  AND `pid` = 1 LIMIT 1 [ RunTime:0.000168s ]
[2024-09-10T18:34:33+08:00][sql] SELECT * FROM `my_software` WHERE  `id` = 1 LIMIT 1 [ RunTime:0.000179s ]
[2024-09-10T18:34:33+08:00][sql] SELECT * FROM `my_card` WHERE  `id` = 3  AND `pid` = 1 LIMIT 1 [ RunTime:0.000188s ]
[2024-09-10T18:34:33+08:00][sql] SELECT * FROM `my_software` WHERE  `id` = 1 LIMIT 1 [ RunTime:0.000184s ]
[2024-09-10T18:34:33+08:00][sql] SELECT * FROM `my_card` WHERE  `id` = 2  AND `pid` = 1 LIMIT 1 [ RunTime:0.000167s ]
[2024-09-10T18:34:33+08:00][sql] SELECT * FROM `my_software` WHERE  `id` = 1 LIMIT 1 [ RunTime:0.000173s ]
[2024-09-10T18:34:33+08:00][sql] SELECT * FROM `my_card` WHERE  `id` = 2  AND `pid` = 1 LIMIT 1 [ RunTime:0.000163s ]
[2024-09-10T18:34:33+08:00][sql] SELECT * FROM `my_software` WHERE  `id` = 1 LIMIT 1 [ RunTime:0.000176s ]
[2024-09-10T18:34:33+08:00][sql] SELECT * FROM `my_card` WHERE  `id` = 2  AND `pid` = 1 LIMIT 1 [ RunTime:0.000162s ]
[2024-09-10T18:34:33+08:00][sql] SELECT * FROM `my_software` WHERE  `id` = 1 LIMIT 1 [ RunTime:0.000170s ]
[2024-09-10T18:34:33+08:00][sql] SELECT * FROM `my_card` WHERE  `id` = 2  AND `pid` = 1 LIMIT 1 [ RunTime:0.000161s ]
[2024-09-10T18:34:33+08:00][sql] SELECT * FROM `my_software` WHERE  `id` = 1 LIMIT 1 [ RunTime:0.000171s ]
[2024-09-10T18:34:33+08:00][sql] SELECT * FROM `my_card` WHERE  `id` = 2  AND `pid` = 1 LIMIT 1 [ RunTime:0.000161s ]
[2024-09-10T18:34:34+08:00][sql] CONNECT:[ UseTime:0.018584s ] mysql:host=127.0.0.1;port=3306;dbname=ymyz_cn;charset=utf8
[2024-09-10T18:34:34+08:00][sql] SHOW FULL COLUMNS FROM `my_software` [ RunTime:0.000652s ]
[2024-09-10T18:34:34+08:00][sql] SELECT * FROM `my_software` [ RunTime:0.000225s ]
[2024-09-10T18:34:36+08:00][sql] CONNECT:[ UseTime:0.000832s ] mysql:host=127.0.0.1;port=3306;dbname=ymyz_cn;charset=utf8
[2024-09-10T18:34:36+08:00][sql] SHOW FULL COLUMNS FROM `my_card` [ RunTime:0.001100s ]
[2024-09-10T18:34:36+08:00][sql] SELECT * FROM `my_card` WHERE  `pid` = 2 [ RunTime:0.000205s ]
[2024-09-10T18:34:41+08:00][sql] CONNECT:[ UseTime:0.016959s ] mysql:host=127.0.0.1;port=3306;dbname=ymyz_cn;charset=utf8
[2024-09-10T18:34:41+08:00][sql] SHOW FULL COLUMNS FROM `my_config` [ RunTime:0.000542s ]
[2024-09-10T18:34:41+08:00][sql] SELECT * FROM `my_config` WHERE  `type` = 'system' LIMIT 1 [ RunTime:0.000232s ]
[2024-09-10T18:34:41+08:00][sql] SELECT * FROM `my_config` WHERE  `type` = 'system' LIMIT 1 [ RunTime:0.000179s ]
[2024-09-10T18:34:41+08:00][sql] SELECT * FROM `my_config` WHERE  `type` = 'system' LIMIT 1 [ RunTime:0.000172s ]
[2024-09-10T18:34:41+08:00][sql] SELECT * FROM `my_config` WHERE  `type` = 'system' LIMIT 1 [ RunTime:0.000168s ]
[2024-09-10T18:34:41+08:00][sql] CONNECT:[ UseTime:0.017405s ] mysql:host=127.0.0.1;port=3306;dbname=ymyz_cn;charset=utf8
[2024-09-10T18:34:41+08:00][sql] SHOW FULL COLUMNS FROM `my_card` [ RunTime:0.001652s ]
[2024-09-10T18:34:41+08:00][sql] SELECT COUNT(*) AS think_count FROM `my_card` LIMIT 1 [ RunTime:0.000286s ]
[2024-09-10T18:34:41+08:00][sql] SELECT * FROM `my_card` LIMIT 0,15 [ RunTime:0.000231s ]
[2024-09-10T18:34:41+08:00][sql] SHOW FULL COLUMNS FROM `my_software` [ RunTime:0.000554s ]
[2024-09-10T18:34:41+08:00][sql] SELECT * FROM `my_software` WHERE  `id` = 1 LIMIT 1 [ RunTime:0.000263s ]
[2024-09-10T18:34:41+08:00][sql] SELECT * FROM `my_software` WHERE  `id` = 1 LIMIT 1 [ RunTime:0.000224s ]
[2024-09-10T18:34:41+08:00][sql] SELECT * FROM `my_software` WHERE  `id` = 1 LIMIT 1 [ RunTime:0.000222s ]
[2024-09-10T18:34:41+08:00][sql] SELECT * FROM `my_software` WHERE  `id` = 1 LIMIT 1 [ RunTime:0.000219s ]
[2024-09-10T18:34:41+08:00][sql] SELECT * FROM `my_software` WHERE  `id` = 1 LIMIT 1 [ RunTime:0.000218s ]
[2024-09-10T18:34:43+08:00][sql] CONNECT:[ UseTime:0.015549s ] mysql:host=127.0.0.1;port=3306;dbname=ymyz_cn;charset=utf8
[2024-09-10T18:34:43+08:00][sql] SHOW FULL COLUMNS FROM `my_software` [ RunTime:0.000681s ]
[2024-09-10T18:34:43+08:00][sql] SELECT * FROM `my_software` [ RunTime:0.000264s ]
[2024-09-10T18:35:02+08:00][sql] CONNECT:[ UseTime:0.016848s ] mysql:host=127.0.0.1;port=3306;dbname=ymyz_cn;charset=utf8
[2024-09-10T18:35:02+08:00][sql] SHOW FULL COLUMNS FROM `my_card` [ RunTime:0.001275s ]
[2024-09-10T18:35:02+08:00][sql] INSERT INTO `my_card` SET `id` = 0 , `pid` = 2 , `cardtype` = 1 , `price` = '1' , `comment` = '小时卡' , `create_time` = 1725964502 , `update_time` = 1725964502 [ RunTime:0.000290s ]
[2024-09-10T18:35:03+08:00][sql] CONNECT:[ UseTime:0.001007s ] mysql:host=127.0.0.1;port=3306;dbname=ymyz_cn;charset=utf8
[2024-09-10T18:35:03+08:00][sql] SHOW FULL COLUMNS FROM `my_card` [ RunTime:0.001135s ]
[2024-09-10T18:35:03+08:00][sql] SELECT COUNT(*) AS think_count FROM `my_card` LIMIT 1 [ RunTime:0.000271s ]
[2024-09-10T18:35:03+08:00][sql] SELECT * FROM `my_card` LIMIT 0,15 [ RunTime:0.000237s ]
[2024-09-10T18:35:03+08:00][sql] SHOW FULL COLUMNS FROM `my_software` [ RunTime:0.000506s ]
[2024-09-10T18:35:03+08:00][sql] SELECT * FROM `my_software` WHERE  `id` = 1 LIMIT 1 [ RunTime:0.000274s ]
[2024-09-10T18:35:03+08:00][sql] SELECT * FROM `my_software` WHERE  `id` = 1 LIMIT 1 [ RunTime:0.000257s ]
[2024-09-10T18:35:03+08:00][sql] SELECT * FROM `my_software` WHERE  `id` = 1 LIMIT 1 [ RunTime:0.000256s ]
[2024-09-10T18:35:03+08:00][sql] SELECT * FROM `my_software` WHERE  `id` = 1 LIMIT 1 [ RunTime:0.000254s ]
[2024-09-10T18:35:03+08:00][sql] SELECT * FROM `my_software` WHERE  `id` = 1 LIMIT 1 [ RunTime:0.000277s ]
[2024-09-10T18:35:03+08:00][sql] SELECT * FROM `my_software` WHERE  `id` = 2 LIMIT 1 [ RunTime:0.000427s ]
[2024-09-10T18:35:04+08:00][sql] CONNECT:[ UseTime:0.000889s ] mysql:host=127.0.0.1;port=3306;dbname=ymyz_cn;charset=utf8
[2024-09-10T18:35:04+08:00][sql] SHOW FULL COLUMNS FROM `my_software` [ RunTime:0.000582s ]
[2024-09-10T18:35:04+08:00][sql] SELECT * FROM `my_software` [ RunTime:0.000264s ]
[2024-09-10T18:35:15+08:00][sql] CONNECT:[ UseTime:0.023411s ] mysql:host=127.0.0.1;port=3306;dbname=ymyz_cn;charset=utf8
[2024-09-10T18:35:15+08:00][sql] SHOW FULL COLUMNS FROM `my_card` [ RunTime:0.001199s ]
[2024-09-10T18:35:15+08:00][sql] INSERT INTO `my_card` SET `id` = 0 , `pid` = 2 , `cardtype` = 3 , `price` = '2' , `comment` = '月卡' , `create_time` = 1725964515 , `update_time` = 1725964515 [ RunTime:0.000291s ]
[2024-09-10T18:35:17+08:00][sql] CONNECT:[ UseTime:0.018382s ] mysql:host=127.0.0.1;port=3306;dbname=ymyz_cn;charset=utf8
[2024-09-10T18:35:17+08:00][sql] SHOW FULL COLUMNS FROM `my_card` [ RunTime:0.001439s ]
[2024-09-10T18:35:17+08:00][sql] SELECT COUNT(*) AS think_count FROM `my_card` LIMIT 1 [ RunTime:0.000276s ]
[2024-09-10T18:35:17+08:00][sql] SELECT * FROM `my_card` LIMIT 0,15 [ RunTime:0.000313s ]
[2024-09-10T18:35:17+08:00][sql] SHOW FULL COLUMNS FROM `my_software` [ RunTime:0.000552s ]
[2024-09-10T18:35:17+08:00][sql] SELECT * FROM `my_software` WHERE  `id` = 1 LIMIT 1 [ RunTime:0.000264s ]
[2024-09-10T18:35:17+08:00][sql] SELECT * FROM `my_software` WHERE  `id` = 1 LIMIT 1 [ RunTime:0.000273s ]
[2024-09-10T18:35:17+08:00][sql] SELECT * FROM `my_software` WHERE  `id` = 1 LIMIT 1 [ RunTime:0.000234s ]
[2024-09-10T18:35:17+08:00][sql] SELECT * FROM `my_software` WHERE  `id` = 1 LIMIT 1 [ RunTime:0.000232s ]
[2024-09-10T18:35:17+08:00][sql] SELECT * FROM `my_software` WHERE  `id` = 1 LIMIT 1 [ RunTime:0.000206s ]
[2024-09-10T18:35:17+08:00][sql] SELECT * FROM `my_software` WHERE  `id` = 2 LIMIT 1 [ RunTime:0.000229s ]
[2024-09-10T18:35:17+08:00][sql] SELECT * FROM `my_software` WHERE  `id` = 2 LIMIT 1 [ RunTime:0.000206s ]
[2024-09-10T18:35:18+08:00][sql] CONNECT:[ UseTime:0.027591s ] mysql:host=127.0.0.1;port=3306;dbname=ymyz_cn;charset=utf8
[2024-09-10T18:35:18+08:00][sql] SHOW FULL COLUMNS FROM `my_software` [ RunTime:0.041129s ]
[2024-09-10T18:35:18+08:00][sql] SELECT * FROM `my_software` [ RunTime:0.000274s ]
[2024-09-10T18:35:29+08:00][sql] CONNECT:[ UseTime:0.001175s ] mysql:host=127.0.0.1;port=3306;dbname=ymyz_cn;charset=utf8
[2024-09-10T18:35:29+08:00][sql] SHOW FULL COLUMNS FROM `my_card` [ RunTime:0.001859s ]
[2024-09-10T18:35:29+08:00][sql] INSERT INTO `my_card` SET `id` = 0 , `pid` = 1 , `cardtype` = 4 , `price` = '3' , `comment` = '年卡' , `create_time` = 1725964528 , `update_time` = 1725964528 [ RunTime:0.000372s ]
[2024-09-10T18:35:30+08:00][sql] CONNECT:[ UseTime:0.000864s ] mysql:host=127.0.0.1;port=3306;dbname=ymyz_cn;charset=utf8
[2024-09-10T18:35:30+08:00][sql] SHOW FULL COLUMNS FROM `my_card` [ RunTime:0.001215s ]
[2024-09-10T18:35:30+08:00][sql] SELECT COUNT(*) AS think_count FROM `my_card` LIMIT 1 [ RunTime:0.000243s ]
[2024-09-10T18:35:30+08:00][sql] SELECT * FROM `my_card` LIMIT 0,15 [ RunTime:0.000238s ]
[2024-09-10T18:35:30+08:00][sql] SHOW FULL COLUMNS FROM `my_software` [ RunTime:0.000509s ]
[2024-09-10T18:35:30+08:00][sql] SELECT * FROM `my_software` WHERE  `id` = 1 LIMIT 1 [ RunTime:0.000266s ]
[2024-09-10T18:35:30+08:00][sql] SELECT * FROM `my_software` WHERE  `id` = 1 LIMIT 1 [ RunTime:0.000250s ]
[2024-09-10T18:35:30+08:00][sql] SELECT * FROM `my_software` WHERE  `id` = 1 LIMIT 1 [ RunTime:0.000284s ]
[2024-09-10T18:35:30+08:00][sql] SELECT * FROM `my_software` WHERE  `id` = 1 LIMIT 1 [ RunTime:0.000249s ]
[2024-09-10T18:35:30+08:00][sql] SELECT * FROM `my_software` WHERE  `id` = 1 LIMIT 1 [ RunTime:0.000250s ]
[2024-09-10T18:35:30+08:00][sql] SELECT * FROM `my_software` WHERE  `id` = 2 LIMIT 1 [ RunTime:0.000269s ]
[2024-09-10T18:35:30+08:00][sql] SELECT * FROM `my_software` WHERE  `id` = 2 LIMIT 1 [ RunTime:0.000243s ]
[2024-09-10T18:35:30+08:00][sql] SELECT * FROM `my_software` WHERE  `id` = 1 LIMIT 1 [ RunTime:0.000203s ]
[2024-09-10T18:35:32+08:00][sql] CONNECT:[ UseTime:0.009926s ] mysql:host=127.0.0.1;port=3306;dbname=ymyz_cn;charset=utf8
[2024-09-10T18:35:32+08:00][sql] SHOW FULL COLUMNS FROM `my_software` [ RunTime:0.000575s ]
[2024-09-10T18:35:32+08:00][sql] SELECT * FROM `my_software` [ RunTime:0.000196s ]
[2024-09-10T18:35:47+08:00][sql] CONNECT:[ UseTime:0.013912s ] mysql:host=127.0.0.1;port=3306;dbname=ymyz_cn;charset=utf8
[2024-09-10T18:35:47+08:00][sql] SHOW FULL COLUMNS FROM `my_card` [ RunTime:0.001138s ]
[2024-09-10T18:35:47+08:00][sql] INSERT INTO `my_card` SET `id` = 0 , `pid` = 2 , `cardtype` = 5 , `price` = '4' , `comment` = '终身卡' , `create_time` = 1725964547 , `update_time` = 1725964547 [ RunTime:0.000294s ]
[2024-09-10T18:35:48+08:00][sql] CONNECT:[ UseTime:0.000863s ] mysql:host=127.0.0.1;port=3306;dbname=ymyz_cn;charset=utf8
[2024-09-10T18:35:48+08:00][sql] SHOW FULL COLUMNS FROM `my_card` [ RunTime:0.000553s ]
[2024-09-10T18:35:48+08:00][sql] SELECT COUNT(*) AS think_count FROM `my_card` LIMIT 1 [ RunTime:0.000268s ]
[2024-09-10T18:35:48+08:00][sql] SELECT * FROM `my_card` LIMIT 0,15 [ RunTime:0.000241s ]
[2024-09-10T18:35:48+08:00][sql] SHOW FULL COLUMNS FROM `my_software` [ RunTime:0.000516s ]
[2024-09-10T18:35:48+08:00][sql] SELECT * FROM `my_software` WHERE  `id` = 1 LIMIT 1 [ RunTime:0.000275s ]
[2024-09-10T18:35:48+08:00][sql] SELECT * FROM `my_software` WHERE  `id` = 1 LIMIT 1 [ RunTime:0.000345s ]
[2024-09-10T18:35:48+08:00][sql] SELECT * FROM `my_software` WHERE  `id` = 1 LIMIT 1 [ RunTime:0.000254s ]
[2024-09-10T18:35:48+08:00][sql] SELECT * FROM `my_software` WHERE  `id` = 1 LIMIT 1 [ RunTime:0.000254s ]
[2024-09-10T18:35:48+08:00][sql] SELECT * FROM `my_software` WHERE  `id` = 1 LIMIT 1 [ RunTime:0.000255s ]
[2024-09-10T18:35:48+08:00][sql] SELECT * FROM `my_software` WHERE  `id` = 2 LIMIT 1 [ RunTime:0.000254s ]
[2024-09-10T18:35:48+08:00][sql] SELECT * FROM `my_software` WHERE  `id` = 2 LIMIT 1 [ RunTime:0.000234s ]
[2024-09-10T18:35:48+08:00][sql] SELECT * FROM `my_software` WHERE  `id` = 1 LIMIT 1 [ RunTime:0.000403s ]
[2024-09-10T18:35:48+08:00][sql] SELECT * FROM `my_software` WHERE  `id` = 2 LIMIT 1 [ RunTime:0.000421s ]
[2024-09-10T18:36:12+08:00][sql] CONNECT:[ UseTime:0.000806s ] mysql:host=127.0.0.1;port=3306;dbname=ymyz_cn;charset=utf8
[2024-09-10T18:36:12+08:00][sql] SHOW FULL COLUMNS FROM `my_software` [ RunTime:0.000558s ]
[2024-09-10T18:36:12+08:00][sql] SELECT * FROM `my_software` [ RunTime:0.000236s ]
[2024-09-10T18:36:14+08:00][sql] CONNECT:[ UseTime:0.010193s ] mysql:host=127.0.0.1;port=3306;dbname=ymyz_cn;charset=utf8
[2024-09-10T18:36:14+08:00][sql] SHOW FULL COLUMNS FROM `my_card` [ RunTime:0.000746s ]
[2024-09-10T18:36:14+08:00][sql] SELECT * FROM `my_card` WHERE  `pid` = 2 [ RunTime:0.000312s ]
[2024-09-10T18:36:50+08:00][sql] CONNECT:[ UseTime:0.001089s ] mysql:host=127.0.0.1;port=3306;dbname=ymyz_cn;charset=utf8
[2024-09-10T18:36:50+08:00][sql] SHOW FULL COLUMNS FROM `my_camilo` [ RunTime:0.001733s ]
[2024-09-10T18:36:50+08:00][sql] INSERT INTO `my_camilo` SET `pid` = 2 , `card_id` = 6 , `dop` = 'KS_' , `duration` = '1' , `camilo` = 'KS_NBlkYAPnMg90HjCZ' , `create_time` = 1725964610 , `update_time` = 1725964610 [ RunTime:0.000409s ]
[2024-09-10T18:36:50+08:00][sql] INSERT INTO `my_camilo` SET `pid` = 2 , `card_id` = 6 , `dop` = 'KS_' , `duration` = '1' , `camilo` = 'KS_hATaVnjeJYUqgwEZ' , `create_time` = 1725964610 , `update_time` = 1725964610 [ RunTime:0.000365s ]
[2024-09-10T18:36:50+08:00][sql] INSERT INTO `my_camilo` SET `pid` = 2 , `card_id` = 6 , `dop` = 'KS_' , `duration` = '1' , `camilo` = 'KS_fXZtmnhNKd09jcuL' , `create_time` = 1725964610 , `update_time` = 1725964610 [ RunTime:0.000357s ]
[2024-09-10T18:36:50+08:00][sql] INSERT INTO `my_camilo` SET `pid` = 2 , `card_id` = 6 , `dop` = 'KS_' , `duration` = '1' , `camilo` = 'KS_8XAPTElB3cFqRLYZ' , `create_time` = 1725964610 , `update_time` = 1725964610 [ RunTime:0.000402s ]
[2024-09-10T18:36:50+08:00][sql] INSERT INTO `my_camilo` SET `pid` = 2 , `card_id` = 6 , `dop` = 'KS_' , `duration` = '1' , `camilo` = 'KS_XDUJvid8nPsILVR4' , `create_time` = 1725964610 , `update_time` = 1725964610 [ RunTime:0.000426s ]
[2024-09-10T18:36:51+08:00][sql] CONNECT:[ UseTime:0.020603s ] mysql:host=127.0.0.1;port=3306;dbname=ymyz_cn;charset=utf8
[2024-09-10T18:36:51+08:00][sql] SHOW FULL COLUMNS FROM `my_camilo` [ RunTime:0.025200s ]
[2024-09-10T18:36:51+08:00][sql] SELECT COUNT(*) AS think_count FROM `my_camilo` LIMIT 1 [ RunTime:0.000290s ]
[2024-09-10T18:36:51+08:00][sql] SELECT * FROM `my_camilo` ORDER BY `id` DESC LIMIT 0,10 [ RunTime:0.000264s ]
[2024-09-10T18:36:51+08:00][sql] SHOW FULL COLUMNS FROM `my_software` [ RunTime:0.000707s ]
[2024-09-10T18:36:51+08:00][sql] SELECT * FROM `my_software` WHERE  `id` = 2 LIMIT 1 [ RunTime:0.000298s ]
[2024-09-10T18:36:51+08:00][sql] SHOW FULL COLUMNS FROM `my_card` [ RunTime:0.000527s ]
[2024-09-10T18:36:51+08:00][sql] SELECT * FROM `my_card` WHERE  `id` = 6  AND `pid` = 2 LIMIT 1 [ RunTime:0.000238s ]
[2024-09-10T18:36:51+08:00][sql] SELECT * FROM `my_software` WHERE  `id` = 2 LIMIT 1 [ RunTime:0.000282s ]
[2024-09-10T18:36:51+08:00][sql] SELECT * FROM `my_card` WHERE  `id` = 6  AND `pid` = 2 LIMIT 1 [ RunTime:0.000209s ]
[2024-09-10T18:36:51+08:00][sql] SELECT * FROM `my_software` WHERE  `id` = 2 LIMIT 1 [ RunTime:0.000224s ]
[2024-09-10T18:36:51+08:00][sql] SELECT * FROM `my_card` WHERE  `id` = 6  AND `pid` = 2 LIMIT 1 [ RunTime:0.000193s ]
[2024-09-10T18:36:51+08:00][sql] SELECT * FROM `my_software` WHERE  `id` = 2 LIMIT 1 [ RunTime:0.000197s ]
[2024-09-10T18:36:51+08:00][sql] SELECT * FROM `my_card` WHERE  `id` = 6  AND `pid` = 2 LIMIT 1 [ RunTime:0.000297s ]
[2024-09-10T18:36:51+08:00][sql] SELECT * FROM `my_software` WHERE  `id` = 2 LIMIT 1 [ RunTime:0.000342s ]
[2024-09-10T18:36:51+08:00][sql] SELECT * FROM `my_card` WHERE  `id` = 6  AND `pid` = 2 LIMIT 1 [ RunTime:0.000285s ]
[2024-09-10T18:36:51+08:00][sql] SELECT * FROM `my_software` WHERE  `id` = 1 LIMIT 1 [ RunTime:0.000285s ]
[2024-09-10T18:36:51+08:00][sql] SELECT * FROM `my_card` WHERE  `id` = 3  AND `pid` = 1 LIMIT 1 [ RunTime:0.000305s ]
[2024-09-10T18:36:51+08:00][sql] SELECT * FROM `my_software` WHERE  `id` = 1 LIMIT 1 [ RunTime:0.000314s ]
[2024-09-10T18:36:51+08:00][sql] SELECT * FROM `my_card` WHERE  `id` = 3  AND `pid` = 1 LIMIT 1 [ RunTime:0.000306s ]
[2024-09-10T18:36:51+08:00][sql] SELECT * FROM `my_software` WHERE  `id` = 1 LIMIT 1 [ RunTime:0.000333s ]
[2024-09-10T18:36:51+08:00][sql] SELECT * FROM `my_card` WHERE  `id` = 3  AND `pid` = 1 LIMIT 1 [ RunTime:0.000313s ]
[2024-09-10T18:36:51+08:00][sql] SELECT * FROM `my_software` WHERE  `id` = 1 LIMIT 1 [ RunTime:0.000252s ]
[2024-09-10T18:36:51+08:00][sql] SELECT * FROM `my_card` WHERE  `id` = 3  AND `pid` = 1 LIMIT 1 [ RunTime:0.000307s ]
[2024-09-10T18:36:51+08:00][sql] SELECT * FROM `my_software` WHERE  `id` = 1 LIMIT 1 [ RunTime:0.000327s ]
[2024-09-10T18:36:51+08:00][sql] SELECT * FROM `my_card` WHERE  `id` = 3  AND `pid` = 1 LIMIT 1 [ RunTime:0.000321s ]
[2024-09-10T18:36:58+08:00][sql] CONNECT:[ UseTime:0.000827s ] mysql:host=127.0.0.1;port=3306;dbname=ymyz_cn;charset=utf8
[2024-09-10T18:36:58+08:00][sql] SHOW FULL COLUMNS FROM `my_software` [ RunTime:0.000701s ]
[2024-09-10T18:36:58+08:00][sql] SELECT * FROM `my_software` [ RunTime:0.000210s ]
[2024-09-10T18:37:01+08:00][sql] CONNECT:[ UseTime:0.016173s ] mysql:host=127.0.0.1;port=3306;dbname=ymyz_cn;charset=utf8
[2024-09-10T18:37:01+08:00][sql] SHOW FULL COLUMNS FROM `my_card` [ RunTime:0.000742s ]
[2024-09-10T18:37:01+08:00][sql] SELECT * FROM `my_card` WHERE  `pid` = 2 [ RunTime:0.000350s ]
[2024-09-10T18:50:35+08:00][sql] CONNECT:[ UseTime:0.001093s ] mysql:host=127.0.0.1;port=3306;dbname=ymyz_cn;charset=utf8
[2024-09-10T18:50:35+08:00][sql] SHOW FULL COLUMNS FROM `my_camilo` [ RunTime:0.001393s ]
[2024-09-10T18:50:35+08:00][sql] INSERT INTO `my_camilo` SET `pid` = 2 , `card_id` = 7 , `dop` = 'KS_' , `duration` = '1' , `camilo` = 'KS_e8UgJhYz5un7AfrI' , `create_time` = 1725965435 , `update_time` = 1725965435 [ RunTime:0.000274s ]
[2024-09-10T18:50:35+08:00][sql] INSERT INTO `my_camilo` SET `pid` = 2 , `card_id` = 7 , `dop` = 'KS_' , `duration` = '1' , `camilo` = 'KS_IsUgvoJQP5fLK1OV' , `create_time` = 1725965435 , `update_time` = 1725965435 [ RunTime:0.000426s ]
[2024-09-10T18:50:35+08:00][sql] INSERT INTO `my_camilo` SET `pid` = 2 , `card_id` = 7 , `dop` = 'KS_' , `duration` = '1' , `camilo` = 'KS_bE4rFMpmae8Zlzq1' , `create_time` = 1725965435 , `update_time` = 1725965435 [ RunTime:0.000406s ]
[2024-09-10T18:50:35+08:00][sql] INSERT INTO `my_camilo` SET `pid` = 2 , `card_id` = 7 , `dop` = 'KS_' , `duration` = '1' , `camilo` = 'KS_OJtr54XFjwZaWpTI' , `create_time` = 1725965435 , `update_time` = 1725965435 [ RunTime:0.000316s ]
[2024-09-10T18:50:35+08:00][sql] INSERT INTO `my_camilo` SET `pid` = 2 , `card_id` = 7 , `dop` = 'KS_' , `duration` = '1' , `camilo` = 'KS_lIRPCSkJOiz0ZHbW' , `create_time` = 1725965435 , `update_time` = 1725965435 [ RunTime:0.000338s ]
[2024-09-10T18:50:37+08:00][sql] CONNECT:[ UseTime:0.018333s ] mysql:host=127.0.0.1;port=3306;dbname=ymyz_cn;charset=utf8
[2024-09-10T18:50:37+08:00][sql] SHOW FULL COLUMNS FROM `my_camilo` [ RunTime:0.001161s ]
[2024-09-10T18:50:37+08:00][sql] SELECT COUNT(*) AS think_count FROM `my_camilo` LIMIT 1 [ RunTime:0.000328s ]
[2024-09-10T18:50:37+08:00][sql] SELECT * FROM `my_camilo` ORDER BY `id` DESC LIMIT 0,10 [ RunTime:0.000331s ]
[2024-09-10T18:50:37+08:00][sql] SHOW FULL COLUMNS FROM `my_software` [ RunTime:0.000815s ]
[2024-09-10T18:50:37+08:00][sql] SELECT * FROM `my_software` WHERE  `id` = 2 LIMIT 1 [ RunTime:0.000612s ]
[2024-09-10T18:50:37+08:00][sql] SHOW FULL COLUMNS FROM `my_card` [ RunTime:0.001533s ]
[2024-09-10T18:50:37+08:00][sql] SELECT * FROM `my_card` WHERE  `id` = 7  AND `pid` = 2 LIMIT 1 [ RunTime:0.000383s ]
[2024-09-10T18:50:37+08:00][sql] SELECT * FROM `my_software` WHERE  `id` = 2 LIMIT 1 [ RunTime:0.000348s ]
[2024-09-10T18:50:37+08:00][sql] SELECT * FROM `my_card` WHERE  `id` = 7  AND `pid` = 2 LIMIT 1 [ RunTime:0.000375s ]
[2024-09-10T18:50:37+08:00][sql] SELECT * FROM `my_software` WHERE  `id` = 2 LIMIT 1 [ RunTime:0.000325s ]
[2024-09-10T18:50:37+08:00][sql] SELECT * FROM `my_card` WHERE  `id` = 7  AND `pid` = 2 LIMIT 1 [ RunTime:0.000272s ]
[2024-09-10T18:50:37+08:00][sql] SELECT * FROM `my_software` WHERE  `id` = 2 LIMIT 1 [ RunTime:0.000285s ]
[2024-09-10T18:50:37+08:00][sql] SELECT * FROM `my_card` WHERE  `id` = 7  AND `pid` = 2 LIMIT 1 [ RunTime:0.000256s ]
[2024-09-10T18:50:37+08:00][sql] SELECT * FROM `my_software` WHERE  `id` = 2 LIMIT 1 [ RunTime:0.000256s ]
[2024-09-10T18:50:37+08:00][sql] SELECT * FROM `my_card` WHERE  `id` = 7  AND `pid` = 2 LIMIT 1 [ RunTime:0.000242s ]
[2024-09-10T18:50:37+08:00][sql] SELECT * FROM `my_software` WHERE  `id` = 2 LIMIT 1 [ RunTime:0.000254s ]
[2024-09-10T18:50:37+08:00][sql] SELECT * FROM `my_card` WHERE  `id` = 6  AND `pid` = 2 LIMIT 1 [ RunTime:0.000240s ]
[2024-09-10T18:50:37+08:00][sql] SELECT * FROM `my_software` WHERE  `id` = 2 LIMIT 1 [ RunTime:0.000192s ]
[2024-09-10T18:50:37+08:00][sql] SELECT * FROM `my_card` WHERE  `id` = 6  AND `pid` = 2 LIMIT 1 [ RunTime:0.000179s ]
[2024-09-10T18:50:37+08:00][sql] SELECT * FROM `my_software` WHERE  `id` = 2 LIMIT 1 [ RunTime:0.000178s ]
[2024-09-10T18:50:37+08:00][sql] SELECT * FROM `my_card` WHERE  `id` = 6  AND `pid` = 2 LIMIT 1 [ RunTime:0.000173s ]
[2024-09-10T18:50:37+08:00][sql] SELECT * FROM `my_software` WHERE  `id` = 2 LIMIT 1 [ RunTime:0.000304s ]
[2024-09-10T18:50:37+08:00][sql] SELECT * FROM `my_card` WHERE  `id` = 6  AND `pid` = 2 LIMIT 1 [ RunTime:0.000256s ]
[2024-09-10T18:50:37+08:00][sql] SELECT * FROM `my_software` WHERE  `id` = 2 LIMIT 1 [ RunTime:0.000308s ]
[2024-09-10T18:50:37+08:00][sql] SELECT * FROM `my_card` WHERE  `id` = 6  AND `pid` = 2 LIMIT 1 [ RunTime:0.000276s ]
[2024-09-10T18:50:40+08:00][sql] CONNECT:[ UseTime:0.015457s ] mysql:host=127.0.0.1;port=3306;dbname=ymyz_cn;charset=utf8
[2024-09-10T18:50:40+08:00][sql] SHOW FULL COLUMNS FROM `my_software` [ RunTime:0.000681s ]
[2024-09-10T18:50:40+08:00][sql] SELECT * FROM `my_software` [ RunTime:0.000367s ]
[2024-09-10T18:50:45+08:00][sql] CONNECT:[ UseTime:0.016514s ] mysql:host=127.0.0.1;port=3306;dbname=ymyz_cn;charset=utf8
[2024-09-10T18:50:45+08:00][sql] SHOW FULL COLUMNS FROM `my_card` [ RunTime:0.000618s ]
[2024-09-10T18:50:45+08:00][sql] SELECT * FROM `my_card` WHERE  `pid` = 2 [ RunTime:0.000211s ]
[2024-09-10T18:51:03+08:00][sql] CONNECT:[ UseTime:0.001461s ] mysql:host=127.0.0.1;port=3306;dbname=ymyz_cn;charset=utf8
[2024-09-10T18:51:03+08:00][sql] SHOW FULL COLUMNS FROM `my_camilo` [ RunTime:0.001701s ]
[2024-09-10T18:51:03+08:00][sql] INSERT INTO `my_camilo` SET `pid` = 2 , `card_id` = 9 , `dop` = 'KZ_' , `duration` = '1' , `camilo` = 'KZ_JjAZS4gLb28Nofcl' , `create_time` = 1725965463 , `update_time` = 1725965463 [ RunTime:0.000305s ]
[2024-09-10T18:51:03+08:00][sql] INSERT INTO `my_camilo` SET `pid` = 2 , `card_id` = 9 , `dop` = 'KZ_' , `duration` = '1' , `camilo` = 'KZ_fnMubNsRdJt6ePk4' , `create_time` = 1725965463 , `update_time` = 1725965463 [ RunTime:0.000368s ]
[2024-09-10T18:51:03+08:00][sql] INSERT INTO `my_camilo` SET `pid` = 2 , `card_id` = 9 , `dop` = 'KZ_' , `duration` = '1' , `camilo` = 'KZ_5ijL1NhrDHKcbVBz' , `create_time` = 1725965463 , `update_time` = 1725965463 [ RunTime:0.000339s ]
[2024-09-10T18:51:03+08:00][sql] INSERT INTO `my_camilo` SET `pid` = 2 , `card_id` = 9 , `dop` = 'KZ_' , `duration` = '1' , `camilo` = 'KZ_QOSFypY81qwZU9bJ' , `create_time` = 1725965463 , `update_time` = 1725965463 [ RunTime:0.000324s ]
[2024-09-10T18:51:03+08:00][sql] INSERT INTO `my_camilo` SET `pid` = 2 , `card_id` = 9 , `dop` = 'KZ_' , `duration` = '1' , `camilo` = 'KZ_hb83DTA05fsBp6dP' , `create_time` = 1725965463 , `update_time` = 1725965463 [ RunTime:0.000326s ]
[2024-09-10T18:51:04+08:00][sql] CONNECT:[ UseTime:0.019949s ] mysql:host=127.0.0.1;port=3306;dbname=ymyz_cn;charset=utf8
[2024-09-10T18:51:04+08:00][sql] SHOW FULL COLUMNS FROM `my_camilo` [ RunTime:0.001322s ]
[2024-09-10T18:51:04+08:00][sql] SELECT COUNT(*) AS think_count FROM `my_camilo` LIMIT 1 [ RunTime:0.000274s ]
[2024-09-10T18:51:04+08:00][sql] SELECT * FROM `my_camilo` ORDER BY `id` DESC LIMIT 0,10 [ RunTime:0.000224s ]
[2024-09-10T18:51:04+08:00][sql] SHOW FULL COLUMNS FROM `my_software` [ RunTime:0.000485s ]
[2024-09-10T18:51:04+08:00][sql] SELECT * FROM `my_software` WHERE  `id` = 2 LIMIT 1 [ RunTime:0.000244s ]
[2024-09-10T18:51:04+08:00][sql] SHOW FULL COLUMNS FROM `my_card` [ RunTime:0.000439s ]
[2024-09-10T18:51:04+08:00][sql] SELECT * FROM `my_card` WHERE  `id` = 9  AND `pid` = 2 LIMIT 1 [ RunTime:0.000230s ]
[2024-09-10T18:51:04+08:00][sql] SELECT * FROM `my_software` WHERE  `id` = 2 LIMIT 1 [ RunTime:0.000231s ]
[2024-09-10T18:51:04+08:00][sql] SELECT * FROM `my_card` WHERE  `id` = 9  AND `pid` = 2 LIMIT 1 [ RunTime:0.000214s ]
[2024-09-10T18:51:04+08:00][sql] SELECT * FROM `my_software` WHERE  `id` = 2 LIMIT 1 [ RunTime:0.000224s ]
[2024-09-10T18:51:04+08:00][sql] SELECT * FROM `my_card` WHERE  `id` = 9  AND `pid` = 2 LIMIT 1 [ RunTime:0.000193s ]
[2024-09-10T18:51:04+08:00][sql] SELECT * FROM `my_software` WHERE  `id` = 2 LIMIT 1 [ RunTime:0.000194s ]
[2024-09-10T18:51:04+08:00][sql] SELECT * FROM `my_card` WHERE  `id` = 9  AND `pid` = 2 LIMIT 1 [ RunTime:0.000184s ]
[2024-09-10T18:51:04+08:00][sql] SELECT * FROM `my_software` WHERE  `id` = 2 LIMIT 1 [ RunTime:0.000189s ]
[2024-09-10T18:51:04+08:00][sql] SELECT * FROM `my_card` WHERE  `id` = 9  AND `pid` = 2 LIMIT 1 [ RunTime:0.000174s ]
[2024-09-10T18:51:04+08:00][sql] SELECT * FROM `my_software` WHERE  `id` = 2 LIMIT 1 [ RunTime:0.000167s ]
[2024-09-10T18:51:04+08:00][sql] SELECT * FROM `my_card` WHERE  `id` = 7  AND `pid` = 2 LIMIT 1 [ RunTime:0.000156s ]
[2024-09-10T18:51:04+08:00][sql] SELECT * FROM `my_software` WHERE  `id` = 2 LIMIT 1 [ RunTime:0.000167s ]
[2024-09-10T18:51:04+08:00][sql] SELECT * FROM `my_card` WHERE  `id` = 7  AND `pid` = 2 LIMIT 1 [ RunTime:0.000157s ]
[2024-09-10T18:51:04+08:00][sql] SELECT * FROM `my_software` WHERE  `id` = 2 LIMIT 1 [ RunTime:0.000169s ]
[2024-09-10T18:51:04+08:00][sql] SELECT * FROM `my_card` WHERE  `id` = 7  AND `pid` = 2 LIMIT 1 [ RunTime:0.000157s ]
[2024-09-10T18:51:04+08:00][sql] SELECT * FROM `my_software` WHERE  `id` = 2 LIMIT 1 [ RunTime:0.000165s ]
[2024-09-10T18:51:04+08:00][sql] SELECT * FROM `my_card` WHERE  `id` = 7  AND `pid` = 2 LIMIT 1 [ RunTime:0.000158s ]
[2024-09-10T18:51:04+08:00][sql] SELECT * FROM `my_software` WHERE  `id` = 2 LIMIT 1 [ RunTime:0.000168s ]
[2024-09-10T18:51:04+08:00][sql] SELECT * FROM `my_card` WHERE  `id` = 7  AND `pid` = 2 LIMIT 1 [ RunTime:0.000159s ]
[2024-09-10T18:51:15+08:00][sql] CONNECT:[ UseTime:0.017098s ] mysql:host=127.0.0.1;port=3306;dbname=ymyz_cn;charset=utf8
[2024-09-10T18:51:15+08:00][sql] SHOW FULL COLUMNS FROM `my_camilo` [ RunTime:0.001390s ]
[2024-09-10T18:51:15+08:00][sql] SELECT * FROM `my_camilo` WHERE  `id` IN (30,29,28,27,26) [ RunTime:0.034164s ]
[2024-09-10T18:51:15+08:00][sql] DELETE FROM `my_camilo` WHERE  `id` = 26 [ RunTime:0.013539s ]
[2024-09-10T18:51:15+08:00][sql] DELETE FROM `my_camilo` WHERE  `id` = 27 [ RunTime:0.000428s ]
[2024-09-10T18:51:15+08:00][sql] DELETE FROM `my_camilo` WHERE  `id` = 28 [ RunTime:0.000378s ]
[2024-09-10T18:51:15+08:00][sql] DELETE FROM `my_camilo` WHERE  `id` = 29 [ RunTime:0.000361s ]
[2024-09-10T18:51:15+08:00][sql] DELETE FROM `my_camilo` WHERE  `id` = 30 [ RunTime:0.000379s ]
[2024-09-10T18:51:17+08:00][sql] CONNECT:[ UseTime:0.000928s ] mysql:host=127.0.0.1;port=3306;dbname=ymyz_cn;charset=utf8
[2024-09-10T18:51:17+08:00][sql] SHOW FULL COLUMNS FROM `my_camilo` [ RunTime:0.001316s ]
[2024-09-10T18:51:17+08:00][sql] SELECT COUNT(*) AS think_count FROM `my_camilo` LIMIT 1 [ RunTime:0.000255s ]
[2024-09-10T18:51:17+08:00][sql] SELECT * FROM `my_camilo` ORDER BY `id` DESC LIMIT 0,10 [ RunTime:0.000227s ]
[2024-09-10T18:51:17+08:00][sql] SHOW FULL COLUMNS FROM `my_software` [ RunTime:0.000466s ]
[2024-09-10T18:51:17+08:00][sql] SELECT * FROM `my_software` WHERE  `id` = 2 LIMIT 1 [ RunTime:0.000233s ]
[2024-09-10T18:51:17+08:00][sql] SHOW FULL COLUMNS FROM `my_card` [ RunTime:0.000947s ]
[2024-09-10T18:51:17+08:00][sql] SELECT * FROM `my_card` WHERE  `id` = 9  AND `pid` = 2 LIMIT 1 [ RunTime:0.000250s ]
[2024-09-10T18:51:17+08:00][sql] SELECT * FROM `my_software` WHERE  `id` = 2 LIMIT 1 [ RunTime:0.000257s ]
[2024-09-10T18:51:17+08:00][sql] SELECT * FROM `my_card` WHERE  `id` = 9  AND `pid` = 2 LIMIT 1 [ RunTime:0.000244s ]
[2024-09-10T18:51:17+08:00][sql] SELECT * FROM `my_software` WHERE  `id` = 2 LIMIT 1 [ RunTime:0.000257s ]
[2024-09-10T18:51:17+08:00][sql] SELECT * FROM `my_card` WHERE  `id` = 9  AND `pid` = 2 LIMIT 1 [ RunTime:0.000243s ]
[2024-09-10T18:51:17+08:00][sql] SELECT * FROM `my_software` WHERE  `id` = 2 LIMIT 1 [ RunTime:0.000262s ]
[2024-09-10T18:51:17+08:00][sql] SELECT * FROM `my_card` WHERE  `id` = 9  AND `pid` = 2 LIMIT 1 [ RunTime:0.000240s ]
[2024-09-10T18:51:17+08:00][sql] SELECT * FROM `my_software` WHERE  `id` = 2 LIMIT 1 [ RunTime:0.000208s ]
[2024-09-10T18:51:17+08:00][sql] SELECT * FROM `my_card` WHERE  `id` = 9  AND `pid` = 2 LIMIT 1 [ RunTime:0.000224s ]
[2024-09-10T18:51:17+08:00][sql] SELECT * FROM `my_software` WHERE  `id` = 2 LIMIT 1 [ RunTime:0.000196s ]
[2024-09-10T18:51:17+08:00][sql] SELECT * FROM `my_card` WHERE  `id` = 6  AND `pid` = 2 LIMIT 1 [ RunTime:0.000170s ]
[2024-09-10T18:51:17+08:00][sql] SELECT * FROM `my_software` WHERE  `id` = 2 LIMIT 1 [ RunTime:0.000169s ]
[2024-09-10T18:51:17+08:00][sql] SELECT * FROM `my_card` WHERE  `id` = 6  AND `pid` = 2 LIMIT 1 [ RunTime:0.000314s ]
[2024-09-10T18:51:17+08:00][sql] SELECT * FROM `my_software` WHERE  `id` = 2 LIMIT 1 [ RunTime:0.000297s ]
[2024-09-10T18:51:17+08:00][sql] SELECT * FROM `my_card` WHERE  `id` = 6  AND `pid` = 2 LIMIT 1 [ RunTime:0.000204s ]
[2024-09-10T18:51:17+08:00][sql] SELECT * FROM `my_software` WHERE  `id` = 2 LIMIT 1 [ RunTime:0.000173s ]
[2024-09-10T18:51:17+08:00][sql] SELECT * FROM `my_card` WHERE  `id` = 6  AND `pid` = 2 LIMIT 1 [ RunTime:0.000162s ]
[2024-09-10T18:51:17+08:00][sql] SELECT * FROM `my_software` WHERE  `id` = 2 LIMIT 1 [ RunTime:0.000167s ]
[2024-09-10T18:51:17+08:00][sql] SELECT * FROM `my_card` WHERE  `id` = 6  AND `pid` = 2 LIMIT 1 [ RunTime:0.000161s ]
[2024-09-10T18:51:25+08:00][sql] CONNECT:[ UseTime:0.019058s ] mysql:host=127.0.0.1;port=3306;dbname=ymyz_cn;charset=utf8
[2024-09-10T18:51:25+08:00][sql] SHOW FULL COLUMNS FROM `my_software` [ RunTime:0.000614s ]
[2024-09-10T18:51:25+08:00][sql] SELECT * FROM `my_software` [ RunTime:0.000217s ]
[2024-09-10T18:51:34+08:00][sql] CONNECT:[ UseTime:0.011455s ] mysql:host=127.0.0.1;port=3306;dbname=ymyz_cn;charset=utf8
[2024-09-10T18:51:34+08:00][sql] SHOW FULL COLUMNS FROM `my_card` [ RunTime:0.000665s ]
[2024-09-10T18:51:34+08:00][sql] SELECT * FROM `my_card` WHERE  `pid` = 2 [ RunTime:0.000219s ]
[2024-09-10T18:51:38+08:00][sql] CONNECT:[ UseTime:0.017592s ] mysql:host=127.0.0.1;port=3306;dbname=ymyz_cn;charset=utf8
[2024-09-10T18:51:38+08:00][sql] SHOW FULL COLUMNS FROM `my_camilo` [ RunTime:0.001265s ]
[2024-09-10T18:51:38+08:00][sql] INSERT INTO `my_camilo` SET `pid` = 2 , `card_id` = 7 , `dop` = 'KY_' , `duration` = '1' , `camilo` = 'KY_qZUCb5uVLi29cG7r' , `create_time` = 1725965497 , `update_time` = 1725965497 [ RunTime:0.000341s ]
[2024-09-10T18:51:38+08:00][sql] INSERT INTO `my_camilo` SET `pid` = 2 , `card_id` = 7 , `dop` = 'KY_' , `duration` = '1' , `camilo` = 'KY_x4C1QPfSXBY59lTA' , `create_time` = 1725965497 , `update_time` = 1725965497 [ RunTime:0.000369s ]
[2024-09-10T18:51:38+08:00][sql] INSERT INTO `my_camilo` SET `pid` = 2 , `card_id` = 7 , `dop` = 'KY_' , `duration` = '1' , `camilo` = 'KY_LOxEUc8sP30kaMnG' , `create_time` = 1725965497 , `update_time` = 1725965497 [ RunTime:0.000441s ]
[2024-09-10T18:51:38+08:00][sql] INSERT INTO `my_camilo` SET `pid` = 2 , `card_id` = 7 , `dop` = 'KY_' , `duration` = '1' , `camilo` = 'KY_EkZRl1HmUcqTvzDJ' , `create_time` = 1725965498 , `update_time` = 1725965498 [ RunTime:0.000297s ]
[2024-09-10T18:51:38+08:00][sql] INSERT INTO `my_camilo` SET `pid` = 2 , `card_id` = 7 , `dop` = 'KY_' , `duration` = '1' , `camilo` = 'KY_WmLTfhRP3p1XVqU6' , `create_time` = 1725965498 , `update_time` = 1725965498 [ RunTime:0.000429s ]
[2024-09-10T18:51:39+08:00][sql] CONNECT:[ UseTime:0.024916s ] mysql:host=127.0.0.1;port=3306;dbname=ymyz_cn;charset=utf8
[2024-09-10T18:51:39+08:00][sql] SHOW FULL COLUMNS FROM `my_camilo` [ RunTime:0.001280s ]
[2024-09-10T18:51:39+08:00][sql] SELECT COUNT(*) AS think_count FROM `my_camilo` LIMIT 1 [ RunTime:0.000312s ]
[2024-09-10T18:51:39+08:00][sql] SELECT * FROM `my_camilo` ORDER BY `id` DESC LIMIT 0,10 [ RunTime:0.000304s ]
[2024-09-10T18:51:39+08:00][sql] SHOW FULL COLUMNS FROM `my_software` [ RunTime:0.000511s ]
[2024-09-10T18:51:39+08:00][sql] SELECT * FROM `my_software` WHERE  `id` = 2 LIMIT 1 [ RunTime:0.000276s ]
[2024-09-10T18:51:39+08:00][sql] SHOW FULL COLUMNS FROM `my_card` [ RunTime:0.000467s ]
[2024-09-10T18:51:39+08:00][sql] SELECT * FROM `my_card` WHERE  `id` = 7  AND `pid` = 2 LIMIT 1 [ RunTime:0.000250s ]
[2024-09-10T18:51:39+08:00][sql] SELECT * FROM `my_software` WHERE  `id` = 2 LIMIT 1 [ RunTime:0.000265s ]
[2024-09-10T18:51:39+08:00][sql] SELECT * FROM `my_card` WHERE  `id` = 7  AND `pid` = 2 LIMIT 1 [ RunTime:0.000228s ]
[2024-09-10T18:51:39+08:00][sql] SELECT * FROM `my_software` WHERE  `id` = 2 LIMIT 1 [ RunTime:0.000235s ]
[2024-09-10T18:51:39+08:00][sql] SELECT * FROM `my_card` WHERE  `id` = 7  AND `pid` = 2 LIMIT 1 [ RunTime:0.000222s ]
[2024-09-10T18:51:39+08:00][sql] SELECT * FROM `my_software` WHERE  `id` = 2 LIMIT 1 [ RunTime:0.000206s ]
[2024-09-10T18:51:39+08:00][sql] SELECT * FROM `my_card` WHERE  `id` = 7  AND `pid` = 2 LIMIT 1 [ RunTime:0.000194s ]
[2024-09-10T18:51:39+08:00][sql] SELECT * FROM `my_software` WHERE  `id` = 2 LIMIT 1 [ RunTime:0.000197s ]
[2024-09-10T18:51:39+08:00][sql] SELECT * FROM `my_card` WHERE  `id` = 7  AND `pid` = 2 LIMIT 1 [ RunTime:0.000185s ]
[2024-09-10T18:51:39+08:00][sql] SELECT * FROM `my_software` WHERE  `id` = 2 LIMIT 1 [ RunTime:0.000169s ]
[2024-09-10T18:51:39+08:00][sql] SELECT * FROM `my_card` WHERE  `id` = 9  AND `pid` = 2 LIMIT 1 [ RunTime:0.000161s ]
[2024-09-10T18:51:39+08:00][sql] SELECT * FROM `my_software` WHERE  `id` = 2 LIMIT 1 [ RunTime:0.000167s ]
[2024-09-10T18:51:39+08:00][sql] SELECT * FROM `my_card` WHERE  `id` = 9  AND `pid` = 2 LIMIT 1 [ RunTime:0.000159s ]
[2024-09-10T18:51:39+08:00][sql] SELECT * FROM `my_software` WHERE  `id` = 2 LIMIT 1 [ RunTime:0.000168s ]
[2024-09-10T18:51:39+08:00][sql] SELECT * FROM `my_card` WHERE  `id` = 9  AND `pid` = 2 LIMIT 1 [ RunTime:0.000156s ]
[2024-09-10T18:51:39+08:00][sql] SELECT * FROM `my_software` WHERE  `id` = 2 LIMIT 1 [ RunTime:0.000168s ]
[2024-09-10T18:51:39+08:00][sql] SELECT * FROM `my_card` WHERE  `id` = 9  AND `pid` = 2 LIMIT 1 [ RunTime:0.000156s ]
[2024-09-10T18:51:39+08:00][sql] SELECT * FROM `my_software` WHERE  `id` = 2 LIMIT 1 [ RunTime:0.000166s ]
[2024-09-10T18:51:39+08:00][sql] SELECT * FROM `my_card` WHERE  `id` = 9  AND `pid` = 2 LIMIT 1 [ RunTime:0.000158s ]
