[2024-09-12T20:43:20+08:00][sql] CONNECT:[ UseTime:0.074259s ] mysql:host=127.0.0.1;port=3306;dbname=ymyz_cn;charset=utf8
[2024-09-12T20:43:20+08:00][sql] SHOW FULL COLUMNS FROM `my_config` [ RunTime:0.097472s ]
[2024-09-12T20:43:20+08:00][sql] SELECT * FROM `my_config` WHERE  `type` = 'system' LIMIT 1 [ RunTime:0.007517s ]
[2024-09-12T20:43:20+08:00][sql] SELECT * FROM `my_config` WHERE  `type` = 'system' LIMIT 1 [ RunTime:0.000297s ]
[2024-09-12T20:43:20+08:00][sql] SELECT * FROM `my_config` WHERE  `type` = 'system' LIMIT 1 [ RunTime:0.000218s ]
[2024-09-12T20:43:20+08:00][sql] SELECT * FROM `my_config` WHERE  `type` = 'system' LIMIT 1 [ RunTime:0.000194s ]
[2024-09-12T20:43:20+08:00][sql] SELECT * FROM `my_config` WHERE  `type` = 'system' LIMIT 1 [ RunTime:0.000194s ]
[2024-09-12T20:43:20+08:00][sql] SELECT * FROM `my_config` WHERE  `type` = 'system' LIMIT 1 [ RunTime:0.000171s ]
[2024-09-12T20:43:32+08:00][sql] CONNECT:[ UseTime:0.013308s ] mysql:host=127.0.0.1;port=3306;dbname=ymyz_cn;charset=utf8
[2024-09-12T20:43:32+08:00][sql] SHOW FULL COLUMNS FROM `my_admin` [ RunTime:0.024754s ]
[2024-09-12T20:43:32+08:00][sql] SELECT * FROM `my_admin` WHERE  `username` = 'admin' LIMIT 1 [ RunTime:0.000302s ]
[2024-09-12T20:43:32+08:00][sql] UPDATE `my_admin`  SET `login_ip` = '127.0.0.1' , `login_time` = 1726145012 , `login_num` = 71 , `update_time` = 1726145012  WHERE  `id` = 1 [ RunTime:0.022459s ]
[2024-09-12T20:43:35+08:00][sql] CONNECT:[ UseTime:0.000870s ] mysql:host=127.0.0.1;port=3306;dbname=ymyz_cn;charset=utf8
[2024-09-12T20:43:35+08:00][sql] SHOW FULL COLUMNS FROM `my_auth_rule` [ RunTime:0.044410s ]
[2024-09-12T20:43:35+08:00][sql] SELECT * FROM `my_auth_rule` WHERE  `isnav` = 1  AND `status` = 1 ORDER BY `weight`,`id` [ RunTime:0.002559s ]
[2024-09-12T20:43:35+08:00][sql] SHOW FULL COLUMNS FROM `my_config` [ RunTime:0.001306s ]
[2024-09-12T20:43:35+08:00][sql] SELECT * FROM `my_config` WHERE  `type` = 'system' LIMIT 1 [ RunTime:0.000332s ]
[2024-09-12T20:43:35+08:00][sql] SELECT * FROM `my_config` WHERE  `type` = 'system' LIMIT 1 [ RunTime:0.000261s ]
[2024-09-12T20:43:35+08:00][sql] SELECT * FROM `my_config` WHERE  `type` = 'system' LIMIT 1 [ RunTime:0.000357s ]
[2024-09-12T20:43:35+08:00][sql] SELECT * FROM `my_config` WHERE  `type` = 'system' LIMIT 1 [ RunTime:0.000454s ]
[2024-09-12T20:43:35+08:00][sql] SELECT * FROM `my_config` WHERE  `type` = 'system' LIMIT 1 [ RunTime:0.000417s ]
[2024-09-12T20:43:35+08:00][sql] SELECT * FROM `my_config` WHERE  `type` = 'system' LIMIT 1 [ RunTime:0.000320s ]
[2024-09-12T20:43:35+08:00][sql] CONNECT:[ UseTime:0.001086s ] mysql:host=127.0.0.1;port=3306;dbname=ymyz_cn;charset=utf8
[2024-09-12T20:43:35+08:00][sql] SHOW FULL COLUMNS FROM `my_camilo` [ RunTime:0.011489s ]
[2024-09-12T20:43:35+08:00][sql] SELECT COUNT(`id`) AS think_count FROM `my_camilo` WHERE  `activate` = 0  AND `status` = 1 LIMIT 1 [ RunTime:0.035989s ]
[2024-09-12T20:43:35+08:00][sql] SHOW FULL COLUMNS FROM `my_software` [ RunTime:0.009689s ]
[2024-09-12T20:43:35+08:00][sql] SELECT COUNT(`id`) AS think_count FROM `my_software` WHERE  `status` = 1 LIMIT 1 [ RunTime:0.000482s ]
[2024-09-12T20:43:35+08:00][sql] SHOW FULL COLUMNS FROM `my_camilouser` [ RunTime:0.014287s ]
[2024-09-12T20:43:35+08:00][sql] SELECT COUNT(`id`) AS think_count FROM `my_camilouser` WHERE  `status` = 1 LIMIT 1 [ RunTime:0.000234s ]
[2024-09-12T20:43:35+08:00][sql] SHOW FULL COLUMNS FROM `my_user` [ RunTime:0.010484s ]
[2024-09-12T20:43:35+08:00][sql] SELECT COUNT(`id`) AS think_count FROM `my_user` WHERE  `status` = 1 LIMIT 1 [ RunTime:0.000277s ]
[2024-09-12T20:43:35+08:00][sql] SELECT COUNT(`id`) AS think_count FROM `my_camilouser` WHERE  1  LIMIT 1 [ RunTime:0.000721s ]
[2024-09-12T20:43:35+08:00][sql] SHOW FULL COLUMNS FROM `my_config` [ RunTime:0.001437s ]
[2024-09-12T20:43:35+08:00][sql] SELECT * FROM `my_config` WHERE  `type` = 'system' LIMIT 1 [ RunTime:0.000308s ]
[2024-09-12T20:43:35+08:00][sql] SELECT * FROM `my_config` WHERE  `type` = 'system' LIMIT 1 [ RunTime:0.000390s ]
[2024-09-12T20:43:35+08:00][sql] SELECT * FROM `my_config` WHERE  `type` = 'system' LIMIT 1 [ RunTime:0.000247s ]
[2024-09-12T20:43:35+08:00][sql] SELECT * FROM `my_config` WHERE  `type` = 'system' LIMIT 1 [ RunTime:0.000247s ]
[2024-09-12T20:43:43+08:00][sql] CONNECT:[ UseTime:0.022825s ] mysql:host=127.0.0.1;port=3306;dbname=ymyz_cn;charset=utf8
[2024-09-12T20:43:43+08:00][sql] SHOW FULL COLUMNS FROM `my_auth_group` [ RunTime:0.004604s ]
[2024-09-12T20:43:43+08:00][sql] SELECT `id`,`title` FROM `my_auth_group` ORDER BY `id` [ RunTime:0.000332s ]
[2024-09-12T20:43:43+08:00][sql] SHOW FULL COLUMNS FROM `my_config` [ RunTime:0.001278s ]
[2024-09-12T20:43:43+08:00][sql] SELECT * FROM `my_config` WHERE  `type` = 'system' LIMIT 1 [ RunTime:0.000288s ]
[2024-09-12T20:43:43+08:00][sql] SELECT * FROM `my_config` WHERE  `type` = 'system' LIMIT 1 [ RunTime:0.000247s ]
[2024-09-12T20:43:43+08:00][sql] SELECT * FROM `my_config` WHERE  `type` = 'system' LIMIT 1 [ RunTime:0.000297s ]
[2024-09-12T20:43:43+08:00][sql] SELECT * FROM `my_config` WHERE  `type` = 'system' LIMIT 1 [ RunTime:0.000247s ]
[2024-09-12T20:43:43+08:00][sql] CONNECT:[ UseTime:0.013191s ] mysql:host=127.0.0.1;port=3306;dbname=ymyz_cn;charset=utf8
[2024-09-12T20:43:43+08:00][sql] SHOW FULL COLUMNS FROM `my_admin` [ RunTime:0.001254s ]
[2024-09-12T20:43:43+08:00][sql] SELECT COUNT(*) AS think_count FROM `my_admin` LIMIT 1 [ RunTime:0.000593s ]
[2024-09-12T20:43:43+08:00][sql] SELECT * FROM `my_admin` ORDER BY `id` DESC LIMIT 0,15 [ RunTime:0.000263s ]
[2024-09-12T20:43:43+08:00][sql] SHOW FULL COLUMNS FROM `my_auth_group_access` [ RunTime:0.003654s ]
[2024-09-12T20:43:43+08:00][sql] SELECT * FROM `my_auth_group_access` WHERE  `uid` IN (18,2,1) ORDER BY `group_id` [ RunTime:0.000936s ]
[2024-09-12T20:43:43+08:00][sql] SHOW FULL COLUMNS FROM `my_auth_group` [ RunTime:0.001120s ]
[2024-09-12T20:43:43+08:00][sql] SELECT * FROM `my_auth_group` WHERE  `id` IN (0,2,3) [ RunTime:0.000251s ]
[2024-09-12T20:43:50+08:00][sql] CONNECT:[ UseTime:0.011115s ] mysql:host=127.0.0.1;port=3306;dbname=ymyz_cn;charset=utf8
[2024-09-12T20:43:50+08:00][sql] SHOW FULL COLUMNS FROM `my_config` [ RunTime:0.001303s ]
[2024-09-12T20:43:50+08:00][sql] SELECT * FROM `my_config` WHERE  `type` = 'system' LIMIT 1 [ RunTime:0.000302s ]
[2024-09-12T20:43:50+08:00][sql] SELECT * FROM `my_config` WHERE  `type` = 'system' LIMIT 1 [ RunTime:0.000288s ]
[2024-09-12T20:43:50+08:00][sql] SELECT * FROM `my_config` WHERE  `type` = 'system' LIMIT 1 [ RunTime:0.000428s ]
[2024-09-12T20:43:50+08:00][sql] SELECT * FROM `my_config` WHERE  `type` = 'system' LIMIT 1 [ RunTime:0.000248s ]
[2024-09-12T20:43:50+08:00][sql] CONNECT:[ UseTime:0.011256s ] mysql:host=127.0.0.1;port=3306;dbname=ymyz_cn;charset=utf8
[2024-09-12T20:43:50+08:00][sql] SHOW FULL COLUMNS FROM `my_camilouser` [ RunTime:0.001349s ]
[2024-09-12T20:43:50+08:00][sql] SELECT COUNT(*) AS think_count FROM `my_camilouser` LIMIT 1 [ RunTime:0.000295s ]
[2024-09-12T20:43:52+08:00][sql] CONNECT:[ UseTime:0.012007s ] mysql:host=127.0.0.1;port=3306;dbname=ymyz_cn;charset=utf8
[2024-09-12T20:43:52+08:00][sql] SHOW FULL COLUMNS FROM `my_config` [ RunTime:0.001156s ]
[2024-09-12T20:43:52+08:00][sql] SELECT * FROM `my_config` WHERE  `type` = 'system' LIMIT 1 [ RunTime:0.000291s ]
[2024-09-12T20:43:52+08:00][sql] SELECT * FROM `my_config` WHERE  `type` = 'system' LIMIT 1 [ RunTime:0.000253s ]
[2024-09-12T20:43:52+08:00][sql] SELECT * FROM `my_config` WHERE  `type` = 'system' LIMIT 1 [ RunTime:0.000270s ]
[2024-09-12T20:43:52+08:00][sql] SELECT * FROM `my_config` WHERE  `type` = 'system' LIMIT 1 [ RunTime:0.000292s ]
[2024-09-12T20:43:52+08:00][sql] CONNECT:[ UseTime:0.014756s ] mysql:host=127.0.0.1;port=3306;dbname=ymyz_cn;charset=utf8
[2024-09-12T20:43:52+08:00][sql] SHOW FULL COLUMNS FROM `my_user` [ RunTime:0.001203s ]
[2024-09-12T20:43:52+08:00][sql] SELECT COUNT(*) AS think_count FROM `my_user` LIMIT 1 [ RunTime:0.000224s ]
[2024-09-12T20:43:52+08:00][sql] SELECT * FROM `my_user` LIMIT 0,10 [ RunTime:0.000216s ]
[2024-09-12T20:43:52+08:00][sql] SHOW FULL COLUMNS FROM `my_software` [ RunTime:0.001549s ]
[2024-09-12T20:43:52+08:00][sql] SELECT * FROM `my_software` WHERE  `id` = 1 LIMIT 1 [ RunTime:0.000329s ]
[2024-09-12T20:43:52+08:00][sql] SELECT * FROM `my_software` WHERE  `id` = 1 LIMIT 1 [ RunTime:0.000232s ]
[2024-09-12T20:44:05+08:00][sql] CONNECT:[ UseTime:0.024486s ] mysql:host=127.0.0.1;port=3306;dbname=ymyz_cn;charset=utf8
[2024-09-12T20:44:05+08:00][sql] SHOW FULL COLUMNS FROM `my_config` [ RunTime:0.001455s ]
[2024-09-12T20:44:05+08:00][sql] SELECT * FROM `my_config` WHERE  `type` = 'system' LIMIT 1 [ RunTime:0.000602s ]
[2024-09-12T20:44:05+08:00][sql] SELECT * FROM `my_config` WHERE  `type` = 'system' LIMIT 1 [ RunTime:0.000333s ]
[2024-09-12T20:44:05+08:00][sql] SELECT * FROM `my_config` WHERE  `type` = 'system' LIMIT 1 [ RunTime:0.000425s ]
[2024-09-12T20:44:05+08:00][sql] SELECT * FROM `my_config` WHERE  `type` = 'system' LIMIT 1 [ RunTime:0.000282s ]
[2024-09-12T20:44:05+08:00][sql] CONNECT:[ UseTime:0.001086s ] mysql:host=127.0.0.1;port=3306;dbname=ymyz_cn;charset=utf8
[2024-09-12T20:44:05+08:00][sql] SHOW FULL COLUMNS FROM `my_card` [ RunTime:0.026670s ]
[2024-09-12T20:44:05+08:00][sql] SELECT COUNT(*) AS think_count FROM `my_card` LIMIT 1 [ RunTime:0.000279s ]
[2024-09-12T20:44:05+08:00][sql] SELECT * FROM `my_card` LIMIT 0,15 [ RunTime:0.000262s ]
[2024-09-12T20:44:05+08:00][sql] SHOW FULL COLUMNS FROM `my_software` [ RunTime:0.001130s ]
[2024-09-12T20:44:05+08:00][sql] SELECT * FROM `my_software` WHERE  `id` = 1 LIMIT 1 [ RunTime:0.000280s ]
[2024-09-12T20:44:05+08:00][sql] SELECT * FROM `my_software` WHERE  `id` = 1 LIMIT 1 [ RunTime:0.000256s ]
[2024-09-12T20:44:05+08:00][sql] SELECT * FROM `my_software` WHERE  `id` = 1 LIMIT 1 [ RunTime:0.000364s ]
[2024-09-12T20:44:05+08:00][sql] SELECT * FROM `my_software` WHERE  `id` = 1 LIMIT 1 [ RunTime:0.000298s ]
[2024-09-12T20:44:05+08:00][sql] SELECT * FROM `my_software` WHERE  `id` = 1 LIMIT 1 [ RunTime:0.000335s ]
[2024-09-12T20:44:05+08:00][sql] SELECT * FROM `my_software` WHERE  `id` = 2 LIMIT 1 [ RunTime:0.000293s ]
[2024-09-12T20:44:05+08:00][sql] SELECT * FROM `my_software` WHERE  `id` = 2 LIMIT 1 [ RunTime:0.000257s ]
[2024-09-12T20:44:05+08:00][sql] SELECT * FROM `my_software` WHERE  `id` = 1 LIMIT 1 [ RunTime:0.000282s ]
[2024-09-12T20:44:05+08:00][sql] SELECT * FROM `my_software` WHERE  `id` = 2 LIMIT 1 [ RunTime:0.000307s ]
[2024-09-12T20:44:25+08:00][sql] CONNECT:[ UseTime:0.017819s ] mysql:host=127.0.0.1;port=3306;dbname=ymyz_cn;charset=utf8
[2024-09-12T20:44:25+08:00][sql] SHOW FULL COLUMNS FROM `my_config` [ RunTime:0.001141s ]
[2024-09-12T20:44:25+08:00][sql] SELECT * FROM `my_config` WHERE  `type` = 'system' LIMIT 1 [ RunTime:0.000295s ]
[2024-09-12T20:44:25+08:00][sql] SELECT * FROM `my_config` WHERE  `type` = 'system' LIMIT 1 [ RunTime:0.000252s ]
[2024-09-12T20:44:25+08:00][sql] SELECT * FROM `my_config` WHERE  `type` = 'system' LIMIT 1 [ RunTime:0.000252s ]
[2024-09-12T20:44:25+08:00][sql] SELECT * FROM `my_config` WHERE  `type` = 'system' LIMIT 1 [ RunTime:0.000235s ]
[2024-09-12T20:44:25+08:00][sql] CONNECT:[ UseTime:0.001076s ] mysql:host=127.0.0.1;port=3306;dbname=ymyz_cn;charset=utf8
[2024-09-12T20:44:25+08:00][sql] SHOW FULL COLUMNS FROM `my_classify` [ RunTime:0.016761s ]
[2024-09-12T20:44:25+08:00][sql] SELECT COUNT(*) AS think_count FROM `my_classify` LIMIT 1 [ RunTime:0.000258s ]
[2024-09-12T20:44:25+08:00][sql] SELECT * FROM `my_classify` LIMIT 0,15 [ RunTime:0.000180s ]
[2024-09-12T20:44:26+08:00][sql] CONNECT:[ UseTime:0.001138s ] mysql:host=127.0.0.1;port=3306;dbname=ymyz_cn;charset=utf8
[2024-09-12T20:44:26+08:00][sql] SHOW FULL COLUMNS FROM `my_config` [ RunTime:0.001159s ]
[2024-09-12T20:44:26+08:00][sql] SELECT * FROM `my_config` WHERE  `type` = 'system' LIMIT 1 [ RunTime:0.000436s ]
[2024-09-12T20:44:26+08:00][sql] SELECT * FROM `my_config` WHERE  `type` = 'system' LIMIT 1 [ RunTime:0.000373s ]
[2024-09-12T20:44:26+08:00][sql] SELECT * FROM `my_config` WHERE  `type` = 'system' LIMIT 1 [ RunTime:0.000257s ]
[2024-09-12T20:44:26+08:00][sql] SELECT * FROM `my_config` WHERE  `type` = 'system' LIMIT 1 [ RunTime:0.000235s ]
[2024-09-12T20:44:27+08:00][sql] CONNECT:[ UseTime:0.000842s ] mysql:host=127.0.0.1;port=3306;dbname=ymyz_cn;charset=utf8
[2024-09-12T20:44:27+08:00][sql] SHOW FULL COLUMNS FROM `my_software` [ RunTime:0.001181s ]
[2024-09-12T20:44:27+08:00][sql] SELECT COUNT(*) AS think_count FROM `my_software` LIMIT 1 [ RunTime:0.000215s ]
[2024-09-12T20:44:27+08:00][sql] SELECT * FROM `my_software` LIMIT 0,15 [ RunTime:0.000213s ]
[2024-09-12T20:44:27+08:00][sql] SHOW FULL COLUMNS FROM `my_classify` [ RunTime:0.001018s ]
[2024-09-12T20:44:27+08:00][sql] SELECT * FROM `my_classify` WHERE  `id` = 1 [ RunTime:0.000227s ]
[2024-09-12T20:44:36+08:00][sql] CONNECT:[ UseTime:0.000798s ] mysql:host=127.0.0.1;port=3306;dbname=ymyz_cn;charset=utf8
[2024-09-12T20:44:36+08:00][sql] SHOW FULL COLUMNS FROM `my_config` [ RunTime:0.000537s ]
[2024-09-12T20:44:36+08:00][sql] SELECT * FROM `my_config` WHERE  `type` = 'system' LIMIT 1 [ RunTime:0.000296s ]
[2024-09-12T20:44:36+08:00][sql] SELECT * FROM `my_config` WHERE  `type` = 'system' LIMIT 1 [ RunTime:0.000215s ]
[2024-09-12T20:44:36+08:00][sql] SELECT * FROM `my_config` WHERE  `type` = 'system' LIMIT 1 [ RunTime:0.000261s ]
[2024-09-12T20:44:36+08:00][sql] SELECT * FROM `my_config` WHERE  `type` = 'system' LIMIT 1 [ RunTime:0.000251s ]
[2024-09-12T20:44:36+08:00][sql] CONNECT:[ UseTime:0.017449s ] mysql:host=127.0.0.1;port=3306;dbname=ymyz_cn;charset=utf8
[2024-09-12T20:44:36+08:00][sql] SHOW FULL COLUMNS FROM `my_camilo` [ RunTime:0.001307s ]
[2024-09-12T20:44:36+08:00][sql] SELECT COUNT(*) AS think_count FROM `my_camilo` LIMIT 1 [ RunTime:0.000393s ]
[2024-09-12T20:44:36+08:00][sql] SELECT * FROM `my_camilo` ORDER BY `id` DESC LIMIT 0,10 [ RunTime:0.000424s ]
[2024-09-12T20:44:36+08:00][sql] SHOW FULL COLUMNS FROM `my_software` [ RunTime:0.001137s ]
[2024-09-12T20:44:36+08:00][sql] SELECT * FROM `my_software` WHERE  `id` = 2 LIMIT 1 [ RunTime:0.000273s ]
[2024-09-12T20:44:36+08:00][sql] SHOW FULL COLUMNS FROM `my_card` [ RunTime:0.000986s ]
[2024-09-12T20:44:36+08:00][sql] SELECT * FROM `my_card` WHERE  `id` = 7  AND `pid` = 2 LIMIT 1 [ RunTime:0.000230s ]
[2024-09-12T20:44:36+08:00][sql] SELECT * FROM `my_software` WHERE  `id` = 2 LIMIT 1 [ RunTime:0.000228s ]
[2024-09-12T20:44:36+08:00][sql] SELECT * FROM `my_card` WHERE  `id` = 7  AND `pid` = 2 LIMIT 1 [ RunTime:0.000230s ]
[2024-09-12T20:44:36+08:00][sql] SELECT * FROM `my_software` WHERE  `id` = 2 LIMIT 1 [ RunTime:0.000227s ]
[2024-09-12T20:44:36+08:00][sql] SELECT * FROM `my_card` WHERE  `id` = 7  AND `pid` = 2 LIMIT 1 [ RunTime:0.000217s ]
[2024-09-12T20:44:36+08:00][sql] SELECT * FROM `my_software` WHERE  `id` = 2 LIMIT 1 [ RunTime:0.000216s ]
[2024-09-12T20:44:36+08:00][sql] SELECT * FROM `my_card` WHERE  `id` = 7  AND `pid` = 2 LIMIT 1 [ RunTime:0.000178s ]
[2024-09-12T20:44:36+08:00][sql] SELECT * FROM `my_software` WHERE  `id` = 2 LIMIT 1 [ RunTime:0.000194s ]
[2024-09-12T20:44:36+08:00][sql] SELECT * FROM `my_card` WHERE  `id` = 7  AND `pid` = 2 LIMIT 1 [ RunTime:0.000183s ]
[2024-09-12T20:44:36+08:00][sql] SELECT * FROM `my_software` WHERE  `id` = 2 LIMIT 1 [ RunTime:0.000181s ]
[2024-09-12T20:44:36+08:00][sql] SELECT * FROM `my_card` WHERE  `id` = 9  AND `pid` = 2 LIMIT 1 [ RunTime:0.000303s ]
[2024-09-12T20:44:36+08:00][sql] SELECT * FROM `my_software` WHERE  `id` = 2 LIMIT 1 [ RunTime:0.000294s ]
[2024-09-12T20:44:36+08:00][sql] SELECT * FROM `my_card` WHERE  `id` = 9  AND `pid` = 2 LIMIT 1 [ RunTime:0.000169s ]
[2024-09-12T20:44:36+08:00][sql] SELECT * FROM `my_software` WHERE  `id` = 2 LIMIT 1 [ RunTime:0.000169s ]
[2024-09-12T20:44:36+08:00][sql] SELECT * FROM `my_card` WHERE  `id` = 9  AND `pid` = 2 LIMIT 1 [ RunTime:0.000159s ]
[2024-09-12T20:44:36+08:00][sql] SELECT * FROM `my_software` WHERE  `id` = 2 LIMIT 1 [ RunTime:0.000178s ]
[2024-09-12T20:44:36+08:00][sql] SELECT * FROM `my_card` WHERE  `id` = 9  AND `pid` = 2 LIMIT 1 [ RunTime:0.000191s ]
[2024-09-12T20:44:36+08:00][sql] SELECT * FROM `my_software` WHERE  `id` = 2 LIMIT 1 [ RunTime:0.000294s ]
[2024-09-12T20:44:36+08:00][sql] SELECT * FROM `my_card` WHERE  `id` = 9  AND `pid` = 2 LIMIT 1 [ RunTime:0.000287s ]
[2024-09-12T20:44:39+08:00][sql] CONNECT:[ UseTime:0.017938s ] mysql:host=127.0.0.1;port=3306;dbname=ymyz_cn;charset=utf8
[2024-09-12T20:44:39+08:00][sql] SHOW FULL COLUMNS FROM `my_camilo` [ RunTime:0.001714s ]
[2024-09-12T20:44:39+08:00][sql] SELECT COUNT(*) AS think_count FROM `my_camilo` LIMIT 1 [ RunTime:0.000347s ]
[2024-09-12T20:44:39+08:00][sql] SELECT * FROM `my_camilo` ORDER BY `id` DESC LIMIT 10,10 [ RunTime:0.000294s ]
[2024-09-12T20:44:39+08:00][sql] SHOW FULL COLUMNS FROM `my_software` [ RunTime:0.001104s ]
[2024-09-12T20:44:39+08:00][sql] SELECT * FROM `my_software` WHERE  `id` = 2 LIMIT 1 [ RunTime:0.000274s ]
[2024-09-12T20:44:39+08:00][sql] SHOW FULL COLUMNS FROM `my_card` [ RunTime:0.001031s ]
[2024-09-12T20:44:39+08:00][sql] SELECT * FROM `my_card` WHERE  `id` = 6  AND `pid` = 2 LIMIT 1 [ RunTime:0.000242s ]
[2024-09-12T20:44:39+08:00][sql] SELECT * FROM `my_software` WHERE  `id` = 2 LIMIT 1 [ RunTime:0.000265s ]
[2024-09-12T20:44:39+08:00][sql] SELECT * FROM `my_card` WHERE  `id` = 6  AND `pid` = 2 LIMIT 1 [ RunTime:0.000233s ]
[2024-09-12T20:44:39+08:00][sql] SELECT * FROM `my_software` WHERE  `id` = 2 LIMIT 1 [ RunTime:0.000229s ]
[2024-09-12T20:44:39+08:00][sql] SELECT * FROM `my_card` WHERE  `id` = 6  AND `pid` = 2 LIMIT 1 [ RunTime:0.000219s ]
[2024-09-12T20:44:39+08:00][sql] SELECT * FROM `my_software` WHERE  `id` = 2 LIMIT 1 [ RunTime:0.000228s ]
[2024-09-12T20:44:39+08:00][sql] SELECT * FROM `my_card` WHERE  `id` = 6  AND `pid` = 2 LIMIT 1 [ RunTime:0.000207s ]
[2024-09-12T20:44:39+08:00][sql] SELECT * FROM `my_software` WHERE  `id` = 2 LIMIT 1 [ RunTime:0.000195s ]
[2024-09-12T20:44:39+08:00][sql] SELECT * FROM `my_card` WHERE  `id` = 6  AND `pid` = 2 LIMIT 1 [ RunTime:0.000185s ]
[2024-09-12T20:44:39+08:00][sql] SELECT * FROM `my_software` WHERE  `id` = 1 LIMIT 1 [ RunTime:0.000185s ]
[2024-09-12T20:44:39+08:00][sql] SELECT * FROM `my_card` WHERE  `id` = 3  AND `pid` = 1 LIMIT 1 [ RunTime:0.000155s ]
[2024-09-12T20:44:39+08:00][sql] SELECT * FROM `my_software` WHERE  `id` = 1 LIMIT 1 [ RunTime:0.000164s ]
[2024-09-12T20:44:39+08:00][sql] SELECT * FROM `my_card` WHERE  `id` = 3  AND `pid` = 1 LIMIT 1 [ RunTime:0.000201s ]
[2024-09-12T20:44:39+08:00][sql] SELECT * FROM `my_software` WHERE  `id` = 1 LIMIT 1 [ RunTime:0.000162s ]
[2024-09-12T20:44:39+08:00][sql] SELECT * FROM `my_card` WHERE  `id` = 3  AND `pid` = 1 LIMIT 1 [ RunTime:0.000153s ]
[2024-09-12T20:44:39+08:00][sql] SELECT * FROM `my_software` WHERE  `id` = 1 LIMIT 1 [ RunTime:0.000162s ]
[2024-09-12T20:44:39+08:00][sql] SELECT * FROM `my_card` WHERE  `id` = 3  AND `pid` = 1 LIMIT 1 [ RunTime:0.000154s ]
[2024-09-12T20:44:39+08:00][sql] SELECT * FROM `my_software` WHERE  `id` = 1 LIMIT 1 [ RunTime:0.000162s ]
[2024-09-12T20:44:39+08:00][sql] SELECT * FROM `my_card` WHERE  `id` = 3  AND `pid` = 1 LIMIT 1 [ RunTime:0.000152s ]
[2024-09-12T20:47:02+08:00][sql] CONNECT:[ UseTime:0.017114s ] mysql:host=127.0.0.1;port=3306;dbname=ymyz_cn;charset=utf8
[2024-09-12T20:47:02+08:00][sql] SHOW FULL COLUMNS FROM `my_camilouser` [ RunTime:0.001211s ]
[2024-09-12T20:47:02+08:00][sql] SELECT COUNT(*) AS think_count FROM `my_camilouser` LIMIT 1 [ RunTime:0.000259s ]
[2024-09-12T20:47:02+08:00][sql] SELECT * FROM `my_camilouser` LIMIT 0,10 [ RunTime:0.000247s ]
[2024-09-12T20:47:02+08:00][sql] SHOW FULL COLUMNS FROM `my_software` [ RunTime:0.001088s ]
[2024-09-12T20:47:02+08:00][sql] SELECT * FROM `my_software` WHERE  `id` = 1 LIMIT 1 [ RunTime:0.000446s ]
[2024-09-12T21:34:22+08:00][sql] CONNECT:[ UseTime:0.014911s ] mysql:host=127.0.0.1;port=3306;dbname=ymyz_cn;charset=utf8
[2024-09-12T21:34:22+08:00][sql] SHOW FULL COLUMNS FROM `my_software` [ RunTime:0.000622s ]
[2024-09-12T21:34:22+08:00][sql] SELECT * FROM `my_software` WHERE  `id` = 2 LIMIT 1 [ RunTime:0.000303s ]
[2024-09-12T21:34:34+08:00][sql] CONNECT:[ UseTime:0.024834s ] mysql:host=127.0.0.1;port=3306;dbname=ymyz_cn;charset=utf8
[2024-09-12T21:34:34+08:00][sql] SHOW FULL COLUMNS FROM `my_software` [ RunTime:0.000594s ]
[2024-09-12T21:34:34+08:00][sql] SELECT * FROM `my_software` WHERE  `id` = 1 LIMIT 1 [ RunTime:0.000272s ]
[2024-09-12T22:56:14+08:00][sql] CONNECT:[ UseTime:0.021405s ] mysql:host=127.0.0.1;port=3306;dbname=ymyz_cn;charset=utf8
[2024-09-12T22:56:14+08:00][sql] SHOW FULL COLUMNS FROM `my_camilo` [ RunTime:0.000709s ]
[2024-09-12T22:56:14+08:00][sql] SELECT COUNT(*) AS think_count FROM `my_camilo` LIMIT 1 [ RunTime:0.000292s ]
[2024-09-12T22:56:14+08:00][sql] SELECT * FROM `my_camilo` ORDER BY `id` DESC LIMIT 10,10 [ RunTime:0.000313s ]
[2024-09-12T22:56:14+08:00][sql] SHOW FULL COLUMNS FROM `my_software` [ RunTime:0.000542s ]
[2024-09-12T22:56:14+08:00][sql] SELECT * FROM `my_software` WHERE  `id` = 2 LIMIT 1 [ RunTime:0.000320s ]
[2024-09-12T22:56:14+08:00][sql] SHOW FULL COLUMNS FROM `my_card` [ RunTime:0.000547s ]
[2024-09-12T22:56:14+08:00][sql] SELECT * FROM `my_card` WHERE  `id` = 6  AND `pid` = 2 LIMIT 1 [ RunTime:0.000259s ]
[2024-09-12T22:56:14+08:00][sql] SELECT * FROM `my_software` WHERE  `id` = 2 LIMIT 1 [ RunTime:0.000265s ]
[2024-09-12T22:56:14+08:00][sql] SELECT * FROM `my_card` WHERE  `id` = 6  AND `pid` = 2 LIMIT 1 [ RunTime:0.000207s ]
[2024-09-12T22:56:14+08:00][sql] SELECT * FROM `my_software` WHERE  `id` = 2 LIMIT 1 [ RunTime:0.000217s ]
[2024-09-12T22:56:14+08:00][sql] SELECT * FROM `my_card` WHERE  `id` = 6  AND `pid` = 2 LIMIT 1 [ RunTime:0.000205s ]
[2024-09-12T22:56:14+08:00][sql] SELECT * FROM `my_software` WHERE  `id` = 2 LIMIT 1 [ RunTime:0.000194s ]
[2024-09-12T22:56:14+08:00][sql] SELECT * FROM `my_card` WHERE  `id` = 6  AND `pid` = 2 LIMIT 1 [ RunTime:0.000178s ]
[2024-09-12T22:56:14+08:00][sql] SELECT * FROM `my_software` WHERE  `id` = 2 LIMIT 1 [ RunTime:0.000182s ]
[2024-09-12T22:56:14+08:00][sql] SELECT * FROM `my_card` WHERE  `id` = 6  AND `pid` = 2 LIMIT 1 [ RunTime:0.000222s ]
[2024-09-12T22:56:14+08:00][sql] SELECT * FROM `my_software` WHERE  `id` = 1 LIMIT 1 [ RunTime:0.000162s ]
[2024-09-12T22:56:14+08:00][sql] SELECT * FROM `my_card` WHERE  `id` = 3  AND `pid` = 1 LIMIT 1 [ RunTime:0.000152s ]
[2024-09-12T22:56:14+08:00][sql] SELECT * FROM `my_software` WHERE  `id` = 1 LIMIT 1 [ RunTime:0.000162s ]
[2024-09-12T22:56:14+08:00][sql] SELECT * FROM `my_card` WHERE  `id` = 3  AND `pid` = 1 LIMIT 1 [ RunTime:0.000184s ]
[2024-09-12T22:56:14+08:00][sql] SELECT * FROM `my_software` WHERE  `id` = 1 LIMIT 1 [ RunTime:0.000166s ]
[2024-09-12T22:56:14+08:00][sql] SELECT * FROM `my_card` WHERE  `id` = 3  AND `pid` = 1 LIMIT 1 [ RunTime:0.000157s ]
[2024-09-12T22:56:14+08:00][sql] SELECT * FROM `my_software` WHERE  `id` = 1 LIMIT 1 [ RunTime:0.000164s ]
[2024-09-12T22:56:14+08:00][sql] SELECT * FROM `my_card` WHERE  `id` = 3  AND `pid` = 1 LIMIT 1 [ RunTime:0.000156s ]
[2024-09-12T22:56:14+08:00][sql] SELECT * FROM `my_software` WHERE  `id` = 1 LIMIT 1 [ RunTime:0.000163s ]
[2024-09-12T22:56:14+08:00][sql] SELECT * FROM `my_card` WHERE  `id` = 3  AND `pid` = 1 LIMIT 1 [ RunTime:0.000158s ]
[2024-09-12T23:04:42+08:00][sql] CONNECT:[ UseTime:0.017923s ] mysql:host=127.0.0.1;port=3306;dbname=ymyz_cn;charset=utf8
[2024-09-12T23:04:42+08:00][sql] SHOW FULL COLUMNS FROM `my_software` [ RunTime:0.000961s ]
[2024-09-12T23:04:42+08:00][sql] SELECT * FROM `my_software` WHERE  `id` = 2 LIMIT 1 [ RunTime:0.000417s ]
[2024-09-12T23:04:52+08:00][sql] CONNECT:[ UseTime:0.001038s ] mysql:host=127.0.0.1;port=3306;dbname=ymyz_cn;charset=utf8
[2024-09-12T23:04:52+08:00][sql] SHOW FULL COLUMNS FROM `my_software` [ RunTime:0.000881s ]
[2024-09-12T23:04:52+08:00][sql] UPDATE `my_software`  SET `id` = 2 , `thebuckle` = '1' , `time_mod` = 1 , `ryptedPass` = 'kU1VDCcxQGZFrBvMd45fnPbzOw9gjl6Ht7i2a0mRWSq3hAYuNpso' , `moremachine` = 1 , `setNumber` = '1' , `update_time` = 1726153492  WHERE  `id` = 2 [ RunTime:0.000588s ]
[2024-09-12T23:04:53+08:00][sql] CONNECT:[ UseTime:0.001177s ] mysql:host=127.0.0.1;port=3306;dbname=ymyz_cn;charset=utf8
[2024-09-12T23:04:53+08:00][sql] SHOW FULL COLUMNS FROM `my_software` [ RunTime:0.001488s ]
[2024-09-12T23:04:53+08:00][sql] SELECT COUNT(*) AS think_count FROM `my_software` LIMIT 1 [ RunTime:0.000306s ]
[2024-09-12T23:04:53+08:00][sql] SELECT * FROM `my_software` LIMIT 0,15 [ RunTime:0.000298s ]
[2024-09-12T23:04:53+08:00][sql] SHOW FULL COLUMNS FROM `my_classify` [ RunTime:0.001129s ]
[2024-09-12T23:04:53+08:00][sql] SELECT * FROM `my_classify` WHERE  `id` = 1 [ RunTime:0.000286s ]
[2024-09-12T23:04:54+08:00][sql] CONNECT:[ UseTime:0.000809s ] mysql:host=127.0.0.1;port=3306;dbname=ymyz_cn;charset=utf8
[2024-09-12T23:04:54+08:00][sql] SHOW FULL COLUMNS FROM `my_software` [ RunTime:0.000596s ]
[2024-09-12T23:04:54+08:00][sql] SELECT * FROM `my_software` WHERE  `id` = 2 LIMIT 1 [ RunTime:0.000386s ]
[2024-09-12T23:09:01+08:00][sql] CONNECT:[ UseTime:0.021734s ] mysql:host=127.0.0.1;port=3306;dbname=ymyz_cn;charset=utf8
[2024-09-12T23:09:01+08:00][sql] SHOW FULL COLUMNS FROM `my_config` [ RunTime:0.000777s ]
[2024-09-12T23:09:01+08:00][sql] SELECT * FROM `my_config` WHERE  `type` = 'system' LIMIT 1 [ RunTime:0.000593s ]
[2024-09-12T23:09:01+08:00][sql] SELECT * FROM `my_config` WHERE  `type` = 'system' LIMIT 1 [ RunTime:0.000335s ]
[2024-09-12T23:09:01+08:00][sql] SELECT * FROM `my_config` WHERE  `type` = 'storage' LIMIT 1 [ RunTime:0.000402s ]
[2024-09-12T23:09:01+08:00][sql] SELECT * FROM `my_config` WHERE  `type` = 'storage' LIMIT 1 [ RunTime:0.000237s ]
[2024-09-12T23:09:01+08:00][sql] SELECT * FROM `my_config` WHERE  `type` = 'email' LIMIT 1 [ RunTime:0.000247s ]
[2024-09-12T23:09:01+08:00][sql] SELECT * FROM `my_config` WHERE  `type` = 'email' LIMIT 1 [ RunTime:0.000361s ]
[2024-09-12T23:09:01+08:00][sql] SELECT * FROM `my_config` WHERE  `type` = 'weixin' LIMIT 1 [ RunTime:0.000263s ]
[2024-09-12T23:09:01+08:00][sql] SELECT * FROM `my_config` WHERE  `type` = 'weixin' LIMIT 1 [ RunTime:0.000245s ]
[2024-09-12T23:09:01+08:00][sql] SELECT * FROM `my_config` WHERE  `type` = 'wxapp' LIMIT 1 [ RunTime:0.000225s ]
[2024-09-12T23:09:01+08:00][sql] SELECT * FROM `my_config` WHERE  `type` = 'wxapp' LIMIT 1 [ RunTime:0.000224s ]
[2024-09-12T23:09:01+08:00][sql] SELECT * FROM `my_config` WHERE  `type` = 'wxpay' LIMIT 1 [ RunTime:0.000225s ]
[2024-09-12T23:09:01+08:00][sql] SELECT * FROM `my_config` WHERE  `type` = 'wxpay' LIMIT 1 [ RunTime:0.000272s ]
[2024-09-12T23:09:01+08:00][sql] SELECT * FROM `my_config` WHERE  `type` = 'jwttoken' LIMIT 1 [ RunTime:0.000305s ]
[2024-09-12T23:09:01+08:00][sql] SELECT * FROM `my_config` WHERE  `type` = 'jwttoken' LIMIT 1 [ RunTime:0.000262s ]
[2024-09-12T23:09:01+08:00][sql] SELECT * FROM `my_config` WHERE  `type` = 'system' LIMIT 1 [ RunTime:0.000477s ]
[2024-09-12T23:09:01+08:00][sql] SELECT * FROM `my_config` WHERE  `type` = 'system' LIMIT 1 [ RunTime:0.000371s ]
[2024-09-12T23:09:01+08:00][sql] SELECT * FROM `my_config` WHERE  `type` = 'system' LIMIT 1 [ RunTime:0.000293s ]
[2024-09-12T23:09:01+08:00][sql] SELECT * FROM `my_config` WHERE  `type` = 'system' LIMIT 1 [ RunTime:0.000228s ]
[2024-09-12T23:09:22+08:00][sql] CONNECT:[ UseTime:0.020848s ] mysql:host=127.0.0.1;port=3306;dbname=ymyz_cn;charset=utf8
[2024-09-12T23:09:22+08:00][sql] SHOW FULL COLUMNS FROM `my_config` [ RunTime:0.000640s ]
[2024-09-12T23:09:22+08:00][sql] SELECT * FROM `my_config` WHERE  `type` = 'system' LIMIT 1 [ RunTime:0.000357s ]
[2024-09-12T23:09:22+08:00][sql] UPDATE `my_config`  SET `value` = '{"typename":"system","title":"MYadmin","webname":"","domain":"http:\/\/ymyz.l.dyzyk.top","logo":"","keywords":"","description":"","copyright":"","miitbeian":""}'  WHERE  `type` = 'system' [ RunTime:0.031684s ]
