[2024-09-13T08:25:09+08:00][sql] CONNECT:[ UseTime:0.001208s ] mysql:host=127.0.0.1;port=3306;dbname=ymyz_cn;charset=utf8
[2024-09-13T08:25:09+08:00][sql] SHOW FULL COLUMNS FROM `my_config` [ RunTime:0.001074s ]
[2024-09-13T08:25:09+08:00][sql] SELECT * FROM `my_config` WHERE  `type` = 'system' LIMIT 1 [ RunTime:0.000559s ]
[2024-09-13T08:25:09+08:00][sql] SELECT * FROM `my_config` WHERE  `type` = 'system' LIMIT 1 [ RunTime:0.000249s ]
[2024-09-13T08:25:09+08:00][sql] SELECT * FROM `my_config` WHERE  `type` = 'system' LIMIT 1 [ RunTime:0.000237s ]
[2024-09-13T08:25:09+08:00][sql] SELECT * FROM `my_config` WHERE  `type` = 'system' LIMIT 1 [ RunTime:0.000252s ]
[2024-09-13T08:25:09+08:00][sql] SELECT * FROM `my_config` WHERE  `type` = 'system' LIMIT 1 [ RunTime:0.000228s ]
[2024-09-13T08:25:09+08:00][sql] SELECT * FROM `my_config` WHERE  `type` = 'system' LIMIT 1 [ RunTime:0.000231s ]
[2024-09-13T08:25:21+08:00][sql] CONNECT:[ UseTime:0.000951s ] mysql:host=127.0.0.1;port=3306;dbname=ymyz_cn;charset=utf8
[2024-09-13T08:25:21+08:00][sql] SHOW FULL COLUMNS FROM `my_admin` [ RunTime:0.011470s ]
[2024-09-13T08:25:21+08:00][sql] SELECT * FROM `my_admin` WHERE  `username` = 'admin' LIMIT 1 [ RunTime:0.000275s ]
[2024-09-13T08:25:21+08:00][sql] UPDATE `my_admin`  SET `login_ip` = '127.0.0.1' , `login_time` = 1726187121 , `login_num` = 72 , `update_time` = 1726187121  WHERE  `id` = 1 [ RunTime:0.000317s ]
[2024-09-13T08:25:23+08:00][sql] CONNECT:[ UseTime:0.016724s ] mysql:host=127.0.0.1;port=3306;dbname=ymyz_cn;charset=utf8
[2024-09-13T08:25:23+08:00][sql] SHOW FULL COLUMNS FROM `my_auth_rule` [ RunTime:0.000712s ]
[2024-09-13T08:25:23+08:00][sql] SELECT * FROM `my_auth_rule` WHERE  `isnav` = 1  AND `status` = 1 ORDER BY `weight`,`id` [ RunTime:0.000480s ]
[2024-09-13T08:25:23+08:00][sql] SHOW FULL COLUMNS FROM `my_config` [ RunTime:0.000695s ]
[2024-09-13T08:25:23+08:00][sql] SELECT * FROM `my_config` WHERE  `type` = 'system' LIMIT 1 [ RunTime:0.000361s ]
[2024-09-13T08:25:23+08:00][sql] SELECT * FROM `my_config` WHERE  `type` = 'system' LIMIT 1 [ RunTime:0.000268s ]
[2024-09-13T08:25:23+08:00][sql] SELECT * FROM `my_config` WHERE  `type` = 'system' LIMIT 1 [ RunTime:0.000246s ]
[2024-09-13T08:25:23+08:00][sql] SELECT * FROM `my_config` WHERE  `type` = 'system' LIMIT 1 [ RunTime:0.000248s ]
[2024-09-13T08:25:23+08:00][sql] SELECT * FROM `my_config` WHERE  `type` = 'system' LIMIT 1 [ RunTime:0.000270s ]
[2024-09-13T08:25:23+08:00][sql] SELECT * FROM `my_config` WHERE  `type` = 'system' LIMIT 1 [ RunTime:0.000242s ]
[2024-09-13T08:25:23+08:00][sql] CONNECT:[ UseTime:0.000939s ] mysql:host=127.0.0.1;port=3306;dbname=ymyz_cn;charset=utf8
[2024-09-13T08:25:23+08:00][sql] SHOW FULL COLUMNS FROM `my_camilo` [ RunTime:0.001270s ]
[2024-09-13T08:25:23+08:00][sql] SELECT COUNT(`id`) AS think_count FROM `my_camilo` WHERE  `activate` = 0  AND `status` = 1 LIMIT 1 [ RunTime:0.000280s ]
[2024-09-13T08:25:23+08:00][sql] SHOW FULL COLUMNS FROM `my_software` [ RunTime:0.000469s ]
[2024-09-13T08:25:23+08:00][sql] SELECT COUNT(`id`) AS think_count FROM `my_software` WHERE  `status` = 1 LIMIT 1 [ RunTime:0.000225s ]
[2024-09-13T08:25:23+08:00][sql] SHOW FULL COLUMNS FROM `my_camilouser` [ RunTime:0.000440s ]
[2024-09-13T08:25:23+08:00][sql] SELECT COUNT(`id`) AS think_count FROM `my_camilouser` WHERE  `status` = 1 LIMIT 1 [ RunTime:0.000218s ]
[2024-09-13T08:25:23+08:00][sql] SHOW FULL COLUMNS FROM `my_user` [ RunTime:0.000458s ]
[2024-09-13T08:25:23+08:00][sql] SELECT COUNT(`id`) AS think_count FROM `my_user` WHERE  `status` = 1 LIMIT 1 [ RunTime:0.000217s ]
[2024-09-13T08:25:23+08:00][sql] SELECT COUNT(`id`) AS think_count FROM `my_camilouser` WHERE  1  LIMIT 1 [ RunTime:0.000198s ]
[2024-09-13T08:25:23+08:00][sql] SHOW FULL COLUMNS FROM `my_config` [ RunTime:0.000677s ]
[2024-09-13T08:25:23+08:00][sql] SELECT * FROM `my_config` WHERE  `type` = 'system' LIMIT 1 [ RunTime:0.000287s ]
[2024-09-13T08:25:23+08:00][sql] SELECT * FROM `my_config` WHERE  `type` = 'system' LIMIT 1 [ RunTime:0.000247s ]
[2024-09-13T08:25:23+08:00][sql] SELECT * FROM `my_config` WHERE  `type` = 'system' LIMIT 1 [ RunTime:0.000295s ]
[2024-09-13T08:25:23+08:00][sql] SELECT * FROM `my_config` WHERE  `type` = 'system' LIMIT 1 [ RunTime:0.000246s ]
[2024-09-13T08:25:41+08:00][sql] CONNECT:[ UseTime:0.023079s ] mysql:host=127.0.0.1;port=3306;dbname=ymyz_cn;charset=utf8
[2024-09-13T08:25:41+08:00][sql] SHOW FULL COLUMNS FROM `my_config` [ RunTime:0.000594s ]
[2024-09-13T08:25:41+08:00][sql] SELECT * FROM `my_config` WHERE  `type` = 'system' LIMIT 1 [ RunTime:0.000302s ]
[2024-09-13T08:25:41+08:00][sql] SELECT * FROM `my_config` WHERE  `type` = 'system' LIMIT 1 [ RunTime:0.000248s ]
[2024-09-13T08:25:41+08:00][sql] SELECT * FROM `my_config` WHERE  `type` = 'storage' LIMIT 1 [ RunTime:0.000276s ]
[2024-09-13T08:25:41+08:00][sql] SELECT * FROM `my_config` WHERE  `type` = 'storage' LIMIT 1 [ RunTime:0.000246s ]
[2024-09-13T08:25:41+08:00][sql] SELECT * FROM `my_config` WHERE  `type` = 'email' LIMIT 1 [ RunTime:0.000241s ]
[2024-09-13T08:25:41+08:00][sql] SELECT * FROM `my_config` WHERE  `type` = 'email' LIMIT 1 [ RunTime:0.000230s ]
[2024-09-13T08:25:41+08:00][sql] SELECT * FROM `my_config` WHERE  `type` = 'weixin' LIMIT 1 [ RunTime:0.000308s ]
[2024-09-13T08:25:41+08:00][sql] SELECT * FROM `my_config` WHERE  `type` = 'weixin' LIMIT 1 [ RunTime:0.000358s ]
[2024-09-13T08:25:41+08:00][sql] SELECT * FROM `my_config` WHERE  `type` = 'wxapp' LIMIT 1 [ RunTime:0.000378s ]
[2024-09-13T08:25:41+08:00][sql] SELECT * FROM `my_config` WHERE  `type` = 'wxapp' LIMIT 1 [ RunTime:0.000370s ]
[2024-09-13T08:25:41+08:00][sql] SELECT * FROM `my_config` WHERE  `type` = 'wxpay' LIMIT 1 [ RunTime:0.000346s ]
[2024-09-13T08:25:41+08:00][sql] SELECT * FROM `my_config` WHERE  `type` = 'wxpay' LIMIT 1 [ RunTime:0.000249s ]
[2024-09-13T08:25:41+08:00][sql] SELECT * FROM `my_config` WHERE  `type` = 'jwttoken' LIMIT 1 [ RunTime:0.000224s ]
[2024-09-13T08:25:41+08:00][sql] SELECT * FROM `my_config` WHERE  `type` = 'jwttoken' LIMIT 1 [ RunTime:0.000186s ]
[2024-09-13T08:25:41+08:00][sql] SELECT * FROM `my_config` WHERE  `type` = 'system' LIMIT 1 [ RunTime:0.000377s ]
[2024-09-13T08:25:41+08:00][sql] SELECT * FROM `my_config` WHERE  `type` = 'system' LIMIT 1 [ RunTime:0.000353s ]
[2024-09-13T08:25:41+08:00][sql] SELECT * FROM `my_config` WHERE  `type` = 'system' LIMIT 1 [ RunTime:0.000419s ]
[2024-09-13T08:25:41+08:00][sql] SELECT * FROM `my_config` WHERE  `type` = 'system' LIMIT 1 [ RunTime:0.000343s ]
[2024-09-13T08:54:22+08:00][sql] CONNECT:[ UseTime:0.000986s ] mysql:host=127.0.0.1;port=3306;dbname=ymyz_cn;charset=utf8
[2024-09-13T08:54:22+08:00][sql] SHOW FULL COLUMNS FROM `my_config` [ RunTime:0.000683s ]
[2024-09-13T08:54:22+08:00][sql] SELECT * FROM `my_config` WHERE  `type` = 'system' LIMIT 1 [ RunTime:0.000379s ]
[2024-09-13T08:54:22+08:00][sql] SELECT * FROM `my_config` WHERE  `type` = 'system' LIMIT 1 [ RunTime:0.000260s ]
[2024-09-13T08:54:22+08:00][sql] SELECT * FROM `my_config` WHERE  `type` = 'system' LIMIT 1 [ RunTime:0.000274s ]
[2024-09-13T08:54:22+08:00][sql] SELECT * FROM `my_config` WHERE  `type` = 'system' LIMIT 1 [ RunTime:0.000253s ]
[2024-09-13T08:54:22+08:00][sql] CONNECT:[ UseTime:0.000921s ] mysql:host=127.0.0.1;port=3306;dbname=ymyz_cn;charset=utf8
[2024-09-13T08:54:22+08:00][sql] SHOW FULL COLUMNS FROM `my_camilo` [ RunTime:0.000684s ]
[2024-09-13T08:54:22+08:00][sql] SELECT COUNT(*) AS think_count FROM `my_camilo` LIMIT 1 [ RunTime:0.000260s ]
[2024-09-13T08:54:22+08:00][sql] SELECT * FROM `my_camilo` ORDER BY `id` DESC LIMIT 0,10 [ RunTime:0.000342s ]
[2024-09-13T08:54:22+08:00][sql] SHOW FULL COLUMNS FROM `my_software` [ RunTime:0.000612s ]
[2024-09-13T08:54:22+08:00][sql] SELECT * FROM `my_software` WHERE  `id` = 2 LIMIT 1 [ RunTime:0.000293s ]
[2024-09-13T08:54:22+08:00][sql] SHOW FULL COLUMNS FROM `my_card` [ RunTime:0.000554s ]
[2024-09-13T08:54:22+08:00][sql] SELECT * FROM `my_card` WHERE  `id` = 7  AND `pid` = 2 LIMIT 1 [ RunTime:0.000242s ]
[2024-09-13T08:54:22+08:00][sql] SELECT * FROM `my_software` WHERE  `id` = 2 LIMIT 1 [ RunTime:0.000303s ]
[2024-09-13T08:54:22+08:00][sql] SELECT * FROM `my_card` WHERE  `id` = 7  AND `pid` = 2 LIMIT 1 [ RunTime:0.000237s ]
[2024-09-13T08:54:22+08:00][sql] SELECT * FROM `my_software` WHERE  `id` = 2 LIMIT 1 [ RunTime:0.000247s ]
[2024-09-13T08:54:22+08:00][sql] SELECT * FROM `my_card` WHERE  `id` = 7  AND `pid` = 2 LIMIT 1 [ RunTime:0.000340s ]
[2024-09-13T08:54:22+08:00][sql] SELECT * FROM `my_software` WHERE  `id` = 2 LIMIT 1 [ RunTime:0.000201s ]
[2024-09-13T08:54:22+08:00][sql] SELECT * FROM `my_card` WHERE  `id` = 7  AND `pid` = 2 LIMIT 1 [ RunTime:0.000191s ]
[2024-09-13T08:54:22+08:00][sql] SELECT * FROM `my_software` WHERE  `id` = 2 LIMIT 1 [ RunTime:0.000222s ]
[2024-09-13T08:54:22+08:00][sql] SELECT * FROM `my_card` WHERE  `id` = 7  AND `pid` = 2 LIMIT 1 [ RunTime:0.000279s ]
[2024-09-13T08:54:22+08:00][sql] SELECT * FROM `my_software` WHERE  `id` = 2 LIMIT 1 [ RunTime:0.000340s ]
[2024-09-13T08:54:22+08:00][sql] SELECT * FROM `my_card` WHERE  `id` = 9  AND `pid` = 2 LIMIT 1 [ RunTime:0.000332s ]
[2024-09-13T08:54:22+08:00][sql] SELECT * FROM `my_software` WHERE  `id` = 2 LIMIT 1 [ RunTime:0.000321s ]
[2024-09-13T08:54:22+08:00][sql] SELECT * FROM `my_card` WHERE  `id` = 9  AND `pid` = 2 LIMIT 1 [ RunTime:0.000189s ]
[2024-09-13T08:54:22+08:00][sql] SELECT * FROM `my_software` WHERE  `id` = 2 LIMIT 1 [ RunTime:0.000194s ]
[2024-09-13T08:54:22+08:00][sql] SELECT * FROM `my_card` WHERE  `id` = 9  AND `pid` = 2 LIMIT 1 [ RunTime:0.000197s ]
[2024-09-13T08:54:22+08:00][sql] SELECT * FROM `my_software` WHERE  `id` = 2 LIMIT 1 [ RunTime:0.000216s ]
[2024-09-13T08:54:22+08:00][sql] SELECT * FROM `my_card` WHERE  `id` = 9  AND `pid` = 2 LIMIT 1 [ RunTime:0.000263s ]
[2024-09-13T08:54:22+08:00][sql] SELECT * FROM `my_software` WHERE  `id` = 2 LIMIT 1 [ RunTime:0.000364s ]
[2024-09-13T08:54:22+08:00][sql] SELECT * FROM `my_card` WHERE  `id` = 9  AND `pid` = 2 LIMIT 1 [ RunTime:0.000184s ]
[2024-09-13T08:54:31+08:00][sql] CONNECT:[ UseTime:0.022934s ] mysql:host=127.0.0.1;port=3306;dbname=ymyz_cn;charset=utf8
[2024-09-13T08:54:31+08:00][sql] SHOW FULL COLUMNS FROM `my_camilo` [ RunTime:0.001462s ]
[2024-09-13T08:54:31+08:00][sql] SELECT COUNT(*) AS think_count FROM `my_camilo` LIMIT 1 [ RunTime:0.000392s ]
[2024-09-13T08:54:31+08:00][sql] SELECT * FROM `my_camilo` ORDER BY `id` DESC LIMIT 10,10 [ RunTime:0.000342s ]
[2024-09-13T08:54:31+08:00][sql] SHOW FULL COLUMNS FROM `my_software` [ RunTime:0.000590s ]
[2024-09-13T08:54:31+08:00][sql] SELECT * FROM `my_software` WHERE  `id` = 2 LIMIT 1 [ RunTime:0.000298s ]
[2024-09-13T08:54:31+08:00][sql] SHOW FULL COLUMNS FROM `my_card` [ RunTime:0.001124s ]
[2024-09-13T08:54:31+08:00][sql] SELECT * FROM `my_card` WHERE  `id` = 6  AND `pid` = 2 LIMIT 1 [ RunTime:0.000241s ]
[2024-09-13T08:54:31+08:00][sql] SELECT * FROM `my_software` WHERE  `id` = 2 LIMIT 1 [ RunTime:0.000299s ]
[2024-09-13T08:54:31+08:00][sql] SELECT * FROM `my_card` WHERE  `id` = 6  AND `pid` = 2 LIMIT 1 [ RunTime:0.000237s ]
[2024-09-13T08:54:31+08:00][sql] SELECT * FROM `my_software` WHERE  `id` = 2 LIMIT 1 [ RunTime:0.000254s ]
[2024-09-13T08:54:31+08:00][sql] SELECT * FROM `my_card` WHERE  `id` = 6  AND `pid` = 2 LIMIT 1 [ RunTime:0.000219s ]
[2024-09-13T08:54:31+08:00][sql] SELECT * FROM `my_software` WHERE  `id` = 2 LIMIT 1 [ RunTime:0.000225s ]
[2024-09-13T08:54:31+08:00][sql] SELECT * FROM `my_card` WHERE  `id` = 6  AND `pid` = 2 LIMIT 1 [ RunTime:0.000230s ]
[2024-09-13T08:54:31+08:00][sql] SELECT * FROM `my_software` WHERE  `id` = 2 LIMIT 1 [ RunTime:0.000249s ]
[2024-09-13T08:54:31+08:00][sql] SELECT * FROM `my_card` WHERE  `id` = 6  AND `pid` = 2 LIMIT 1 [ RunTime:0.000189s ]
[2024-09-13T08:54:31+08:00][sql] SELECT * FROM `my_software` WHERE  `id` = 1 LIMIT 1 [ RunTime:0.000165s ]
[2024-09-13T08:54:31+08:00][sql] SELECT * FROM `my_card` WHERE  `id` = 3  AND `pid` = 1 LIMIT 1 [ RunTime:0.000154s ]
[2024-09-13T08:54:31+08:00][sql] SELECT * FROM `my_software` WHERE  `id` = 1 LIMIT 1 [ RunTime:0.000184s ]
[2024-09-13T08:54:31+08:00][sql] SELECT * FROM `my_card` WHERE  `id` = 3  AND `pid` = 1 LIMIT 1 [ RunTime:0.000153s ]
[2024-09-13T08:54:31+08:00][sql] SELECT * FROM `my_software` WHERE  `id` = 1 LIMIT 1 [ RunTime:0.000164s ]
[2024-09-13T08:54:31+08:00][sql] SELECT * FROM `my_card` WHERE  `id` = 3  AND `pid` = 1 LIMIT 1 [ RunTime:0.000153s ]
[2024-09-13T08:54:31+08:00][sql] SELECT * FROM `my_software` WHERE  `id` = 1 LIMIT 1 [ RunTime:0.000182s ]
[2024-09-13T08:54:31+08:00][sql] SELECT * FROM `my_card` WHERE  `id` = 3  AND `pid` = 1 LIMIT 1 [ RunTime:0.000153s ]
[2024-09-13T08:54:31+08:00][sql] SELECT * FROM `my_software` WHERE  `id` = 1 LIMIT 1 [ RunTime:0.000161s ]
[2024-09-13T08:54:31+08:00][sql] SELECT * FROM `my_card` WHERE  `id` = 3  AND `pid` = 1 LIMIT 1 [ RunTime:0.000156s ]
[2024-09-13T10:59:37+08:00][sql] CONNECT:[ UseTime:0.001077s ] mysql:host=127.0.0.1;port=3306;dbname=ymyz_cn;charset=utf8
[2024-09-13T10:59:37+08:00][sql] SHOW FULL COLUMNS FROM `my_config` [ RunTime:0.000787s ]
[2024-09-13T10:59:37+08:00][sql] SELECT * FROM `my_config` WHERE  `type` = 'system' LIMIT 1 [ RunTime:0.000382s ]
[2024-09-13T10:59:37+08:00][sql] SELECT * FROM `my_config` WHERE  `type` = 'system' LIMIT 1 [ RunTime:0.000252s ]
[2024-09-13T10:59:37+08:00][sql] SELECT * FROM `my_config` WHERE  `type` = 'system' LIMIT 1 [ RunTime:0.000320s ]
[2024-09-13T10:59:37+08:00][sql] SELECT * FROM `my_config` WHERE  `type` = 'system' LIMIT 1 [ RunTime:0.000248s ]
[2024-09-13T10:59:37+08:00][sql] CONNECT:[ UseTime:0.024013s ] mysql:host=127.0.0.1;port=3306;dbname=ymyz_cn;charset=utf8
[2024-09-13T10:59:37+08:00][sql] SHOW FULL COLUMNS FROM `my_software` [ RunTime:0.000742s ]
[2024-09-13T10:59:37+08:00][sql] SELECT COUNT(*) AS think_count FROM `my_software` LIMIT 1 [ RunTime:0.000258s ]
[2024-09-13T10:59:37+08:00][sql] SELECT * FROM `my_software` LIMIT 0,15 [ RunTime:0.000306s ]
[2024-09-13T10:59:37+08:00][sql] SHOW FULL COLUMNS FROM `my_classify` [ RunTime:0.000553s ]
[2024-09-13T10:59:37+08:00][sql] SELECT * FROM `my_classify` WHERE  `id` = 1 [ RunTime:0.000385s ]
[2024-09-13T10:59:40+08:00][sql] CONNECT:[ UseTime:0.019782s ] mysql:host=127.0.0.1;port=3306;dbname=ymyz_cn;charset=utf8
[2024-09-13T10:59:40+08:00][sql] SHOW FULL COLUMNS FROM `my_software` [ RunTime:0.000664s ]
[2024-09-13T10:59:40+08:00][sql] SELECT * FROM `my_software` WHERE  `id` = 2 LIMIT 1 [ RunTime:0.000372s ]
[2024-09-13T11:01:55+08:00][sql] CONNECT:[ UseTime:0.021372s ] mysql:host=127.0.0.1;port=3306;dbname=ymyz_cn;charset=utf8
[2024-09-13T11:01:55+08:00][sql] SHOW FULL COLUMNS FROM `my_camilo` [ RunTime:0.000692s ]
[2024-09-13T11:01:55+08:00][sql] SELECT COUNT(*) AS think_count FROM `my_camilo` LIMIT 1 [ RunTime:0.000231s ]
[2024-09-13T11:01:55+08:00][sql] SELECT * FROM `my_camilo` ORDER BY `id` DESC LIMIT 0,10 [ RunTime:0.000270s ]
[2024-09-13T11:01:55+08:00][sql] SHOW FULL COLUMNS FROM `my_software` [ RunTime:0.000501s ]
[2024-09-13T11:01:55+08:00][sql] SELECT * FROM `my_software` WHERE  `id` = 2 LIMIT 1 [ RunTime:0.000269s ]
[2024-09-13T11:01:55+08:00][sql] SHOW FULL COLUMNS FROM `my_card` [ RunTime:0.028178s ]
[2024-09-13T11:01:55+08:00][sql] SELECT * FROM `my_card` WHERE  `id` = 7  AND `pid` = 2 LIMIT 1 [ RunTime:0.000434s ]
[2024-09-13T11:01:55+08:00][sql] SELECT * FROM `my_software` WHERE  `id` = 2 LIMIT 1 [ RunTime:0.000257s ]
[2024-09-13T11:01:55+08:00][sql] SELECT * FROM `my_card` WHERE  `id` = 7  AND `pid` = 2 LIMIT 1 [ RunTime:0.000246s ]
[2024-09-13T11:01:55+08:00][sql] SELECT * FROM `my_software` WHERE  `id` = 2 LIMIT 1 [ RunTime:0.000239s ]
[2024-09-13T11:01:55+08:00][sql] SELECT * FROM `my_card` WHERE  `id` = 7  AND `pid` = 2 LIMIT 1 [ RunTime:0.000223s ]
[2024-09-13T11:01:55+08:00][sql] SELECT * FROM `my_software` WHERE  `id` = 2 LIMIT 1 [ RunTime:0.000280s ]
[2024-09-13T11:01:55+08:00][sql] SELECT * FROM `my_card` WHERE  `id` = 7  AND `pid` = 2 LIMIT 1 [ RunTime:0.000222s ]
[2024-09-13T11:01:55+08:00][sql] SELECT * FROM `my_software` WHERE  `id` = 2 LIMIT 1 [ RunTime:0.000230s ]
[2024-09-13T11:01:55+08:00][sql] SELECT * FROM `my_card` WHERE  `id` = 7  AND `pid` = 2 LIMIT 1 [ RunTime:0.000212s ]
[2024-09-13T11:01:55+08:00][sql] SELECT * FROM `my_software` WHERE  `id` = 2 LIMIT 1 [ RunTime:0.000201s ]
[2024-09-13T11:01:55+08:00][sql] SELECT * FROM `my_card` WHERE  `id` = 9  AND `pid` = 2 LIMIT 1 [ RunTime:0.000178s ]
[2024-09-13T11:01:55+08:00][sql] SELECT * FROM `my_software` WHERE  `id` = 2 LIMIT 1 [ RunTime:0.000180s ]
[2024-09-13T11:01:55+08:00][sql] SELECT * FROM `my_card` WHERE  `id` = 9  AND `pid` = 2 LIMIT 1 [ RunTime:0.000172s ]
[2024-09-13T11:01:55+08:00][sql] SELECT * FROM `my_software` WHERE  `id` = 2 LIMIT 1 [ RunTime:0.000169s ]
[2024-09-13T11:01:55+08:00][sql] SELECT * FROM `my_card` WHERE  `id` = 9  AND `pid` = 2 LIMIT 1 [ RunTime:0.000158s ]
[2024-09-13T11:01:55+08:00][sql] SELECT * FROM `my_software` WHERE  `id` = 2 LIMIT 1 [ RunTime:0.000168s ]
[2024-09-13T11:01:55+08:00][sql] SELECT * FROM `my_card` WHERE  `id` = 9  AND `pid` = 2 LIMIT 1 [ RunTime:0.000170s ]
[2024-09-13T11:01:55+08:00][sql] SELECT * FROM `my_software` WHERE  `id` = 2 LIMIT 1 [ RunTime:0.000166s ]
[2024-09-13T11:01:55+08:00][sql] SELECT * FROM `my_card` WHERE  `id` = 9  AND `pid` = 2 LIMIT 1 [ RunTime:0.000159s ]
[2024-09-13T11:54:47+08:00][sql] CONNECT:[ UseTime:0.017110s ] mysql:host=127.0.0.1;port=3306;dbname=ymyz_cn;charset=utf8
[2024-09-13T11:54:47+08:00][sql] SHOW FULL COLUMNS FROM `my_software` [ RunTime:0.000643s ]
[2024-09-13T11:54:47+08:00][sql] UPDATE `my_software`  SET `id` = 2 , `thebuckle` = '24' , `time_mod` = 1 , `ryptedPass` = 'kU1VDCcxQGZFrBvMd45fnPbzOw9gjl6Ht7i2a0mRWSq3hAYuNpso' , `moremachine` = 1 , `setNumber` = '1' , `update_time` = 1726199687  WHERE  `id` = 2 [ RunTime:0.000378s ]
[2024-09-13T11:54:49+08:00][sql] CONNECT:[ UseTime:0.015448s ] mysql:host=127.0.0.1;port=3306;dbname=ymyz_cn;charset=utf8
[2024-09-13T11:54:49+08:00][sql] SHOW FULL COLUMNS FROM `my_software` [ RunTime:0.000753s ]
[2024-09-13T11:54:49+08:00][sql] SELECT COUNT(*) AS think_count FROM `my_software` LIMIT 1 [ RunTime:0.000253s ]
[2024-09-13T11:54:49+08:00][sql] SELECT * FROM `my_software` LIMIT 0,15 [ RunTime:0.000199s ]
[2024-09-13T11:54:49+08:00][sql] SHOW FULL COLUMNS FROM `my_classify` [ RunTime:0.000512s ]
[2024-09-13T11:54:49+08:00][sql] SELECT * FROM `my_classify` WHERE  `id` = 1 [ RunTime:0.000243s ]
[2024-09-13T12:00:17+08:00][sql] CONNECT:[ UseTime:0.023149s ] mysql:host=127.0.0.1;port=3306;dbname=ymyz_cn;charset=utf8
[2024-09-13T12:00:17+08:00][sql] SHOW FULL COLUMNS FROM `my_software` [ RunTime:0.000921s ]
[2024-09-13T12:00:17+08:00][sql] SELECT * FROM `my_software` WHERE  `id` = 2 LIMIT 1 [ RunTime:0.000538s ]
[2024-09-13T12:02:39+08:00][sql] CONNECT:[ UseTime:0.021441s ] mysql:host=127.0.0.1;port=3306;dbname=ymyz_cn;charset=utf8
[2024-09-13T12:02:39+08:00][sql] SHOW FULL COLUMNS FROM `my_software` [ RunTime:0.000748s ]
[2024-09-13T12:02:39+08:00][sql] SELECT * FROM `my_software` WHERE  `id` = 2 LIMIT 1 [ RunTime:0.000331s ]
[2024-09-13T12:02:39+08:00][sql] CONNECT:[ UseTime:0.011617s ] mysql:host=127.0.0.1;port=3306;dbname=ymyz_cn;charset=utf8
[2024-09-13T12:02:39+08:00][sql] SHOW FULL COLUMNS FROM `my_classify` [ RunTime:0.001625s ]
[2024-09-13T12:02:39+08:00][sql] SELECT * FROM `my_classify` [ RunTime:0.000272s ]
[2024-09-13T12:02:51+08:00][sql] CONNECT:[ UseTime:0.013798s ] mysql:host=127.0.0.1;port=3306;dbname=ymyz_cn;charset=utf8
[2024-09-13T12:02:51+08:00][sql] SHOW FULL COLUMNS FROM `my_software` [ RunTime:0.000730s ]
[2024-09-13T12:02:51+08:00][sql] SELECT * FROM `my_software` WHERE  `id` = 1 LIMIT 1 [ RunTime:0.000328s ]
[2024-09-13T12:02:51+08:00][sql] CONNECT:[ UseTime:0.016108s ] mysql:host=127.0.0.1;port=3306;dbname=ymyz_cn;charset=utf8
[2024-09-13T12:02:51+08:00][sql] SHOW FULL COLUMNS FROM `my_classify` [ RunTime:0.001260s ]
[2024-09-13T12:02:51+08:00][sql] SELECT * FROM `my_classify` [ RunTime:0.000236s ]
[2024-09-13T12:02:54+08:00][sql] CONNECT:[ UseTime:0.001105s ] mysql:host=127.0.0.1;port=3306;dbname=ymyz_cn;charset=utf8
[2024-09-13T12:02:54+08:00][sql] SHOW FULL COLUMNS FROM `my_software` [ RunTime:0.001036s ]
[2024-09-13T12:02:54+08:00][sql] SELECT * FROM `my_software` WHERE  `id` = 2 LIMIT 1 [ RunTime:0.000398s ]
[2024-09-13T12:03:39+08:00][sql] CONNECT:[ UseTime:0.001269s ] mysql:host=127.0.0.1;port=3306;dbname=ymyz_cn;charset=utf8
[2024-09-13T12:03:39+08:00][sql] SHOW FULL COLUMNS FROM `my_software` [ RunTime:0.000758s ]
[2024-09-13T12:03:39+08:00][sql] SELECT * FROM `my_software` WHERE  `id` = 2 LIMIT 1 [ RunTime:0.000293s ]
[2024-09-13T12:03:41+08:00][sql] CONNECT:[ UseTime:0.001065s ] mysql:host=127.0.0.1;port=3306;dbname=ymyz_cn;charset=utf8
[2024-09-13T12:03:41+08:00][sql] SHOW FULL COLUMNS FROM `my_software` [ RunTime:0.000937s ]
[2024-09-13T12:03:41+08:00][sql] UPDATE `my_software`  SET `id` = 2 , `thebuckle` = '24' , `time_mod` = 1 , `ryptedPass` = 'kU1VDCcxQGZFrBvMd45fnPbzOw9gjl6Ht7i2a0mRWSq3hAYuNpso' , `moremachine` = 2 , `setNumber` = '1' , `update_time` = 1726200221  WHERE  `id` = 2 [ RunTime:0.000386s ]
[2024-09-13T12:03:42+08:00][sql] CONNECT:[ UseTime:0.014076s ] mysql:host=127.0.0.1;port=3306;dbname=ymyz_cn;charset=utf8
[2024-09-13T12:03:42+08:00][sql] SHOW FULL COLUMNS FROM `my_software` [ RunTime:0.000825s ]
[2024-09-13T12:03:42+08:00][sql] SELECT COUNT(*) AS think_count FROM `my_software` LIMIT 1 [ RunTime:0.000369s ]
[2024-09-13T12:03:42+08:00][sql] SELECT * FROM `my_software` LIMIT 0,15 [ RunTime:0.000230s ]
[2024-09-13T12:03:42+08:00][sql] SHOW FULL COLUMNS FROM `my_classify` [ RunTime:0.000463s ]
[2024-09-13T12:03:42+08:00][sql] SELECT * FROM `my_classify` WHERE  `id` = 1 [ RunTime:0.000318s ]
[2024-09-13T12:46:31+08:00][sql] CONNECT:[ UseTime:0.012846s ] mysql:host=127.0.0.1;port=3306;dbname=ymyz_cn;charset=utf8
[2024-09-13T12:46:31+08:00][sql] SHOW FULL COLUMNS FROM `my_software` [ RunTime:0.000584s ]
[2024-09-13T12:46:31+08:00][sql] SELECT * FROM `my_software` WHERE  `id` = 2 LIMIT 1 [ RunTime:0.000266s ]
[2024-09-13T12:46:33+08:00][sql] CONNECT:[ UseTime:0.016141s ] mysql:host=127.0.0.1;port=3306;dbname=ymyz_cn;charset=utf8
[2024-09-13T12:46:33+08:00][sql] SHOW FULL COLUMNS FROM `my_software` [ RunTime:0.000659s ]
[2024-09-13T12:46:33+08:00][sql] UPDATE `my_software`  SET `id` = 2 , `thebuckle` = '24' , `time_mod` = 1 , `ryptedPass` = 'kU1VDCcxQGZFrBvMd45fnPbzOw9gjl6Ht7i2a0mRWSq3hAYuNpso' , `moremachine` = 1 , `setNumber` = '1' , `update_time` = 1726202793  WHERE  `id` = 2 [ RunTime:0.000976s ]
[2024-09-13T12:46:35+08:00][sql] CONNECT:[ UseTime:0.000986s ] mysql:host=127.0.0.1;port=3306;dbname=ymyz_cn;charset=utf8
[2024-09-13T12:46:35+08:00][sql] SHOW FULL COLUMNS FROM `my_software` [ RunTime:0.000645s ]
[2024-09-13T12:46:35+08:00][sql] SELECT COUNT(*) AS think_count FROM `my_software` LIMIT 1 [ RunTime:0.000297s ]
[2024-09-13T12:46:35+08:00][sql] SELECT * FROM `my_software` LIMIT 0,15 [ RunTime:0.000250s ]
[2024-09-13T12:46:35+08:00][sql] SHOW FULL COLUMNS FROM `my_classify` [ RunTime:0.000477s ]
[2024-09-13T12:46:35+08:00][sql] SELECT * FROM `my_classify` WHERE  `id` = 1 [ RunTime:0.000267s ]
[2024-09-13T12:47:30+08:00][sql] CONNECT:[ UseTime:0.000950s ] mysql:host=127.0.0.1;port=3306;dbname=ymyz_cn;charset=utf8
[2024-09-13T12:47:30+08:00][sql] SHOW FULL COLUMNS FROM `my_software` [ RunTime:0.000632s ]
[2024-09-13T12:47:30+08:00][sql] SELECT * FROM `my_software` WHERE  `id` = 2 LIMIT 1 [ RunTime:0.000383s ]
[2024-09-13T12:47:32+08:00][sql] CONNECT:[ UseTime:0.001062s ] mysql:host=127.0.0.1;port=3306;dbname=ymyz_cn;charset=utf8
[2024-09-13T12:47:32+08:00][sql] SHOW FULL COLUMNS FROM `my_software` [ RunTime:0.000786s ]
[2024-09-13T12:47:32+08:00][sql] UPDATE `my_software`  SET `id` = 2 , `thebuckle` = '24' , `time_mod` = 1 , `ryptedPass` = 'kU1VDCcxQGZFrBvMd45fnPbzOw9gjl6Ht7i2a0mRWSq3hAYuNpso' , `moremachine` = 1 , `setNumber` = '2' , `update_time` = 1726202852  WHERE  `id` = 2 [ RunTime:0.001118s ]
[2024-09-13T12:47:34+08:00][sql] CONNECT:[ UseTime:0.000768s ] mysql:host=127.0.0.1;port=3306;dbname=ymyz_cn;charset=utf8
[2024-09-13T12:47:34+08:00][sql] SHOW FULL COLUMNS FROM `my_software` [ RunTime:0.000567s ]
[2024-09-13T12:47:34+08:00][sql] SELECT COUNT(*) AS think_count FROM `my_software` LIMIT 1 [ RunTime:0.000212s ]
[2024-09-13T12:47:34+08:00][sql] SELECT * FROM `my_software` LIMIT 0,15 [ RunTime:0.000252s ]
[2024-09-13T12:47:34+08:00][sql] SHOW FULL COLUMNS FROM `my_classify` [ RunTime:0.000529s ]
[2024-09-13T12:47:34+08:00][sql] SELECT * FROM `my_classify` WHERE  `id` = 1 [ RunTime:0.000243s ]
[2024-09-13T14:38:56+08:00][sql] CONNECT:[ UseTime:0.001073s ] mysql:host=127.0.0.1;port=3306;dbname=ymyz_cn;charset=utf8
[2024-09-13T14:38:56+08:00][sql] SHOW FULL COLUMNS FROM `my_software` [ RunTime:0.000617s ]
[2024-09-13T14:38:56+08:00][sql] SELECT * FROM `my_software` WHERE  `id` = 2 LIMIT 1 [ RunTime:0.000224s ]
[2024-09-13T15:17:21+08:00][sql] CONNECT:[ UseTime:0.010669s ] mysql:host=127.0.0.1;port=3306;dbname=ymyz_cn;charset=utf8
[2024-09-13T15:17:21+08:00][sql] SHOW FULL COLUMNS FROM `my_camilo` [ RunTime:0.000830s ]
[2024-09-13T15:17:21+08:00][sql] SELECT COUNT(*) AS think_count FROM `my_camilo` LIMIT 1 [ RunTime:0.000385s ]
[2024-09-13T15:17:21+08:00][sql] SELECT * FROM `my_camilo` ORDER BY `id` DESC LIMIT 0,10 [ RunTime:0.012254s ]
[2024-09-13T15:17:21+08:00][sql] SHOW FULL COLUMNS FROM `my_software` [ RunTime:0.000650s ]
[2024-09-13T15:17:21+08:00][sql] SELECT * FROM `my_software` WHERE  `id` = 2 LIMIT 1 [ RunTime:0.000229s ]
[2024-09-13T15:17:21+08:00][sql] SHOW FULL COLUMNS FROM `my_card` [ RunTime:0.000418s ]
[2024-09-13T15:17:21+08:00][sql] SELECT * FROM `my_card` WHERE  `id` = 7  AND `pid` = 2 LIMIT 1 [ RunTime:0.000371s ]
[2024-09-13T15:17:21+08:00][sql] SELECT * FROM `my_software` WHERE  `id` = 2 LIMIT 1 [ RunTime:0.000327s ]
[2024-09-13T15:17:21+08:00][sql] SELECT * FROM `my_card` WHERE  `id` = 7  AND `pid` = 2 LIMIT 1 [ RunTime:0.000187s ]
[2024-09-13T15:17:21+08:00][sql] SELECT * FROM `my_software` WHERE  `id` = 2 LIMIT 1 [ RunTime:0.000176s ]
[2024-09-13T15:17:21+08:00][sql] SELECT * FROM `my_card` WHERE  `id` = 7  AND `pid` = 2 LIMIT 1 [ RunTime:0.000163s ]
[2024-09-13T15:17:21+08:00][sql] SELECT * FROM `my_software` WHERE  `id` = 2 LIMIT 1 [ RunTime:0.000167s ]
[2024-09-13T15:17:21+08:00][sql] SELECT * FROM `my_card` WHERE  `id` = 7  AND `pid` = 2 LIMIT 1 [ RunTime:0.000158s ]
[2024-09-13T15:17:21+08:00][sql] SELECT * FROM `my_software` WHERE  `id` = 2 LIMIT 1 [ RunTime:0.000167s ]
[2024-09-13T15:17:21+08:00][sql] SELECT * FROM `my_card` WHERE  `id` = 7  AND `pid` = 2 LIMIT 1 [ RunTime:0.000178s ]
[2024-09-13T15:17:21+08:00][sql] SELECT * FROM `my_software` WHERE  `id` = 2 LIMIT 1 [ RunTime:0.000166s ]
[2024-09-13T15:17:21+08:00][sql] SELECT * FROM `my_card` WHERE  `id` = 9  AND `pid` = 2 LIMIT 1 [ RunTime:0.000157s ]
[2024-09-13T15:17:21+08:00][sql] SELECT * FROM `my_software` WHERE  `id` = 2 LIMIT 1 [ RunTime:0.000163s ]
[2024-09-13T15:17:21+08:00][sql] SELECT * FROM `my_card` WHERE  `id` = 9  AND `pid` = 2 LIMIT 1 [ RunTime:0.000193s ]
[2024-09-13T15:17:21+08:00][sql] SELECT * FROM `my_software` WHERE  `id` = 2 LIMIT 1 [ RunTime:0.000164s ]
[2024-09-13T15:17:21+08:00][sql] SELECT * FROM `my_card` WHERE  `id` = 9  AND `pid` = 2 LIMIT 1 [ RunTime:0.000158s ]
[2024-09-13T15:17:21+08:00][sql] SELECT * FROM `my_software` WHERE  `id` = 2 LIMIT 1 [ RunTime:0.000164s ]
[2024-09-13T15:17:21+08:00][sql] SELECT * FROM `my_card` WHERE  `id` = 9  AND `pid` = 2 LIMIT 1 [ RunTime:0.000189s ]
[2024-09-13T15:17:21+08:00][sql] SELECT * FROM `my_software` WHERE  `id` = 2 LIMIT 1 [ RunTime:0.000166s ]
[2024-09-13T15:17:21+08:00][sql] SELECT * FROM `my_card` WHERE  `id` = 9  AND `pid` = 2 LIMIT 1 [ RunTime:0.000155s ]
[2024-09-13T18:23:26+08:00][sql] CONNECT:[ UseTime:0.001546s ] mysql:host=127.0.0.1;port=3306;dbname=ymyz_cn;charset=utf8
[2024-09-13T18:23:26+08:00][sql] SHOW FULL COLUMNS FROM `my_software` [ RunTime:0.001928s ]
[2024-09-13T18:23:26+08:00][sql] SELECT * FROM `my_software` WHERE  `id` = 1 LIMIT 1 [ RunTime:0.000390s ]
[2024-09-13T18:23:30+08:00][sql] CONNECT:[ UseTime:0.001245s ] mysql:host=127.0.0.1;port=3306;dbname=ymyz_cn;charset=utf8
[2024-09-13T18:23:30+08:00][sql] SHOW FULL COLUMNS FROM `my_software` [ RunTime:0.001023s ]
[2024-09-13T18:23:30+08:00][sql] SELECT * FROM `my_software` WHERE  `id` = 2 LIMIT 1 [ RunTime:0.001123s ]
[2024-09-13T18:23:30+08:00][sql] CONNECT:[ UseTime:0.001203s ] mysql:host=127.0.0.1;port=3306;dbname=ymyz_cn;charset=utf8
[2024-09-13T18:23:30+08:00][sql] SHOW FULL COLUMNS FROM `my_classify` [ RunTime:0.001801s ]
[2024-09-13T18:23:30+08:00][sql] SELECT * FROM `my_classify` [ RunTime:0.000411s ]
